[0.010s] Invoking command in '/home/dl/ros2_ws/build/more_interfaces': CMAKE_PREFIX_PATH=/opt/ros/humble /usr/bin/cmake --build /home/dl/ros2_ws/build/more_interfaces -- -j16 -l16
[0.041s] [35m[1mConsolidate compiler generated dependencies of target more_interfaces__rosidl_generator_c[0m
[0.047s] [  3%] Built target more_interfaces__cpp
[0.047s] [ 12%] Built target more_interfaces__rosidl_generator_c
[0.054s] [ 12%] Built target ament_cmake_python_copy_more_interfaces
[0.054s] [35m[1mConsolidate compiler generated dependencies of target more_interfaces__rosidl_typesupport_cpp[0m
[0.054s] [35m[1mConsolidate compiler generated dependencies of target more_interfaces__rosidl_typesupport_introspection_cpp[0m
[0.054s] [35m[1mConsolidate compiler generated dependencies of target more_interfaces__rosidl_typesupport_fastrtps_cpp[0m
[0.062s] [ 27%] Built target more_interfaces__rosidl_typesupport_introspection_cpp
[0.063s] [ 30%] Built target more_interfaces__rosidl_typesupport_cpp
[0.063s] [35m[1mConsolidate compiler generated dependencies of target more_interfaces__rosidl_typesupport_c[0m
[0.063s] [35m[1mConsolidate compiler generated dependencies of target more_interfaces__rosidl_typesupport_introspection_c[0m
[0.063s] [ 39%] Built target more_interfaces__rosidl_typesupport_fastrtps_cpp
[0.063s] [35m[1mConsolidate compiler generated dependencies of target more_interfaces__rosidl_typesupport_fastrtps_c[0m
[0.071s] [ 66%] Built target more_interfaces__rosidl_typesupport_introspection_c
[0.071s] [ 66%] Built target more_interfaces__rosidl_typesupport_c
[0.071s] [ 66%] Built target more_interfaces__rosidl_typesupport_fastrtps_c
[0.071s] [35m[1mConsolidate compiler generated dependencies of target publish_address_book[0m
[0.087s] [ 69%] Built target more_interfaces
[0.087s] [ 69%] [32mBuilding CXX object CMakeFiles/publish_address_book.dir/src/publish_address_book.cpp.o[0m
[0.105s] [ 72%] Built target more_interfaces__py
[0.113s] [35m[1mConsolidate compiler generated dependencies of target more_interfaces__rosidl_generator_py[0m
[0.124s] [ 78%] Built target more_interfaces__rosidl_generator_py
[0.134s] [35m[1mConsolidate compiler generated dependencies of target more_interfaces__rosidl_typesupport_fastrtps_c__pyext[0m
[0.134s] [35m[1mConsolidate compiler generated dependencies of target more_interfaces__rosidl_typesupport_c__pyext[0m
[0.134s] [35m[1mConsolidate compiler generated dependencies of target more_interfaces__rosidl_typesupport_introspection_c__pyext[0m
[0.146s] [ 96%] Built target more_interfaces__rosidl_typesupport_introspection_c__pyext
[0.146s] [ 96%] Built target more_interfaces__rosidl_typesupport_c__pyext
[0.146s] [ 96%] Built target more_interfaces__rosidl_typesupport_fastrtps_c__pyext
[0.272s] running egg_info
[0.272s] writing more_interfaces.egg-info/PKG-INFO
[0.273s] writing dependency_links to more_interfaces.egg-info/dependency_links.txt
[0.273s] writing top-level names to more_interfaces.egg-info/top_level.txt
[0.275s] reading manifest file 'more_interfaces.egg-info/SOURCES.txt'
[0.276s] writing manifest file 'more_interfaces.egg-info/SOURCES.txt'
[0.310s] [ 96%] Built target ament_cmake_python_build_more_interfaces_egg
[3.502s] [100%] [32m[1mLinking CXX executable publish_address_book[0m
[3.626s] [100%] Built target publish_address_book
[3.634s] Invoked command in '/home/dl/ros2_ws/build/more_interfaces' returned '0': CMAKE_PREFIX_PATH=/opt/ros/humble /usr/bin/cmake --build /home/dl/ros2_ws/build/more_interfaces -- -j16 -l16
[3.678s] Invoking command in '/home/dl/ros2_ws/build/more_interfaces': CMAKE_PREFIX_PATH=/opt/ros/humble /usr/bin/cmake --install /home/dl/ros2_ws/build/more_interfaces
[3.683s] -- Install configuration: ""
[3.683s] -- Up-to-date: /home/dl/ros2_ws/install/more_interfaces/share/ament_index/resource_index/rosidl_interfaces/more_interfaces
[3.683s] -- Up-to-date: /home/dl/ros2_ws/install/more_interfaces/include/more_interfaces/more_interfaces
[3.683s] -- Up-to-date: /home/dl/ros2_ws/install/more_interfaces/include/more_interfaces/more_interfaces/msg
[3.683s] -- Up-to-date: /home/dl/ros2_ws/install/more_interfaces/include/more_interfaces/more_interfaces/msg/detail
[3.683s] -- Up-to-date: /home/dl/ros2_ws/install/more_interfaces/include/more_interfaces/more_interfaces/msg/detail/address_book__functions.c
[3.683s] -- Up-to-date: /home/dl/ros2_ws/install/more_interfaces/include/more_interfaces/more_interfaces/msg/detail/address_book__type_support.h
[3.683s] -- Up-to-date: /home/dl/ros2_ws/install/more_interfaces/include/more_interfaces/more_interfaces/msg/detail/address_book__functions.h
[3.683s] -- Up-to-date: /home/dl/ros2_ws/install/more_interfaces/include/more_interfaces/more_interfaces/msg/detail/address_book__struct.h
[3.683s] -- Up-to-date: /home/dl/ros2_ws/install/more_interfaces/include/more_interfaces/more_interfaces/msg/rosidl_generator_c__visibility_control.h
[3.683s] -- Up-to-date: /home/dl/ros2_ws/install/more_interfaces/include/more_interfaces/more_interfaces/msg/address_book.h
[3.683s] -- Up-to-date: /home/dl/ros2_ws/install/more_interfaces/share/more_interfaces/environment/library_path.sh
[3.683s] -- Up-to-date: /home/dl/ros2_ws/install/more_interfaces/share/more_interfaces/environment/library_path.dsv
[3.684s] -- Up-to-date: /home/dl/ros2_ws/install/more_interfaces/lib/libmore_interfaces__rosidl_generator_c.so
[3.684s] -- Up-to-date: /home/dl/ros2_ws/install/more_interfaces/include/more_interfaces/more_interfaces
[3.684s] -- Up-to-date: /home/dl/ros2_ws/install/more_interfaces/include/more_interfaces/more_interfaces/msg
[3.684s] -- Up-to-date: /home/dl/ros2_ws/install/more_interfaces/include/more_interfaces/more_interfaces/msg/detail
[3.684s] -- Up-to-date: /home/dl/ros2_ws/install/more_interfaces/include/more_interfaces/more_interfaces/msg/detail/address_book__rosidl_typesupport_fastrtps_c.h
[3.684s] -- Up-to-date: /home/dl/ros2_ws/install/more_interfaces/include/more_interfaces/more_interfaces/msg/rosidl_typesupport_fastrtps_c__visibility_control.h
[3.684s] -- Up-to-date: /home/dl/ros2_ws/install/more_interfaces/lib/libmore_interfaces__rosidl_typesupport_fastrtps_c.so
[3.684s] -- Up-to-date: /home/dl/ros2_ws/install/more_interfaces/include/more_interfaces/more_interfaces
[3.684s] -- Up-to-date: /home/dl/ros2_ws/install/more_interfaces/include/more_interfaces/more_interfaces/msg
[3.684s] -- Up-to-date: /home/dl/ros2_ws/install/more_interfaces/include/more_interfaces/more_interfaces/msg/rosidl_typesupport_introspection_c__visibility_control.h
[3.684s] -- Up-to-date: /home/dl/ros2_ws/install/more_interfaces/include/more_interfaces/more_interfaces/msg/detail
[3.684s] -- Up-to-date: /home/dl/ros2_ws/install/more_interfaces/include/more_interfaces/more_interfaces/msg/detail/address_book__type_support.c
[3.684s] -- Up-to-date: /home/dl/ros2_ws/install/more_interfaces/include/more_interfaces/more_interfaces/msg/detail/address_book__rosidl_typesupport_introspection_c.h
[3.684s] -- Up-to-date: /home/dl/ros2_ws/install/more_interfaces/lib/libmore_interfaces__rosidl_typesupport_introspection_c.so
[3.684s] -- Up-to-date: /home/dl/ros2_ws/install/more_interfaces/lib/libmore_interfaces__rosidl_typesupport_c.so
[3.684s] -- Up-to-date: /home/dl/ros2_ws/install/more_interfaces/include/more_interfaces/more_interfaces
[3.684s] -- Up-to-date: /home/dl/ros2_ws/install/more_interfaces/include/more_interfaces/more_interfaces/msg
[3.685s] -- Up-to-date: /home/dl/ros2_ws/install/more_interfaces/include/more_interfaces/more_interfaces/msg/detail
[3.685s] -- Up-to-date: /home/dl/ros2_ws/install/more_interfaces/include/more_interfaces/more_interfaces/msg/detail/address_book__struct.hpp
[3.685s] -- Up-to-date: /home/dl/ros2_ws/install/more_interfaces/include/more_interfaces/more_interfaces/msg/detail/address_book__builder.hpp
[3.685s] -- Up-to-date: /home/dl/ros2_ws/install/more_interfaces/include/more_interfaces/more_interfaces/msg/detail/address_book__traits.hpp
[3.685s] -- Up-to-date: /home/dl/ros2_ws/install/more_interfaces/include/more_interfaces/more_interfaces/msg/address_book.hpp
[3.685s] -- Up-to-date: /home/dl/ros2_ws/install/more_interfaces/include/more_interfaces/more_interfaces
[3.685s] -- Up-to-date: /home/dl/ros2_ws/install/more_interfaces/include/more_interfaces/more_interfaces/msg
[3.685s] -- Up-to-date: /home/dl/ros2_ws/install/more_interfaces/include/more_interfaces/more_interfaces/msg/rosidl_typesupport_fastrtps_cpp__visibility_control.h
[3.685s] -- Up-to-date: /home/dl/ros2_ws/install/more_interfaces/include/more_interfaces/more_interfaces/msg/detail
[3.685s] -- Up-to-date: /home/dl/ros2_ws/install/more_interfaces/include/more_interfaces/more_interfaces/msg/detail/dds_fastrtps
[3.685s] -- Up-to-date: /home/dl/ros2_ws/install/more_interfaces/include/more_interfaces/more_interfaces/msg/detail/address_book__rosidl_typesupport_fastrtps_cpp.hpp
[3.685s] -- Up-to-date: /home/dl/ros2_ws/install/more_interfaces/lib/libmore_interfaces__rosidl_typesupport_fastrtps_cpp.so
[3.685s] -- Up-to-date: /home/dl/ros2_ws/install/more_interfaces/include/more_interfaces/more_interfaces
[3.685s] -- Up-to-date: /home/dl/ros2_ws/install/more_interfaces/include/more_interfaces/more_interfaces/msg
[3.685s] -- Up-to-date: /home/dl/ros2_ws/install/more_interfaces/include/more_interfaces/more_interfaces/msg/detail
[3.685s] -- Up-to-date: /home/dl/ros2_ws/install/more_interfaces/include/more_interfaces/more_interfaces/msg/detail/address_book__rosidl_typesupport_introspection_cpp.hpp
[3.685s] -- Up-to-date: /home/dl/ros2_ws/install/more_interfaces/include/more_interfaces/more_interfaces/msg/detail/address_book__type_support.cpp
[3.685s] -- Up-to-date: /home/dl/ros2_ws/install/more_interfaces/lib/libmore_interfaces__rosidl_typesupport_introspection_cpp.so
[3.685s] -- Up-to-date: /home/dl/ros2_ws/install/more_interfaces/lib/libmore_interfaces__rosidl_typesupport_cpp.so
[3.685s] -- Up-to-date: /home/dl/ros2_ws/install/more_interfaces/share/more_interfaces/environment/pythonpath.sh
[3.685s] -- Up-to-date: /home/dl/ros2_ws/install/more_interfaces/share/more_interfaces/environment/pythonpath.dsv
[3.685s] -- Up-to-date: /home/dl/ros2_ws/install/more_interfaces/local/lib/python3.10/dist-packages/more_interfaces-0.0.0-py3.10.egg-info
[3.685s] -- Installing: /home/dl/ros2_ws/install/more_interfaces/local/lib/python3.10/dist-packages/more_interfaces-0.0.0-py3.10.egg-info/PKG-INFO
[3.685s] -- Installing: /home/dl/ros2_ws/install/more_interfaces/local/lib/python3.10/dist-packages/more_interfaces-0.0.0-py3.10.egg-info/dependency_links.txt
[3.686s] -- Installing: /home/dl/ros2_ws/install/more_interfaces/local/lib/python3.10/dist-packages/more_interfaces-0.0.0-py3.10.egg-info/SOURCES.txt
[3.686s] -- Installing: /home/dl/ros2_ws/install/more_interfaces/local/lib/python3.10/dist-packages/more_interfaces-0.0.0-py3.10.egg-info/top_level.txt
[3.686s] -- Up-to-date: /home/dl/ros2_ws/install/more_interfaces/local/lib/python3.10/dist-packages/more_interfaces
[3.686s] -- Up-to-date: /home/dl/ros2_ws/install/more_interfaces/local/lib/python3.10/dist-packages/more_interfaces/msg
[3.686s] -- Up-to-date: /home/dl/ros2_ws/install/more_interfaces/local/lib/python3.10/dist-packages/more_interfaces/msg/_address_book_s.c
[3.686s] -- Up-to-date: /home/dl/ros2_ws/install/more_interfaces/local/lib/python3.10/dist-packages/more_interfaces/msg/_address_book.py
[3.686s] -- Up-to-date: /home/dl/ros2_ws/install/more_interfaces/local/lib/python3.10/dist-packages/more_interfaces/msg/__init__.py
[3.686s] -- Up-to-date: /home/dl/ros2_ws/install/more_interfaces/local/lib/python3.10/dist-packages/more_interfaces/libmore_interfaces__rosidl_generator_py.so
[3.686s] -- Up-to-date: /home/dl/ros2_ws/install/more_interfaces/local/lib/python3.10/dist-packages/more_interfaces/more_interfaces_s__rosidl_typesupport_c.cpython-310-x86_64-linux-gnu.so
[3.686s] -- Up-to-date: /home/dl/ros2_ws/install/more_interfaces/local/lib/python3.10/dist-packages/more_interfaces/more_interfaces_s__rosidl_typesupport_introspection_c.cpython-310-x86_64-linux-gnu.so
[3.686s] -- Up-to-date: /home/dl/ros2_ws/install/more_interfaces/local/lib/python3.10/dist-packages/more_interfaces/_more_interfaces_s.ep.rosidl_typesupport_introspection_c.c
[3.686s] -- Up-to-date: /home/dl/ros2_ws/install/more_interfaces/local/lib/python3.10/dist-packages/more_interfaces/more_interfaces_s__rosidl_typesupport_fastrtps_c.cpython-310-x86_64-linux-gnu.so
[3.686s] -- Up-to-date: /home/dl/ros2_ws/install/more_interfaces/local/lib/python3.10/dist-packages/more_interfaces/_more_interfaces_s.ep.rosidl_typesupport_fastrtps_c.c
[3.686s] -- Up-to-date: /home/dl/ros2_ws/install/more_interfaces/local/lib/python3.10/dist-packages/more_interfaces/_more_interfaces_s.ep.rosidl_typesupport_c.c
[3.686s] -- Up-to-date: /home/dl/ros2_ws/install/more_interfaces/local/lib/python3.10/dist-packages/more_interfaces/__init__.py
[3.705s] Listing '/home/dl/ros2_ws/install/more_interfaces/local/lib/python3.10/dist-packages/more_interfaces'...
[3.705s] Listing '/home/dl/ros2_ws/install/more_interfaces/local/lib/python3.10/dist-packages/more_interfaces/msg'...
[3.708s] -- Up-to-date: /home/dl/ros2_ws/install/more_interfaces/local/lib/python3.10/dist-packages/more_interfaces/more_interfaces_s__rosidl_typesupport_fastrtps_c.cpython-310-x86_64-linux-gnu.so
[3.708s] -- Up-to-date: /home/dl/ros2_ws/install/more_interfaces/local/lib/python3.10/dist-packages/more_interfaces/more_interfaces_s__rosidl_typesupport_introspection_c.cpython-310-x86_64-linux-gnu.so
[3.708s] -- Up-to-date: /home/dl/ros2_ws/install/more_interfaces/local/lib/python3.10/dist-packages/more_interfaces/more_interfaces_s__rosidl_typesupport_c.cpython-310-x86_64-linux-gnu.so
[3.708s] -- Up-to-date: /home/dl/ros2_ws/install/more_interfaces/lib/libmore_interfaces__rosidl_generator_py.so
[3.708s] -- Up-to-date: /home/dl/ros2_ws/install/more_interfaces/share/more_interfaces/msg/AddressBook.idl
[3.708s] -- Up-to-date: /home/dl/ros2_ws/install/more_interfaces/share/more_interfaces/msg/AddressBook.msg
[3.709s] -- Installing: /home/dl/ros2_ws/install/more_interfaces/lib/more_interfaces/publish_address_book
[3.710s] -- Set runtime path of "/home/dl/ros2_ws/install/more_interfaces/lib/more_interfaces/publish_address_book" to ""
[3.710s] -- Up-to-date: /home/dl/ros2_ws/install/more_interfaces/share/ament_index/resource_index/package_run_dependencies/more_interfaces
[3.710s] -- Up-to-date: /home/dl/ros2_ws/install/more_interfaces/share/ament_index/resource_index/parent_prefix_path/more_interfaces
[3.710s] -- Up-to-date: /home/dl/ros2_ws/install/more_interfaces/share/more_interfaces/environment/ament_prefix_path.sh
[3.710s] -- Up-to-date: /home/dl/ros2_ws/install/more_interfaces/share/more_interfaces/environment/ament_prefix_path.dsv
[3.710s] -- Up-to-date: /home/dl/ros2_ws/install/more_interfaces/share/more_interfaces/environment/path.sh
[3.710s] -- Up-to-date: /home/dl/ros2_ws/install/more_interfaces/share/more_interfaces/environment/path.dsv
[3.710s] -- Up-to-date: /home/dl/ros2_ws/install/more_interfaces/share/more_interfaces/local_setup.bash
[3.710s] -- Up-to-date: /home/dl/ros2_ws/install/more_interfaces/share/more_interfaces/local_setup.sh
[3.710s] -- Up-to-date: /home/dl/ros2_ws/install/more_interfaces/share/more_interfaces/local_setup.zsh
[3.710s] -- Up-to-date: /home/dl/ros2_ws/install/more_interfaces/share/more_interfaces/local_setup.dsv
[3.711s] -- Installing: /home/dl/ros2_ws/install/more_interfaces/share/more_interfaces/package.dsv
[3.711s] -- Up-to-date: /home/dl/ros2_ws/install/more_interfaces/share/ament_index/resource_index/packages/more_interfaces
[3.711s] -- Up-to-date: /home/dl/ros2_ws/install/more_interfaces/share/more_interfaces/cmake/export_more_interfaces__rosidl_generator_cExport.cmake
[3.711s] -- Up-to-date: /home/dl/ros2_ws/install/more_interfaces/share/more_interfaces/cmake/export_more_interfaces__rosidl_generator_cExport-noconfig.cmake
[3.711s] -- Up-to-date: /home/dl/ros2_ws/install/more_interfaces/share/more_interfaces/cmake/export_more_interfaces__rosidl_typesupport_fastrtps_cExport.cmake
[3.711s] -- Up-to-date: /home/dl/ros2_ws/install/more_interfaces/share/more_interfaces/cmake/export_more_interfaces__rosidl_typesupport_fastrtps_cExport-noconfig.cmake
[3.711s] -- Up-to-date: /home/dl/ros2_ws/install/more_interfaces/share/more_interfaces/cmake/more_interfaces__rosidl_typesupport_introspection_cExport.cmake
[3.711s] -- Up-to-date: /home/dl/ros2_ws/install/more_interfaces/share/more_interfaces/cmake/more_interfaces__rosidl_typesupport_introspection_cExport-noconfig.cmake
[3.711s] -- Up-to-date: /home/dl/ros2_ws/install/more_interfaces/share/more_interfaces/cmake/more_interfaces__rosidl_typesupport_cExport.cmake
[3.711s] -- Up-to-date: /home/dl/ros2_ws/install/more_interfaces/share/more_interfaces/cmake/more_interfaces__rosidl_typesupport_cExport-noconfig.cmake
[3.711s] -- Up-to-date: /home/dl/ros2_ws/install/more_interfaces/share/more_interfaces/cmake/export_more_interfaces__rosidl_generator_cppExport.cmake
[3.711s] -- Up-to-date: /home/dl/ros2_ws/install/more_interfaces/share/more_interfaces/cmake/export_more_interfaces__rosidl_typesupport_fastrtps_cppExport.cmake
[3.711s] -- Up-to-date: /home/dl/ros2_ws/install/more_interfaces/share/more_interfaces/cmake/export_more_interfaces__rosidl_typesupport_fastrtps_cppExport-noconfig.cmake
[3.711s] -- Up-to-date: /home/dl/ros2_ws/install/more_interfaces/share/more_interfaces/cmake/more_interfaces__rosidl_typesupport_introspection_cppExport.cmake
[3.711s] -- Up-to-date: /home/dl/ros2_ws/install/more_interfaces/share/more_interfaces/cmake/more_interfaces__rosidl_typesupport_introspection_cppExport-noconfig.cmake
[3.711s] -- Up-to-date: /home/dl/ros2_ws/install/more_interfaces/share/more_interfaces/cmake/more_interfaces__rosidl_typesupport_cppExport.cmake
[3.711s] -- Up-to-date: /home/dl/ros2_ws/install/more_interfaces/share/more_interfaces/cmake/more_interfaces__rosidl_typesupport_cppExport-noconfig.cmake
[3.711s] -- Up-to-date: /home/dl/ros2_ws/install/more_interfaces/share/more_interfaces/cmake/export_more_interfaces__rosidl_generator_pyExport.cmake
[3.711s] -- Up-to-date: /home/dl/ros2_ws/install/more_interfaces/share/more_interfaces/cmake/export_more_interfaces__rosidl_generator_pyExport-noconfig.cmake
[3.711s] -- Up-to-date: /home/dl/ros2_ws/install/more_interfaces/share/more_interfaces/cmake/rosidl_cmake-extras.cmake
[3.712s] -- Up-to-date: /home/dl/ros2_ws/install/more_interfaces/share/more_interfaces/cmake/ament_cmake_export_include_directories-extras.cmake
[3.712s] -- Up-to-date: /home/dl/ros2_ws/install/more_interfaces/share/more_interfaces/cmake/ament_cmake_export_libraries-extras.cmake
[3.712s] -- Up-to-date: /home/dl/ros2_ws/install/more_interfaces/share/more_interfaces/cmake/ament_cmake_export_targets-extras.cmake
[3.712s] -- Up-to-date: /home/dl/ros2_ws/install/more_interfaces/share/more_interfaces/cmake/rosidl_cmake_export_typesupport_targets-extras.cmake
[3.712s] -- Up-to-date: /home/dl/ros2_ws/install/more_interfaces/share/more_interfaces/cmake/ament_cmake_export_dependencies-extras.cmake
[3.712s] -- Up-to-date: /home/dl/ros2_ws/install/more_interfaces/share/more_interfaces/cmake/rosidl_cmake_export_typesupport_libraries-extras.cmake
[3.712s] -- Up-to-date: /home/dl/ros2_ws/install/more_interfaces/share/more_interfaces/cmake/more_interfacesConfig.cmake
[3.712s] -- Up-to-date: /home/dl/ros2_ws/install/more_interfaces/share/more_interfaces/cmake/more_interfacesConfig-version.cmake
[3.712s] -- Up-to-date: /home/dl/ros2_ws/install/more_interfaces/share/more_interfaces/package.xml
[3.713s] Invoked command in '/home/dl/ros2_ws/build/more_interfaces' returned '0': CMAKE_PREFIX_PATH=/opt/ros/humble /usr/bin/cmake --install /home/dl/ros2_ws/build/more_interfaces
