[100%] Built target minimal_param_node
-- Install configuration: ""
-- Up-to-date: /home/dl/ros2_ws/install/cpp_parameters/lib/cpp_parameters/minimal_param_node
-- Up-to-date: /home/dl/ros2_ws/install/cpp_parameters/share/cpp_parameters/launch
-- Installing: /home/dl/ros2_ws/install/cpp_parameters/share/cpp_parameters/launch/cpp_parameters_launch.py
-- Up-to-date: /home/dl/ros2_ws/install/cpp_parameters/share/ament_index/resource_index/package_run_dependencies/cpp_parameters
-- Up-to-date: /home/dl/ros2_ws/install/cpp_parameters/share/ament_index/resource_index/parent_prefix_path/cpp_parameters
-- Up-to-date: /home/dl/ros2_ws/install/cpp_parameters/share/cpp_parameters/environment/ament_prefix_path.sh
-- Up-to-date: /home/dl/ros2_ws/install/cpp_parameters/share/cpp_parameters/environment/ament_prefix_path.dsv
-- Up-to-date: /home/dl/ros2_ws/install/cpp_parameters/share/cpp_parameters/environment/path.sh
-- Up-to-date: /home/dl/ros2_ws/install/cpp_parameters/share/cpp_parameters/environment/path.dsv
-- Up-to-date: /home/dl/ros2_ws/install/cpp_parameters/share/cpp_parameters/local_setup.bash
-- Up-to-date: /home/dl/ros2_ws/install/cpp_parameters/share/cpp_parameters/local_setup.sh
-- Up-to-date: /home/dl/ros2_ws/install/cpp_parameters/share/cpp_parameters/local_setup.zsh
-- Up-to-date: /home/dl/ros2_ws/install/cpp_parameters/share/cpp_parameters/local_setup.dsv
-- Installing: /home/dl/ros2_ws/install/cpp_parameters/share/cpp_parameters/package.dsv
-- Up-to-date: /home/dl/ros2_ws/install/cpp_parameters/share/ament_index/resource_index/packages/cpp_parameters
-- Up-to-date: /home/dl/ros2_ws/install/cpp_parameters/share/cpp_parameters/cmake/cpp_parametersConfig.cmake
-- Up-to-date: /home/dl/ros2_ws/install/cpp_parameters/share/cpp_parameters/cmake/cpp_parametersConfig-version.cmake
-- Up-to-date: /home/dl/ros2_ws/install/cpp_parameters/share/cpp_parameters/package.xml
