[0.009s] Invoking command in '/home/dl/ros2_ws/build/cpp_parameters': CMAKE_PREFIX_PATH=/opt/ros/humble /usr/bin/cmake --build /home/dl/ros2_ws/build/cpp_parameters -- -j16 -l16
[0.041s] [100%] Built target minimal_param_node
[0.047s] Invoked command in '/home/dl/ros2_ws/build/cpp_parameters' returned '0': CMAKE_PREFIX_PATH=/opt/ros/humble /usr/bin/cmake --build /home/dl/ros2_ws/build/cpp_parameters -- -j16 -l16
[0.065s] Invoking command in '/home/dl/ros2_ws/build/cpp_parameters': CMAKE_PREFIX_PATH=/opt/ros/humble /usr/bin/cmake --install /home/dl/ros2_ws/build/cpp_parameters
[0.068s] -- Install configuration: ""
[0.068s] -- Up-to-date: /home/dl/ros2_ws/install/cpp_parameters/lib/cpp_parameters/minimal_param_node
[0.068s] -- Up-to-date: /home/dl/ros2_ws/install/cpp_parameters/share/cpp_parameters/launch
[0.068s] -- Installing: /home/dl/ros2_ws/install/cpp_parameters/share/cpp_parameters/launch/cpp_parameters_launch.py
[0.069s] -- Up-to-date: /home/dl/ros2_ws/install/cpp_parameters/share/ament_index/resource_index/package_run_dependencies/cpp_parameters
[0.069s] -- Up-to-date: /home/dl/ros2_ws/install/cpp_parameters/share/ament_index/resource_index/parent_prefix_path/cpp_parameters
[0.069s] -- Up-to-date: /home/dl/ros2_ws/install/cpp_parameters/share/cpp_parameters/environment/ament_prefix_path.sh
[0.069s] -- Up-to-date: /home/dl/ros2_ws/install/cpp_parameters/share/cpp_parameters/environment/ament_prefix_path.dsv
[0.069s] -- Up-to-date: /home/dl/ros2_ws/install/cpp_parameters/share/cpp_parameters/environment/path.sh
[0.069s] -- Up-to-date: /home/dl/ros2_ws/install/cpp_parameters/share/cpp_parameters/environment/path.dsv
[0.069s] -- Up-to-date: /home/dl/ros2_ws/install/cpp_parameters/share/cpp_parameters/local_setup.bash
[0.069s] -- Up-to-date: /home/dl/ros2_ws/install/cpp_parameters/share/cpp_parameters/local_setup.sh
[0.069s] -- Up-to-date: /home/dl/ros2_ws/install/cpp_parameters/share/cpp_parameters/local_setup.zsh
[0.069s] -- Up-to-date: /home/dl/ros2_ws/install/cpp_parameters/share/cpp_parameters/local_setup.dsv
[0.069s] -- Installing: /home/dl/ros2_ws/install/cpp_parameters/share/cpp_parameters/package.dsv
[0.069s] -- Up-to-date: /home/dl/ros2_ws/install/cpp_parameters/share/ament_index/resource_index/packages/cpp_parameters
[0.069s] -- Up-to-date: /home/dl/ros2_ws/install/cpp_parameters/share/cpp_parameters/cmake/cpp_parametersConfig.cmake
[0.069s] -- Up-to-date: /home/dl/ros2_ws/install/cpp_parameters/share/cpp_parameters/cmake/cpp_parametersConfig-version.cmake
[0.069s] -- Up-to-date: /home/dl/ros2_ws/install/cpp_parameters/share/cpp_parameters/package.xml
[0.070s] Invoked command in '/home/dl/ros2_ws/build/cpp_parameters' returned '0': CMAKE_PREFIX_PATH=/opt/ros/humble /usr/bin/cmake --install /home/dl/ros2_ws/build/cpp_parameters
