[0.009s] Invoking command in '/home/dl/ros2_ws/build/turtlesim': CMAKE_PREFIX_PATH=/opt/ros/humble /usr/bin/cmake /home/dl/ros2_ws/src/ros_tutorials/turtlesim -DCMAKE_INSTALL_PREFIX=/home/dl/ros2_ws/install/turtlesim
[0.111s] -- The C compiler identification is GNU 11.3.0
[0.192s] -- The CXX compiler identification is GNU 11.3.0
[0.198s] -- Detecting C compiler ABI info
[0.242s] -- Detecting C compiler ABI info - done
[0.247s] -- Check for working C compiler: /usr/bin/cc - skipped
[0.247s] -- Detecting C compile features
[0.248s] -- Detecting C compile features - done
[0.250s] -- Detecting CXX compiler ABI info
[0.298s] -- Detecting CXX compiler ABI info - done
[0.303s] -- Check for working CXX compiler: /usr/bin/c++ - skipped
[0.303s] -- Detecting CXX compile features
[0.303s] -- Detecting CXX compile features - done
[0.306s] -- Found ament_cmake: 1.3.4 (/opt/ros/humble/share/ament_cmake/cmake)
[0.412s] -- Found Python3: /usr/bin/python3.10 (found version "3.10.6") found components: Interpreter 
[0.476s] -- Found ament_index_cpp: 1.4.0 (/opt/ros/humble/share/ament_index_cpp/cmake)
[0.477s] -- Found geometry_msgs: 4.2.3 (/opt/ros/humble/share/geometry_msgs/cmake)
[0.501s] -- Found rosidl_generator_c: 3.1.4 (/opt/ros/humble/share/rosidl_generator_c/cmake)
[0.505s] -- Found rosidl_adapter: 3.1.4 (/opt/ros/humble/share/rosidl_adapter/cmake)
[0.510s] -- Found rosidl_generator_cpp: 3.1.4 (/opt/ros/humble/share/rosidl_generator_cpp/cmake)
[0.520s] -- Using all available rosidl_typesupport_c: rosidl_typesupport_fastrtps_c;rosidl_typesupport_introspection_c
[0.534s] -- Using all available rosidl_typesupport_cpp: rosidl_typesupport_fastrtps_cpp;rosidl_typesupport_introspection_cpp
[0.627s] -- Found rclcpp: 16.0.4 (/opt/ros/humble/share/rclcpp/cmake)
[0.668s] -- Found rmw_implementation_cmake: 6.1.1 (/opt/ros/humble/share/rmw_implementation_cmake/cmake)
[0.670s] -- Found rmw_fastrtps_cpp: 6.2.2 (/opt/ros/humble/share/rmw_fastrtps_cpp/cmake)
[0.732s] -- Found OpenSSL: /usr/lib/x86_64-linux-gnu/libcrypto.so (found version "3.0.2")  
[0.750s] -- Found FastRTPS: /opt/ros/humble/include  
[0.782s] -- Using RMW implementation 'rmw_fastrtps_cpp' as default
[0.788s] -- Looking for pthread.h
[0.840s] -- Looking for pthread.h - found
[0.840s] -- Performing Test CMAKE_HAVE_LIBC_PTHREAD
[0.884s] -- Performing Test CMAKE_HAVE_LIBC_PTHREAD - Success
[0.884s] -- Found Threads: TRUE  
[0.975s] -- Found rclcpp_action: 16.0.4 (/opt/ros/humble/share/rclcpp_action/cmake)
[1.042s] -- Found rosidl_default_generators: 1.2.0 (/opt/ros/humble/share/rosidl_default_generators/cmake)
[1.054s] -- Found std_srvs: 4.2.3 (/opt/ros/humble/share/std_srvs/cmake)
[1.281s] -- Found ament_cmake_ros: 0.10.0 (/opt/ros/humble/share/ament_cmake_ros/cmake)
[1.497s] -- Using all available rosidl_typesupport_c: rosidl_typesupport_fastrtps_c;rosidl_typesupport_introspection_c
[1.582s] -- Using all available rosidl_typesupport_cpp: rosidl_typesupport_fastrtps_cpp;rosidl_typesupport_introspection_cpp
[1.599s] -- Found PythonInterp: /usr/bin/python3 (found suitable version "3.10.6", minimum required is "3.6") 
[1.600s] -- Found python_cmake_module: 0.10.0 (/opt/ros/humble/share/python_cmake_module/cmake)
[1.623s] -- Found PythonLibs: /usr/lib/x86_64-linux-gnu/libpython3.10.so (found suitable version "3.10.6", minimum required is "3.5") 
[1.623s] -- Using PYTHON_EXECUTABLE: /usr/bin/python3
[1.623s] -- Using PYTHON_INCLUDE_DIRS: /usr/include/python3.10
[1.623s] -- Using PYTHON_LIBRARIES: /usr/lib/x86_64-linux-gnu/libpython3.10.so
[1.637s] -- Found PythonExtra: .so  
[1.678s] -- Configuring done
[1.720s] -- Generating done
[1.722s] -- Build files have been written to: /home/dl/ros2_ws/build/turtlesim
[1.735s] Invoked command in '/home/dl/ros2_ws/build/turtlesim' returned '0': CMAKE_PREFIX_PATH=/opt/ros/humble /usr/bin/cmake /home/dl/ros2_ws/src/ros_tutorials/turtlesim -DCMAKE_INSTALL_PREFIX=/home/dl/ros2_ws/install/turtlesim
[1.736s] Invoking command in '/home/dl/ros2_ws/build/turtlesim': CMAKE_PREFIX_PATH=/opt/ros/humble /usr/bin/cmake --build /home/dl/ros2_ws/build/turtlesim -- -j16 -l16
[1.763s] [  1%] [34m[1mGenerating C code for ROS interfaces[0m
[1.768s] [  2%] [34m[1mGenerating C++ code for ROS interfaces[0m
[1.773s] [  2%] Built target ament_cmake_python_copy_turtlesim
[1.956s] running egg_info
[1.956s] creating turtlesim.egg-info
[1.956s] writing turtlesim.egg-info/PKG-INFO
[1.957s] writing dependency_links to turtlesim.egg-info/dependency_links.txt
[1.957s] writing top-level names to turtlesim.egg-info/top_level.txt
[1.957s] writing manifest file 'turtlesim.egg-info/SOURCES.txt'
[1.959s] reading manifest file 'turtlesim.egg-info/SOURCES.txt'
[1.959s] writing manifest file 'turtlesim.egg-info/SOURCES.txt'
[1.978s] [  2%] Built target ament_cmake_python_build_turtlesim_egg
[2.415s] [  2%] Built target turtlesim__cpp
[2.421s] [  5%] [34m[1mGenerating C++ type support dispatch for ROS interfaces[0m
[2.421s] [  5%] [34m[1mGenerating C++ introspection for ROS interfaces[0m
[2.421s] [  5%] [34m[1mGenerating C++ type support for eProsima Fast-RTPS[0m
[2.482s] [  9%] [32mBuilding C object CMakeFiles/turtlesim__rosidl_generator_c.dir/rosidl_generator_c/turtlesim/srv/detail/kill__functions.c.o[0m
[2.482s] [  9%] [32mBuilding C object CMakeFiles/turtlesim__rosidl_generator_c.dir/rosidl_generator_c/turtlesim/action/detail/rotate_absolute__functions.c.o[0m
[2.482s] [  9%] [32mBuilding C object CMakeFiles/turtlesim__rosidl_generator_c.dir/rosidl_generator_c/turtlesim/msg/detail/color__functions.c.o[0m
[2.482s] [  9%] [32mBuilding C object CMakeFiles/turtlesim__rosidl_generator_c.dir/rosidl_generator_c/turtlesim/msg/detail/pose__functions.c.o[0m
[2.483s] [ 10%] [32mBuilding C object CMakeFiles/turtlesim__rosidl_generator_c.dir/rosidl_generator_c/turtlesim/srv/detail/set_pen__functions.c.o[0m
[2.483s] [ 12%] [32mBuilding C object CMakeFiles/turtlesim__rosidl_generator_c.dir/rosidl_generator_c/turtlesim/srv/detail/teleport_absolute__functions.c.o[0m
[2.483s] [ 13%] [32mBuilding C object CMakeFiles/turtlesim__rosidl_generator_c.dir/rosidl_generator_c/turtlesim/srv/detail/teleport_relative__functions.c.o[0m
[2.483s] [ 13%] [32mBuilding C object CMakeFiles/turtlesim__rosidl_generator_c.dir/rosidl_generator_c/turtlesim/srv/detail/spawn__functions.c.o[0m
[2.618s] [ 14%] [32m[1mLinking C shared library libturtlesim__rosidl_generator_c.so[0m
[2.647s] [ 14%] Built target turtlesim__rosidl_generator_c
[2.653s] [ 17%] [34m[1mGenerating C type support for eProsima Fast-RTPS[0m
[2.653s] [ 17%] [34m[1mGenerating C type support dispatch for ROS interfaces[0m
[2.653s] [ 17%] [34m[1mGenerating C introspection for ROS interfaces[0m
[2.852s] [ 18%] [32mBuilding CXX object CMakeFiles/turtlesim__rosidl_typesupport_cpp.dir/rosidl_typesupport_cpp/turtlesim/msg/color__type_support.cpp.o[0m
[2.852s] [ 19%] [32mBuilding CXX object CMakeFiles/turtlesim__rosidl_typesupport_cpp.dir/rosidl_typesupport_cpp/turtlesim/srv/kill__type_support.cpp.o[0m
[2.852s] [ 20%] [32mBuilding CXX object CMakeFiles/turtlesim__rosidl_typesupport_cpp.dir/rosidl_typesupport_cpp/turtlesim/action/rotate_absolute__type_support.cpp.o[0m
[2.853s] [ 21%] [32mBuilding CXX object CMakeFiles/turtlesim__rosidl_typesupport_cpp.dir/rosidl_typesupport_cpp/turtlesim/msg/pose__type_support.cpp.o[0m
[2.853s] [ 22%] [32mBuilding CXX object CMakeFiles/turtlesim__rosidl_typesupport_cpp.dir/rosidl_typesupport_cpp/turtlesim/srv/set_pen__type_support.cpp.o[0m
[2.854s] [ 24%] [32mBuilding CXX object CMakeFiles/turtlesim__rosidl_typesupport_cpp.dir/rosidl_typesupport_cpp/turtlesim/srv/teleport_relative__type_support.cpp.o[0m
[2.854s] [ 24%] [32mBuilding CXX object CMakeFiles/turtlesim__rosidl_typesupport_cpp.dir/rosidl_typesupport_cpp/turtlesim/srv/spawn__type_support.cpp.o[0m
[2.854s] [ 25%] [32mBuilding CXX object CMakeFiles/turtlesim__rosidl_typesupport_cpp.dir/rosidl_typesupport_cpp/turtlesim/srv/teleport_absolute__type_support.cpp.o[0m
[3.093s] [ 29%] [32mBuilding CXX object CMakeFiles/turtlesim__rosidl_typesupport_introspection_cpp.dir/rosidl_typesupport_introspection_cpp/turtlesim/msg/detail/color__type_support.cpp.o[0m
[3.093s] [ 29%] [32mBuilding CXX object CMakeFiles/turtlesim__rosidl_typesupport_introspection_cpp.dir/rosidl_typesupport_introspection_cpp/turtlesim/action/detail/rotate_absolute__type_support.cpp.o[0m
[3.093s] [ 29%] [32mBuilding CXX object CMakeFiles/turtlesim__rosidl_typesupport_introspection_cpp.dir/rosidl_typesupport_introspection_cpp/turtlesim/srv/detail/kill__type_support.cpp.o[0m
[3.093s] [ 29%] [32mBuilding CXX object CMakeFiles/turtlesim__rosidl_typesupport_introspection_cpp.dir/rosidl_typesupport_introspection_cpp/turtlesim/msg/detail/pose__type_support.cpp.o[0m
[3.166s] [ 30%] [32mBuilding CXX object CMakeFiles/turtlesim__rosidl_typesupport_introspection_cpp.dir/rosidl_typesupport_introspection_cpp/turtlesim/srv/detail/set_pen__type_support.cpp.o[0m
[3.189s] [ 31%] [32mBuilding CXX object CMakeFiles/turtlesim__rosidl_typesupport_introspection_cpp.dir/rosidl_typesupport_introspection_cpp/turtlesim/srv/detail/spawn__type_support.cpp.o[0m
[3.217s] [ 32%] [32mBuilding CXX object CMakeFiles/turtlesim__rosidl_typesupport_introspection_cpp.dir/rosidl_typesupport_introspection_cpp/turtlesim/srv/detail/teleport_absolute__type_support.cpp.o[0m
[3.218s] [ 33%] [32mBuilding CXX object CMakeFiles/turtlesim__rosidl_typesupport_introspection_cpp.dir/rosidl_typesupport_introspection_cpp/turtlesim/srv/detail/teleport_relative__type_support.cpp.o[0m
[3.296s] [ 37%] [32mBuilding CXX object CMakeFiles/turtlesim__rosidl_typesupport_c.dir/rosidl_typesupport_c/turtlesim/action/rotate_absolute__type_support.cpp.o[0m
[3.297s] [ 37%] [32mBuilding CXX object CMakeFiles/turtlesim__rosidl_typesupport_c.dir/rosidl_typesupport_c/turtlesim/msg/color__type_support.cpp.o[0m
[3.297s] [ 37%] [32mBuilding CXX object CMakeFiles/turtlesim__rosidl_typesupport_fastrtps_cpp.dir/rosidl_typesupport_fastrtps_cpp/turtlesim/msg/detail/dds_fastrtps/color__type_support.cpp.o[0m
[3.297s] [ 37%] [32mBuilding CXX object CMakeFiles/turtlesim__rosidl_typesupport_fastrtps_cpp.dir/rosidl_typesupport_fastrtps_cpp/turtlesim/action/detail/dds_fastrtps/rotate_absolute__type_support.cpp.o[0m
[3.301s] [ 38%] [32mBuilding CXX object CMakeFiles/turtlesim__rosidl_typesupport_c.dir/rosidl_typesupport_c/turtlesim/msg/pose__type_support.cpp.o[0m
[3.344s] [ 39%] [32mBuilding CXX object CMakeFiles/turtlesim__rosidl_typesupport_c.dir/rosidl_typesupport_c/turtlesim/srv/kill__type_support.cpp.o[0m
[3.352s] [ 40%] [32mBuilding CXX object CMakeFiles/turtlesim__rosidl_typesupport_c.dir/rosidl_typesupport_c/turtlesim/srv/set_pen__type_support.cpp.o[0m
[3.383s] [ 41%] [32mBuilding CXX object CMakeFiles/turtlesim__rosidl_typesupport_c.dir/rosidl_typesupport_c/turtlesim/srv/spawn__type_support.cpp.o[0m
[3.395s] [ 42%] [32mBuilding CXX object CMakeFiles/turtlesim__rosidl_typesupport_fastrtps_cpp.dir/rosidl_typesupport_fastrtps_cpp/turtlesim/msg/detail/dds_fastrtps/pose__type_support.cpp.o[0m
[3.400s] [ 43%] [32mBuilding CXX object CMakeFiles/turtlesim__rosidl_typesupport_c.dir/rosidl_typesupport_c/turtlesim/srv/teleport_absolute__type_support.cpp.o[0m
[3.444s] [ 44%] [32mBuilding CXX object CMakeFiles/turtlesim__rosidl_typesupport_fastrtps_cpp.dir/rosidl_typesupport_fastrtps_cpp/turtlesim/srv/detail/dds_fastrtps/kill__type_support.cpp.o[0m
[3.457s] [ 45%] [32mBuilding CXX object CMakeFiles/turtlesim__rosidl_typesupport_c.dir/rosidl_typesupport_c/turtlesim/srv/teleport_relative__type_support.cpp.o[0m
[3.509s] [ 46%] [32m[1mLinking CXX shared library libturtlesim__rosidl_typesupport_c.so[0m
[3.552s] [ 47%] [32m[1mLinking CXX shared library libturtlesim__rosidl_typesupport_cpp.so[0m
[3.625s] [ 47%] Built target turtlesim__rosidl_typesupport_c
[3.642s] [ 47%] Built target turtlesim__rosidl_typesupport_cpp
[3.665s] [ 48%] [32mBuilding CXX object CMakeFiles/turtlesim__rosidl_typesupport_fastrtps_cpp.dir/rosidl_typesupport_fastrtps_cpp/turtlesim/srv/detail/dds_fastrtps/set_pen__type_support.cpp.o[0m
[3.667s] [ 49%] [32mBuilding CXX object CMakeFiles/turtlesim__rosidl_typesupport_fastrtps_cpp.dir/rosidl_typesupport_fastrtps_cpp/turtlesim/srv/detail/dds_fastrtps/spawn__type_support.cpp.o[0m
[3.686s] [ 50%] [34m[1mGenerating include/turtlesim/moc_turtle_frame.cpp[0m
[3.706s] [ 51%] [32mBuilding CXX object CMakeFiles/turtlesim__rosidl_typesupport_fastrtps_c.dir/rosidl_typesupport_fastrtps_c/turtlesim/action/detail/rotate_absolute__type_support_c.cpp.o[0m
[3.710s] [ 52%] [32mBuilding CXX object CMakeFiles/turtle_teleop_key.dir/tutorials/teleop_turtle_key.cpp.o[0m
[3.736s] [ 53%] [32mBuilding CXX object CMakeFiles/draw_square.dir/tutorials/draw_square.cpp.o[0m
[3.747s] [ 54%] [32mBuilding C object CMakeFiles/turtlesim__rosidl_typesupport_introspection_c.dir/rosidl_typesupport_introspection_c/turtlesim/action/detail/rotate_absolute__type_support.c.o[0m
[3.764s] [ 55%] [32mBuilding CXX object CMakeFiles/mimic.dir/tutorials/mimic.cpp.o[0m
[3.770s] [ 56%] [32mBuilding C object CMakeFiles/turtlesim__rosidl_typesupport_introspection_c.dir/rosidl_typesupport_introspection_c/turtlesim/msg/detail/color__type_support.c.o[0m
[3.777s] [ 57%] [32mBuilding CXX object CMakeFiles/turtlesim__rosidl_typesupport_fastrtps_c.dir/rosidl_typesupport_fastrtps_c/turtlesim/msg/detail/color__type_support_c.cpp.o[0m
[3.815s] [ 58%] [32mBuilding CXX object CMakeFiles/turtlesim__rosidl_typesupport_fastrtps_c.dir/rosidl_typesupport_fastrtps_c/turtlesim/msg/detail/pose__type_support_c.cpp.o[0m
[3.846s] [ 59%] [32mBuilding C object CMakeFiles/turtlesim__rosidl_typesupport_introspection_c.dir/rosidl_typesupport_introspection_c/turtlesim/msg/detail/pose__type_support.c.o[0m
[3.855s] [ 60%] [32mBuilding CXX object CMakeFiles/turtlesim__rosidl_typesupport_fastrtps_c.dir/rosidl_typesupport_fastrtps_c/turtlesim/srv/detail/kill__type_support_c.cpp.o[0m
[3.880s] [ 61%] [32mBuilding CXX object CMakeFiles/turtlesim_node.dir/src/turtlesim.cpp.o[0m
[3.913s] [ 62%] [32mBuilding C object CMakeFiles/turtlesim__rosidl_typesupport_introspection_c.dir/rosidl_typesupport_introspection_c/turtlesim/srv/detail/kill__type_support.c.o[0m
[3.926s] [ 63%] [32mBuilding CXX object CMakeFiles/turtlesim_node.dir/src/turtle.cpp.o[0m
[3.975s] [ 64%] [32mBuilding C object CMakeFiles/turtlesim__rosidl_typesupport_introspection_c.dir/rosidl_typesupport_introspection_c/turtlesim/srv/detail/set_pen__type_support.c.o[0m
[3.995s] [ 65%] [32m[1mLinking CXX shared library libturtlesim__rosidl_typesupport_introspection_cpp.so[0m
[4.003s] [ 66%] [32mBuilding C object CMakeFiles/turtlesim__rosidl_typesupport_introspection_c.dir/rosidl_typesupport_introspection_c/turtlesim/srv/detail/spawn__type_support.c.o[0m
[4.028s] [ 67%] [32mBuilding CXX object CMakeFiles/turtlesim__rosidl_typesupport_fastrtps_cpp.dir/rosidl_typesupport_fastrtps_cpp/turtlesim/srv/detail/dds_fastrtps/teleport_absolute__type_support.cpp.o[0m
[4.063s] [ 68%] [32mBuilding C object CMakeFiles/turtlesim__rosidl_typesupport_introspection_c.dir/rosidl_typesupport_introspection_c/turtlesim/srv/detail/teleport_absolute__type_support.c.o[0m
[4.097s] [ 69%] [32mBuilding C object CMakeFiles/turtlesim__rosidl_typesupport_introspection_c.dir/rosidl_typesupport_introspection_c/turtlesim/srv/detail/teleport_relative__type_support.c.o[0m
[4.127s] [ 70%] [32mBuilding CXX object CMakeFiles/turtlesim_node.dir/src/turtle_frame.cpp.o[0m
[4.154s] [ 71%] [32m[1mLinking C shared library libturtlesim__rosidl_typesupport_introspection_c.so[0m
[4.154s] [ 72%] [32mBuilding CXX object CMakeFiles/turtlesim__rosidl_typesupport_fastrtps_cpp.dir/rosidl_typesupport_fastrtps_cpp/turtlesim/srv/detail/dds_fastrtps/teleport_relative__type_support.cpp.o[0m
[4.166s] [ 72%] Built target turtlesim__rosidl_typesupport_introspection_cpp
[4.176s] [ 73%] [32mBuilding CXX object CMakeFiles/turtlesim_node.dir/include/turtlesim/moc_turtle_frame.cpp.o[0m
[4.217s] [ 73%] Built target turtlesim__rosidl_typesupport_introspection_c
[4.249s] [ 74%] [32mBuilding CXX object CMakeFiles/turtlesim__rosidl_typesupport_fastrtps_c.dir/rosidl_typesupport_fastrtps_c/turtlesim/srv/detail/set_pen__type_support_c.cpp.o[0m
[4.260s] [ 75%] [32mBuilding CXX object CMakeFiles/turtlesim__rosidl_typesupport_fastrtps_c.dir/rosidl_typesupport_fastrtps_c/turtlesim/srv/detail/spawn__type_support_c.cpp.o[0m
[4.263s] [ 76%] [32mBuilding CXX object CMakeFiles/turtlesim__rosidl_typesupport_fastrtps_c.dir/rosidl_typesupport_fastrtps_c/turtlesim/srv/detail/teleport_absolute__type_support_c.cpp.o[0m
[4.284s] [ 77%] [32mBuilding CXX object CMakeFiles/turtlesim__rosidl_typesupport_fastrtps_c.dir/rosidl_typesupport_fastrtps_c/turtlesim/srv/detail/teleport_relative__type_support_c.cpp.o[0m
[4.738s] [ 78%] [32m[1mLinking CXX shared library libturtlesim__rosidl_typesupport_fastrtps_cpp.so[0m
[4.760s] [ 79%] [32m[1mLinking CXX shared library libturtlesim__rosidl_typesupport_fastrtps_c.so[0m
[4.884s] [ 79%] Built target turtlesim__rosidl_typesupport_fastrtps_cpp
[4.907s] [ 79%] Built target turtlesim__rosidl_typesupport_fastrtps_c
[4.923s] [ 79%] Built target turtlesim
[4.940s] [ 80%] [34m[1mGenerating Python code for ROS interfaces[0m
[6.364s] [ 80%] Built target turtlesim__py
[6.385s] [ 86%] [32mBuilding C object CMakeFiles/turtlesim__rosidl_generator_py.dir/rosidl_generator_py/turtlesim/msg/_pose_s.c.o[0m
[6.386s] [ 86%] [32mBuilding C object CMakeFiles/turtlesim__rosidl_generator_py.dir/rosidl_generator_py/turtlesim/srv/_spawn_s.c.o[0m
[6.386s] [ 86%] [32mBuilding C object CMakeFiles/turtlesim__rosidl_generator_py.dir/rosidl_generator_py/turtlesim/srv/_teleport_absolute_s.c.o[0m
[6.386s] [ 86%] [32mBuilding C object CMakeFiles/turtlesim__rosidl_generator_py.dir/rosidl_generator_py/turtlesim/msg/_color_s.c.o[0m
[6.386s] [ 86%] [32mBuilding C object CMakeFiles/turtlesim__rosidl_generator_py.dir/rosidl_generator_py/turtlesim/srv/_set_pen_s.c.o[0m
[6.386s] [ 87%] [32mBuilding C object CMakeFiles/turtlesim__rosidl_generator_py.dir/rosidl_generator_py/turtlesim/action/_rotate_absolute_s.c.o[0m
[6.386s] [ 86%] [32mBuilding C object CMakeFiles/turtlesim__rosidl_generator_py.dir/rosidl_generator_py/turtlesim/srv/_kill_s.c.o[0m
[6.394s] [ 88%] [32mBuilding C object CMakeFiles/turtlesim__rosidl_generator_py.dir/rosidl_generator_py/turtlesim/srv/_teleport_relative_s.c.o[0m
[6.606s] [ 89%] [32m[1mLinking C shared library rosidl_generator_py/turtlesim/libturtlesim__rosidl_generator_py.so[0m
[6.659s] [ 89%] Built target turtlesim__rosidl_generator_py
[6.677s] [ 92%] [32mBuilding C object CMakeFiles/turtlesim__rosidl_typesupport_c__pyext.dir/rosidl_generator_py/turtlesim/_turtlesim_s.ep.rosidl_typesupport_c.c.o[0m
[6.677s] [ 92%] [32mBuilding C object CMakeFiles/turtlesim__rosidl_typesupport_fastrtps_c__pyext.dir/rosidl_generator_py/turtlesim/_turtlesim_s.ep.rosidl_typesupport_fastrtps_c.c.o[0m
[6.677s] [ 92%] [32mBuilding C object CMakeFiles/turtlesim__rosidl_typesupport_introspection_c__pyext.dir/rosidl_generator_py/turtlesim/_turtlesim_s.ep.rosidl_typesupport_introspection_c.c.o[0m
[6.816s] [ 93%] [32m[1mLinking C shared library rosidl_generator_py/turtlesim/turtlesim_s__rosidl_typesupport_introspection_c.cpython-310-x86_64-linux-gnu.so[0m
[6.846s] [ 93%] Built target turtlesim__rosidl_typesupport_introspection_c__pyext
[6.879s] [ 94%] [32m[1mLinking C shared library rosidl_generator_py/turtlesim/turtlesim_s__rosidl_typesupport_c.cpython-310-x86_64-linux-gnu.so[0m
[6.884s] [ 95%] [32m[1mLinking C shared library rosidl_generator_py/turtlesim/turtlesim_s__rosidl_typesupport_fastrtps_c.cpython-310-x86_64-linux-gnu.so[0m
[6.909s] [ 95%] Built target turtlesim__rosidl_typesupport_c__pyext
[6.915s] [ 95%] Built target turtlesim__rosidl_typesupport_fastrtps_c__pyext
[9.732s] [ 96%] [32m[1mLinking CXX executable turtle_teleop_key[0m
[9.961s] [ 96%] Built target turtle_teleop_key
[12.127s] [ 97%] [32m[1mLinking CXX executable mimic[0m
[12.416s] [ 97%] Built target mimic
[12.612s] [ 98%] [32m[1mLinking CXX executable draw_square[0m
[12.918s] [ 98%] Built target draw_square
[15.038s] [100%] [32m[1mLinking CXX executable turtlesim_node[0m
[16.724s] [100%] Built target turtlesim_node
[16.732s] Invoked command in '/home/dl/ros2_ws/build/turtlesim' returned '0': CMAKE_PREFIX_PATH=/opt/ros/humble /usr/bin/cmake --build /home/dl/ros2_ws/build/turtlesim -- -j16 -l16
[16.836s] Invoking command in '/home/dl/ros2_ws/build/turtlesim': CMAKE_PREFIX_PATH=/opt/ros/humble /usr/bin/cmake --install /home/dl/ros2_ws/build/turtlesim
[16.841s] -- Install configuration: ""
[16.841s] -- Installing: /home/dl/ros2_ws/install/turtlesim/share/ament_index/resource_index/rosidl_interfaces/turtlesim
[16.841s] -- Installing: /home/dl/ros2_ws/install/turtlesim/include/turtlesim/turtlesim
[16.841s] -- Installing: /home/dl/ros2_ws/install/turtlesim/include/turtlesim/turtlesim/msg
[16.841s] -- Installing: /home/dl/ros2_ws/install/turtlesim/include/turtlesim/turtlesim/msg/detail
[16.841s] -- Installing: /home/dl/ros2_ws/install/turtlesim/include/turtlesim/turtlesim/msg/detail/color__functions.c
[16.841s] -- Installing: /home/dl/ros2_ws/install/turtlesim/include/turtlesim/turtlesim/msg/detail/pose__struct.h
[16.841s] -- Installing: /home/dl/ros2_ws/install/turtlesim/include/turtlesim/turtlesim/msg/detail/color__functions.h
[16.842s] -- Installing: /home/dl/ros2_ws/install/turtlesim/include/turtlesim/turtlesim/msg/detail/color__struct.h
[16.842s] -- Installing: /home/dl/ros2_ws/install/turtlesim/include/turtlesim/turtlesim/msg/detail/pose__type_support.h
[16.842s] -- Installing: /home/dl/ros2_ws/install/turtlesim/include/turtlesim/turtlesim/msg/detail/pose__functions.c
[16.842s] -- Installing: /home/dl/ros2_ws/install/turtlesim/include/turtlesim/turtlesim/msg/detail/pose__functions.h
[16.842s] -- Installing: /home/dl/ros2_ws/install/turtlesim/include/turtlesim/turtlesim/msg/detail/color__type_support.h
[16.842s] -- Installing: /home/dl/ros2_ws/install/turtlesim/include/turtlesim/turtlesim/msg/rosidl_generator_c__visibility_control.h
[16.842s] -- Installing: /home/dl/ros2_ws/install/turtlesim/include/turtlesim/turtlesim/msg/pose.h
[16.842s] -- Installing: /home/dl/ros2_ws/install/turtlesim/include/turtlesim/turtlesim/msg/color.h
[16.842s] -- Installing: /home/dl/ros2_ws/install/turtlesim/include/turtlesim/turtlesim/action
[16.842s] -- Installing: /home/dl/ros2_ws/install/turtlesim/include/turtlesim/turtlesim/action/detail
[16.842s] -- Installing: /home/dl/ros2_ws/install/turtlesim/include/turtlesim/turtlesim/action/detail/rotate_absolute__functions.c
[16.842s] -- Installing: /home/dl/ros2_ws/install/turtlesim/include/turtlesim/turtlesim/action/detail/rotate_absolute__struct.h
[16.842s] -- Installing: /home/dl/ros2_ws/install/turtlesim/include/turtlesim/turtlesim/action/detail/rotate_absolute__functions.h
[16.842s] -- Installing: /home/dl/ros2_ws/install/turtlesim/include/turtlesim/turtlesim/action/detail/rotate_absolute__type_support.h
[16.842s] -- Installing: /home/dl/ros2_ws/install/turtlesim/include/turtlesim/turtlesim/action/rotate_absolute.h
[16.842s] -- Installing: /home/dl/ros2_ws/install/turtlesim/include/turtlesim/turtlesim/srv
[16.842s] -- Installing: /home/dl/ros2_ws/install/turtlesim/include/turtlesim/turtlesim/srv/detail
[16.843s] -- Installing: /home/dl/ros2_ws/install/turtlesim/include/turtlesim/turtlesim/srv/detail/teleport_relative__functions.c
[16.843s] -- Installing: /home/dl/ros2_ws/install/turtlesim/include/turtlesim/turtlesim/srv/detail/teleport_relative__type_support.h
[16.843s] -- Installing: /home/dl/ros2_ws/install/turtlesim/include/turtlesim/turtlesim/srv/detail/set_pen__struct.h
[16.843s] -- Installing: /home/dl/ros2_ws/install/turtlesim/include/turtlesim/turtlesim/srv/detail/kill__struct.h
[16.843s] -- Installing: /home/dl/ros2_ws/install/turtlesim/include/turtlesim/turtlesim/srv/detail/spawn__functions.h
[16.843s] -- Installing: /home/dl/ros2_ws/install/turtlesim/include/turtlesim/turtlesim/srv/detail/set_pen__functions.c
[16.843s] -- Installing: /home/dl/ros2_ws/install/turtlesim/include/turtlesim/turtlesim/srv/detail/teleport_absolute__struct.h
[16.843s] -- Installing: /home/dl/ros2_ws/install/turtlesim/include/turtlesim/turtlesim/srv/detail/teleport_relative__functions.h
[16.843s] -- Installing: /home/dl/ros2_ws/install/turtlesim/include/turtlesim/turtlesim/srv/detail/spawn__type_support.h
[16.843s] -- Installing: /home/dl/ros2_ws/install/turtlesim/include/turtlesim/turtlesim/srv/detail/kill__type_support.h
[16.843s] -- Installing: /home/dl/ros2_ws/install/turtlesim/include/turtlesim/turtlesim/srv/detail/spawn__functions.c
[16.843s] -- Installing: /home/dl/ros2_ws/install/turtlesim/include/turtlesim/turtlesim/srv/detail/kill__functions.h
[16.843s] -- Installing: /home/dl/ros2_ws/install/turtlesim/include/turtlesim/turtlesim/srv/detail/kill__functions.c
[16.843s] -- Installing: /home/dl/ros2_ws/install/turtlesim/include/turtlesim/turtlesim/srv/detail/teleport_absolute__type_support.h
[16.843s] -- Installing: /home/dl/ros2_ws/install/turtlesim/include/turtlesim/turtlesim/srv/detail/set_pen__type_support.h
[16.843s] -- Installing: /home/dl/ros2_ws/install/turtlesim/include/turtlesim/turtlesim/srv/detail/spawn__struct.h
[16.843s] -- Installing: /home/dl/ros2_ws/install/turtlesim/include/turtlesim/turtlesim/srv/detail/teleport_relative__struct.h
[16.844s] -- Installing: /home/dl/ros2_ws/install/turtlesim/include/turtlesim/turtlesim/srv/detail/teleport_absolute__functions.c
[16.844s] -- Installing: /home/dl/ros2_ws/install/turtlesim/include/turtlesim/turtlesim/srv/detail/set_pen__functions.h
[16.844s] -- Installing: /home/dl/ros2_ws/install/turtlesim/include/turtlesim/turtlesim/srv/detail/teleport_absolute__functions.h
[16.844s] -- Installing: /home/dl/ros2_ws/install/turtlesim/include/turtlesim/turtlesim/srv/spawn.h
[16.844s] -- Installing: /home/dl/ros2_ws/install/turtlesim/include/turtlesim/turtlesim/srv/set_pen.h
[16.844s] -- Installing: /home/dl/ros2_ws/install/turtlesim/include/turtlesim/turtlesim/srv/kill.h
[16.844s] -- Installing: /home/dl/ros2_ws/install/turtlesim/include/turtlesim/turtlesim/srv/teleport_relative.h
[16.844s] -- Installing: /home/dl/ros2_ws/install/turtlesim/include/turtlesim/turtlesim/srv/teleport_absolute.h
[16.844s] -- Installing: /home/dl/ros2_ws/install/turtlesim/share/turtlesim/environment/library_path.sh
[16.844s] -- Installing: /home/dl/ros2_ws/install/turtlesim/share/turtlesim/environment/library_path.dsv
[16.844s] -- Installing: /home/dl/ros2_ws/install/turtlesim/lib/libturtlesim__rosidl_generator_c.so
[16.844s] -- Set runtime path of "/home/dl/ros2_ws/install/turtlesim/lib/libturtlesim__rosidl_generator_c.so" to ""
[16.844s] -- Up-to-date: /home/dl/ros2_ws/install/turtlesim/include/turtlesim/turtlesim
[16.844s] -- Up-to-date: /home/dl/ros2_ws/install/turtlesim/include/turtlesim/turtlesim/msg
[16.844s] -- Up-to-date: /home/dl/ros2_ws/install/turtlesim/include/turtlesim/turtlesim/msg/detail
[16.844s] -- Installing: /home/dl/ros2_ws/install/turtlesim/include/turtlesim/turtlesim/msg/detail/pose__rosidl_typesupport_fastrtps_c.h
[16.844s] -- Installing: /home/dl/ros2_ws/install/turtlesim/include/turtlesim/turtlesim/msg/detail/color__rosidl_typesupport_fastrtps_c.h
[16.844s] -- Installing: /home/dl/ros2_ws/install/turtlesim/include/turtlesim/turtlesim/msg/rosidl_typesupport_fastrtps_c__visibility_control.h
[16.845s] -- Up-to-date: /home/dl/ros2_ws/install/turtlesim/include/turtlesim/turtlesim/action
[16.845s] -- Up-to-date: /home/dl/ros2_ws/install/turtlesim/include/turtlesim/turtlesim/action/detail
[16.845s] -- Installing: /home/dl/ros2_ws/install/turtlesim/include/turtlesim/turtlesim/action/detail/rotate_absolute__rosidl_typesupport_fastrtps_c.h
[16.845s] -- Up-to-date: /home/dl/ros2_ws/install/turtlesim/include/turtlesim/turtlesim/srv
[16.845s] -- Up-to-date: /home/dl/ros2_ws/install/turtlesim/include/turtlesim/turtlesim/srv/detail
[16.845s] -- Installing: /home/dl/ros2_ws/install/turtlesim/include/turtlesim/turtlesim/srv/detail/kill__rosidl_typesupport_fastrtps_c.h
[16.845s] -- Installing: /home/dl/ros2_ws/install/turtlesim/include/turtlesim/turtlesim/srv/detail/set_pen__rosidl_typesupport_fastrtps_c.h
[16.845s] -- Installing: /home/dl/ros2_ws/install/turtlesim/include/turtlesim/turtlesim/srv/detail/teleport_relative__rosidl_typesupport_fastrtps_c.h
[16.845s] -- Installing: /home/dl/ros2_ws/install/turtlesim/include/turtlesim/turtlesim/srv/detail/spawn__rosidl_typesupport_fastrtps_c.h
[16.845s] -- Installing: /home/dl/ros2_ws/install/turtlesim/include/turtlesim/turtlesim/srv/detail/teleport_absolute__rosidl_typesupport_fastrtps_c.h
[16.845s] -- Installing: /home/dl/ros2_ws/install/turtlesim/lib/libturtlesim__rosidl_typesupport_fastrtps_c.so
[16.845s] -- Set runtime path of "/home/dl/ros2_ws/install/turtlesim/lib/libturtlesim__rosidl_typesupport_fastrtps_c.so" to ""
[16.845s] -- Up-to-date: /home/dl/ros2_ws/install/turtlesim/include/turtlesim/turtlesim
[16.845s] -- Up-to-date: /home/dl/ros2_ws/install/turtlesim/include/turtlesim/turtlesim/msg
[16.845s] -- Installing: /home/dl/ros2_ws/install/turtlesim/include/turtlesim/turtlesim/msg/pose.hpp
[16.845s] -- Up-to-date: /home/dl/ros2_ws/install/turtlesim/include/turtlesim/turtlesim/msg/detail
[16.846s] -- Installing: /home/dl/ros2_ws/install/turtlesim/include/turtlesim/turtlesim/msg/detail/pose__builder.hpp
[16.846s] -- Installing: /home/dl/ros2_ws/install/turtlesim/include/turtlesim/turtlesim/msg/detail/color__struct.hpp
[16.846s] -- Installing: /home/dl/ros2_ws/install/turtlesim/include/turtlesim/turtlesim/msg/detail/pose__traits.hpp
[16.846s] -- Installing: /home/dl/ros2_ws/install/turtlesim/include/turtlesim/turtlesim/msg/detail/color__builder.hpp
[16.846s] -- Installing: /home/dl/ros2_ws/install/turtlesim/include/turtlesim/turtlesim/msg/detail/pose__struct.hpp
[16.846s] -- Installing: /home/dl/ros2_ws/install/turtlesim/include/turtlesim/turtlesim/msg/detail/color__traits.hpp
[16.846s] -- Installing: /home/dl/ros2_ws/install/turtlesim/include/turtlesim/turtlesim/msg/color.hpp
[16.846s] -- Up-to-date: /home/dl/ros2_ws/install/turtlesim/include/turtlesim/turtlesim/action
[16.846s] -- Up-to-date: /home/dl/ros2_ws/install/turtlesim/include/turtlesim/turtlesim/action/detail
[16.846s] -- Installing: /home/dl/ros2_ws/install/turtlesim/include/turtlesim/turtlesim/action/detail/rotate_absolute__builder.hpp
[16.846s] -- Installing: /home/dl/ros2_ws/install/turtlesim/include/turtlesim/turtlesim/action/detail/rotate_absolute__struct.hpp
[16.846s] -- Installing: /home/dl/ros2_ws/install/turtlesim/include/turtlesim/turtlesim/action/detail/rotate_absolute__traits.hpp
[16.846s] -- Installing: /home/dl/ros2_ws/install/turtlesim/include/turtlesim/turtlesim/action/rotate_absolute.hpp
[16.846s] -- Up-to-date: /home/dl/ros2_ws/install/turtlesim/include/turtlesim/turtlesim/srv
[16.846s] -- Up-to-date: /home/dl/ros2_ws/install/turtlesim/include/turtlesim/turtlesim/srv/detail
[16.846s] -- Installing: /home/dl/ros2_ws/install/turtlesim/include/turtlesim/turtlesim/srv/detail/kill__traits.hpp
[16.846s] -- Installing: /home/dl/ros2_ws/install/turtlesim/include/turtlesim/turtlesim/srv/detail/spawn__struct.hpp
[16.847s] -- Installing: /home/dl/ros2_ws/install/turtlesim/include/turtlesim/turtlesim/srv/detail/teleport_relative__traits.hpp
[16.847s] -- Installing: /home/dl/ros2_ws/install/turtlesim/include/turtlesim/turtlesim/srv/detail/teleport_absolute__builder.hpp
[16.847s] -- Installing: /home/dl/ros2_ws/install/turtlesim/include/turtlesim/turtlesim/srv/detail/kill__struct.hpp
[16.847s] -- Installing: /home/dl/ros2_ws/install/turtlesim/include/turtlesim/turtlesim/srv/detail/spawn__builder.hpp
[16.847s] -- Installing: /home/dl/ros2_ws/install/turtlesim/include/turtlesim/turtlesim/srv/detail/kill__builder.hpp
[16.847s] -- Installing: /home/dl/ros2_ws/install/turtlesim/include/turtlesim/turtlesim/srv/detail/teleport_absolute__traits.hpp
[16.847s] -- Installing: /home/dl/ros2_ws/install/turtlesim/include/turtlesim/turtlesim/srv/detail/teleport_relative__struct.hpp
[16.847s] -- Installing: /home/dl/ros2_ws/install/turtlesim/include/turtlesim/turtlesim/srv/detail/teleport_absolute__struct.hpp
[16.847s] -- Installing: /home/dl/ros2_ws/install/turtlesim/include/turtlesim/turtlesim/srv/detail/spawn__traits.hpp
[16.847s] -- Installing: /home/dl/ros2_ws/install/turtlesim/include/turtlesim/turtlesim/srv/detail/set_pen__traits.hpp
[16.847s] -- Installing: /home/dl/ros2_ws/install/turtlesim/include/turtlesim/turtlesim/srv/detail/set_pen__struct.hpp
[16.847s] -- Installing: /home/dl/ros2_ws/install/turtlesim/include/turtlesim/turtlesim/srv/detail/set_pen__builder.hpp
[16.847s] -- Installing: /home/dl/ros2_ws/install/turtlesim/include/turtlesim/turtlesim/srv/detail/teleport_relative__builder.hpp
[16.847s] -- Installing: /home/dl/ros2_ws/install/turtlesim/include/turtlesim/turtlesim/srv/spawn.hpp
[16.847s] -- Installing: /home/dl/ros2_ws/install/turtlesim/include/turtlesim/turtlesim/srv/set_pen.hpp
[16.848s] -- Installing: /home/dl/ros2_ws/install/turtlesim/include/turtlesim/turtlesim/srv/teleport_relative.hpp
[16.848s] -- Installing: /home/dl/ros2_ws/install/turtlesim/include/turtlesim/turtlesim/srv/kill.hpp
[16.848s] -- Installing: /home/dl/ros2_ws/install/turtlesim/include/turtlesim/turtlesim/srv/teleport_absolute.hpp
[16.848s] -- Up-to-date: /home/dl/ros2_ws/install/turtlesim/include/turtlesim/turtlesim
[16.848s] -- Up-to-date: /home/dl/ros2_ws/install/turtlesim/include/turtlesim/turtlesim/msg
[16.848s] -- Installing: /home/dl/ros2_ws/install/turtlesim/include/turtlesim/turtlesim/msg/rosidl_typesupport_fastrtps_cpp__visibility_control.h
[16.848s] -- Up-to-date: /home/dl/ros2_ws/install/turtlesim/include/turtlesim/turtlesim/msg/detail
[16.848s] -- Installing: /home/dl/ros2_ws/install/turtlesim/include/turtlesim/turtlesim/msg/detail/pose__rosidl_typesupport_fastrtps_cpp.hpp
[16.848s] -- Installing: /home/dl/ros2_ws/install/turtlesim/include/turtlesim/turtlesim/msg/detail/dds_fastrtps
[16.848s] -- Installing: /home/dl/ros2_ws/install/turtlesim/include/turtlesim/turtlesim/msg/detail/color__rosidl_typesupport_fastrtps_cpp.hpp
[16.848s] -- Up-to-date: /home/dl/ros2_ws/install/turtlesim/include/turtlesim/turtlesim/action
[16.848s] -- Up-to-date: /home/dl/ros2_ws/install/turtlesim/include/turtlesim/turtlesim/action/detail
[16.848s] -- Installing: /home/dl/ros2_ws/install/turtlesim/include/turtlesim/turtlesim/action/detail/dds_fastrtps
[16.848s] -- Installing: /home/dl/ros2_ws/install/turtlesim/include/turtlesim/turtlesim/action/detail/rotate_absolute__rosidl_typesupport_fastrtps_cpp.hpp
[16.848s] -- Up-to-date: /home/dl/ros2_ws/install/turtlesim/include/turtlesim/turtlesim/srv
[16.848s] -- Up-to-date: /home/dl/ros2_ws/install/turtlesim/include/turtlesim/turtlesim/srv/detail
[16.849s] -- Installing: /home/dl/ros2_ws/install/turtlesim/include/turtlesim/turtlesim/srv/detail/kill__rosidl_typesupport_fastrtps_cpp.hpp
[16.849s] -- Installing: /home/dl/ros2_ws/install/turtlesim/include/turtlesim/turtlesim/srv/detail/set_pen__rosidl_typesupport_fastrtps_cpp.hpp
[16.849s] -- Installing: /home/dl/ros2_ws/install/turtlesim/include/turtlesim/turtlesim/srv/detail/dds_fastrtps
[16.849s] -- Installing: /home/dl/ros2_ws/install/turtlesim/include/turtlesim/turtlesim/srv/detail/spawn__rosidl_typesupport_fastrtps_cpp.hpp
[16.849s] -- Installing: /home/dl/ros2_ws/install/turtlesim/include/turtlesim/turtlesim/srv/detail/teleport_absolute__rosidl_typesupport_fastrtps_cpp.hpp
[16.849s] -- Installing: /home/dl/ros2_ws/install/turtlesim/include/turtlesim/turtlesim/srv/detail/teleport_relative__rosidl_typesupport_fastrtps_cpp.hpp
[16.849s] -- Installing: /home/dl/ros2_ws/install/turtlesim/lib/libturtlesim__rosidl_typesupport_fastrtps_cpp.so
[16.849s] -- Set runtime path of "/home/dl/ros2_ws/install/turtlesim/lib/libturtlesim__rosidl_typesupport_fastrtps_cpp.so" to ""
[16.849s] -- Up-to-date: /home/dl/ros2_ws/install/turtlesim/include/turtlesim/turtlesim
[16.849s] -- Up-to-date: /home/dl/ros2_ws/install/turtlesim/include/turtlesim/turtlesim/msg
[16.849s] -- Installing: /home/dl/ros2_ws/install/turtlesim/include/turtlesim/turtlesim/msg/rosidl_typesupport_introspection_c__visibility_control.h
[16.849s] -- Up-to-date: /home/dl/ros2_ws/install/turtlesim/include/turtlesim/turtlesim/msg/detail
[16.849s] -- Installing: /home/dl/ros2_ws/install/turtlesim/include/turtlesim/turtlesim/msg/detail/pose__type_support.c
[16.849s] -- Installing: /home/dl/ros2_ws/install/turtlesim/include/turtlesim/turtlesim/msg/detail/color__rosidl_typesupport_introspection_c.h
[16.849s] -- Installing: /home/dl/ros2_ws/install/turtlesim/include/turtlesim/turtlesim/msg/detail/color__type_support.c
[16.850s] -- Installing: /home/dl/ros2_ws/install/turtlesim/include/turtlesim/turtlesim/msg/detail/pose__rosidl_typesupport_introspection_c.h
[16.850s] -- Up-to-date: /home/dl/ros2_ws/install/turtlesim/include/turtlesim/turtlesim/action
[16.850s] -- Up-to-date: /home/dl/ros2_ws/install/turtlesim/include/turtlesim/turtlesim/action/detail
[16.850s] -- Installing: /home/dl/ros2_ws/install/turtlesim/include/turtlesim/turtlesim/action/detail/rotate_absolute__rosidl_typesupport_introspection_c.h
[16.850s] -- Installing: /home/dl/ros2_ws/install/turtlesim/include/turtlesim/turtlesim/action/detail/rotate_absolute__type_support.c
[16.850s] -- Up-to-date: /home/dl/ros2_ws/install/turtlesim/include/turtlesim/turtlesim/srv
[16.850s] -- Up-to-date: /home/dl/ros2_ws/install/turtlesim/include/turtlesim/turtlesim/srv/detail
[16.850s] -- Installing: /home/dl/ros2_ws/install/turtlesim/include/turtlesim/turtlesim/srv/detail/kill__rosidl_typesupport_introspection_c.h
[16.850s] -- Installing: /home/dl/ros2_ws/install/turtlesim/include/turtlesim/turtlesim/srv/detail/teleport_absolute__rosidl_typesupport_introspection_c.h
[16.850s] -- Installing: /home/dl/ros2_ws/install/turtlesim/include/turtlesim/turtlesim/srv/detail/spawn__type_support.c
[16.850s] -- Installing: /home/dl/ros2_ws/install/turtlesim/include/turtlesim/turtlesim/srv/detail/teleport_relative__rosidl_typesupport_introspection_c.h
[16.850s] -- Installing: /home/dl/ros2_ws/install/turtlesim/include/turtlesim/turtlesim/srv/detail/set_pen__rosidl_typesupport_introspection_c.h
[16.850s] -- Installing: /home/dl/ros2_ws/install/turtlesim/include/turtlesim/turtlesim/srv/detail/spawn__rosidl_typesupport_introspection_c.h
[16.850s] -- Installing: /home/dl/ros2_ws/install/turtlesim/include/turtlesim/turtlesim/srv/detail/kill__type_support.c
[16.850s] -- Installing: /home/dl/ros2_ws/install/turtlesim/include/turtlesim/turtlesim/srv/detail/teleport_absolute__type_support.c
[16.851s] -- Installing: /home/dl/ros2_ws/install/turtlesim/include/turtlesim/turtlesim/srv/detail/set_pen__type_support.c
[16.851s] -- Installing: /home/dl/ros2_ws/install/turtlesim/include/turtlesim/turtlesim/srv/detail/teleport_relative__type_support.c
[16.851s] -- Installing: /home/dl/ros2_ws/install/turtlesim/lib/libturtlesim__rosidl_typesupport_introspection_c.so
[16.851s] -- Set runtime path of "/home/dl/ros2_ws/install/turtlesim/lib/libturtlesim__rosidl_typesupport_introspection_c.so" to ""
[16.851s] -- Installing: /home/dl/ros2_ws/install/turtlesim/lib/libturtlesim__rosidl_typesupport_c.so
[16.851s] -- Set runtime path of "/home/dl/ros2_ws/install/turtlesim/lib/libturtlesim__rosidl_typesupport_c.so" to ""
[16.851s] -- Up-to-date: /home/dl/ros2_ws/install/turtlesim/include/turtlesim/turtlesim
[16.851s] -- Up-to-date: /home/dl/ros2_ws/install/turtlesim/include/turtlesim/turtlesim/msg
[16.851s] -- Up-to-date: /home/dl/ros2_ws/install/turtlesim/include/turtlesim/turtlesim/msg/detail
[16.851s] -- Installing: /home/dl/ros2_ws/install/turtlesim/include/turtlesim/turtlesim/msg/detail/pose__type_support.cpp
[16.851s] -- Installing: /home/dl/ros2_ws/install/turtlesim/include/turtlesim/turtlesim/msg/detail/pose__rosidl_typesupport_introspection_cpp.hpp
[16.851s] -- Installing: /home/dl/ros2_ws/install/turtlesim/include/turtlesim/turtlesim/msg/detail/color__rosidl_typesupport_introspection_cpp.hpp
[16.851s] -- Installing: /home/dl/ros2_ws/install/turtlesim/include/turtlesim/turtlesim/msg/detail/color__type_support.cpp
[16.851s] -- Up-to-date: /home/dl/ros2_ws/install/turtlesim/include/turtlesim/turtlesim/action
[16.851s] -- Up-to-date: /home/dl/ros2_ws/install/turtlesim/include/turtlesim/turtlesim/action/detail
[16.851s] -- Installing: /home/dl/ros2_ws/install/turtlesim/include/turtlesim/turtlesim/action/detail/rotate_absolute__type_support.cpp
[16.851s] -- Installing: /home/dl/ros2_ws/install/turtlesim/include/turtlesim/turtlesim/action/detail/rotate_absolute__rosidl_typesupport_introspection_cpp.hpp
[16.851s] -- Up-to-date: /home/dl/ros2_ws/install/turtlesim/include/turtlesim/turtlesim/srv
[16.851s] -- Up-to-date: /home/dl/ros2_ws/install/turtlesim/include/turtlesim/turtlesim/srv/detail
[16.852s] -- Installing: /home/dl/ros2_ws/install/turtlesim/include/turtlesim/turtlesim/srv/detail/teleport_relative__type_support.cpp
[16.852s] -- Installing: /home/dl/ros2_ws/install/turtlesim/include/turtlesim/turtlesim/srv/detail/spawn__rosidl_typesupport_introspection_cpp.hpp
[16.852s] -- Installing: /home/dl/ros2_ws/install/turtlesim/include/turtlesim/turtlesim/srv/detail/set_pen__rosidl_typesupport_introspection_cpp.hpp
[16.852s] -- Installing: /home/dl/ros2_ws/install/turtlesim/include/turtlesim/turtlesim/srv/detail/teleport_relative__rosidl_typesupport_introspection_cpp.hpp
[16.852s] -- Installing: /home/dl/ros2_ws/install/turtlesim/include/turtlesim/turtlesim/srv/detail/kill__rosidl_typesupport_introspection_cpp.hpp
[16.852s] -- Installing: /home/dl/ros2_ws/install/turtlesim/include/turtlesim/turtlesim/srv/detail/teleport_absolute__rosidl_typesupport_introspection_cpp.hpp
[16.852s] -- Installing: /home/dl/ros2_ws/install/turtlesim/include/turtlesim/turtlesim/srv/detail/spawn__type_support.cpp
[16.852s] -- Installing: /home/dl/ros2_ws/install/turtlesim/include/turtlesim/turtlesim/srv/detail/teleport_absolute__type_support.cpp
[16.852s] -- Installing: /home/dl/ros2_ws/install/turtlesim/include/turtlesim/turtlesim/srv/detail/set_pen__type_support.cpp
[16.852s] -- Installing: /home/dl/ros2_ws/install/turtlesim/include/turtlesim/turtlesim/srv/detail/kill__type_support.cpp
[16.852s] -- Installing: /home/dl/ros2_ws/install/turtlesim/lib/libturtlesim__rosidl_typesupport_introspection_cpp.so
[16.852s] -- Set runtime path of "/home/dl/ros2_ws/install/turtlesim/lib/libturtlesim__rosidl_typesupport_introspection_cpp.so" to ""
[16.852s] -- Installing: /home/dl/ros2_ws/install/turtlesim/lib/libturtlesim__rosidl_typesupport_cpp.so
[16.852s] -- Set runtime path of "/home/dl/ros2_ws/install/turtlesim/lib/libturtlesim__rosidl_typesupport_cpp.so" to ""
[16.852s] -- Installing: /home/dl/ros2_ws/install/turtlesim/share/turtlesim/environment/pythonpath.sh
[16.852s] -- Installing: /home/dl/ros2_ws/install/turtlesim/share/turtlesim/environment/pythonpath.dsv
[16.853s] -- Installing: /home/dl/ros2_ws/install/turtlesim/local/lib/python3.10/dist-packages/turtlesim-1.4.1-py3.10.egg-info
[16.853s] -- Installing: /home/dl/ros2_ws/install/turtlesim/local/lib/python3.10/dist-packages/turtlesim-1.4.1-py3.10.egg-info/PKG-INFO
[16.853s] -- Installing: /home/dl/ros2_ws/install/turtlesim/local/lib/python3.10/dist-packages/turtlesim-1.4.1-py3.10.egg-info/dependency_links.txt
[16.853s] -- Installing: /home/dl/ros2_ws/install/turtlesim/local/lib/python3.10/dist-packages/turtlesim-1.4.1-py3.10.egg-info/SOURCES.txt
[16.853s] -- Installing: /home/dl/ros2_ws/install/turtlesim/local/lib/python3.10/dist-packages/turtlesim-1.4.1-py3.10.egg-info/top_level.txt
[16.853s] -- Installing: /home/dl/ros2_ws/install/turtlesim/local/lib/python3.10/dist-packages/turtlesim
[16.853s] -- Installing: /home/dl/ros2_ws/install/turtlesim/local/lib/python3.10/dist-packages/turtlesim/_turtlesim_s.ep.rosidl_typesupport_fastrtps_c.c
[16.853s] -- Installing: /home/dl/ros2_ws/install/turtlesim/local/lib/python3.10/dist-packages/turtlesim/msg
[16.853s] -- Installing: /home/dl/ros2_ws/install/turtlesim/local/lib/python3.10/dist-packages/turtlesim/msg/_pose.py
[16.853s] -- Installing: /home/dl/ros2_ws/install/turtlesim/local/lib/python3.10/dist-packages/turtlesim/msg/_color_s.c
[16.853s] -- Installing: /home/dl/ros2_ws/install/turtlesim/local/lib/python3.10/dist-packages/turtlesim/msg/_pose_s.c
[16.853s] -- Installing: /home/dl/ros2_ws/install/turtlesim/local/lib/python3.10/dist-packages/turtlesim/msg/_color.py
[16.853s] -- Installing: /home/dl/ros2_ws/install/turtlesim/local/lib/python3.10/dist-packages/turtlesim/msg/__init__.py
[16.853s] -- Installing: /home/dl/ros2_ws/install/turtlesim/local/lib/python3.10/dist-packages/turtlesim/turtlesim_s__rosidl_typesupport_c.cpython-310-x86_64-linux-gnu.so
[16.853s] -- Installing: /home/dl/ros2_ws/install/turtlesim/local/lib/python3.10/dist-packages/turtlesim/_turtlesim_s.ep.rosidl_typesupport_c.c
[16.853s] -- Installing: /home/dl/ros2_ws/install/turtlesim/local/lib/python3.10/dist-packages/turtlesim/action
[16.854s] -- Installing: /home/dl/ros2_ws/install/turtlesim/local/lib/python3.10/dist-packages/turtlesim/action/_rotate_absolute.py
[16.854s] -- Installing: /home/dl/ros2_ws/install/turtlesim/local/lib/python3.10/dist-packages/turtlesim/action/_rotate_absolute_s.c
[16.854s] -- Installing: /home/dl/ros2_ws/install/turtlesim/local/lib/python3.10/dist-packages/turtlesim/action/__init__.py
[16.854s] -- Installing: /home/dl/ros2_ws/install/turtlesim/local/lib/python3.10/dist-packages/turtlesim/turtlesim_s__rosidl_typesupport_introspection_c.cpython-310-x86_64-linux-gnu.so
[16.854s] -- Installing: /home/dl/ros2_ws/install/turtlesim/local/lib/python3.10/dist-packages/turtlesim/srv
[16.854s] -- Installing: /home/dl/ros2_ws/install/turtlesim/local/lib/python3.10/dist-packages/turtlesim/srv/_teleport_relative.py
[16.854s] -- Installing: /home/dl/ros2_ws/install/turtlesim/local/lib/python3.10/dist-packages/turtlesim/srv/_kill_s.c
[16.854s] -- Installing: /home/dl/ros2_ws/install/turtlesim/local/lib/python3.10/dist-packages/turtlesim/srv/_set_pen_s.c
[16.854s] -- Installing: /home/dl/ros2_ws/install/turtlesim/local/lib/python3.10/dist-packages/turtlesim/srv/_kill.py
[16.854s] -- Installing: /home/dl/ros2_ws/install/turtlesim/local/lib/python3.10/dist-packages/turtlesim/srv/_spawn_s.c
[16.854s] -- Installing: /home/dl/ros2_ws/install/turtlesim/local/lib/python3.10/dist-packages/turtlesim/srv/_spawn.py
[16.854s] -- Installing: /home/dl/ros2_ws/install/turtlesim/local/lib/python3.10/dist-packages/turtlesim/srv/_teleport_absolute_s.c
[16.854s] -- Installing: /home/dl/ros2_ws/install/turtlesim/local/lib/python3.10/dist-packages/turtlesim/srv/_teleport_relative_s.c
[16.854s] -- Installing: /home/dl/ros2_ws/install/turtlesim/local/lib/python3.10/dist-packages/turtlesim/srv/_set_pen.py
[16.854s] -- Installing: /home/dl/ros2_ws/install/turtlesim/local/lib/python3.10/dist-packages/turtlesim/srv/__init__.py
[16.854s] -- Installing: /home/dl/ros2_ws/install/turtlesim/local/lib/python3.10/dist-packages/turtlesim/srv/_teleport_absolute.py
[16.854s] -- Installing: /home/dl/ros2_ws/install/turtlesim/local/lib/python3.10/dist-packages/turtlesim/_turtlesim_s.ep.rosidl_typesupport_introspection_c.c
[16.854s] -- Installing: /home/dl/ros2_ws/install/turtlesim/local/lib/python3.10/dist-packages/turtlesim/libturtlesim__rosidl_generator_py.so
[16.854s] -- Installing: /home/dl/ros2_ws/install/turtlesim/local/lib/python3.10/dist-packages/turtlesim/turtlesim_s__rosidl_typesupport_fastrtps_c.cpython-310-x86_64-linux-gnu.so
[16.854s] -- Installing: /home/dl/ros2_ws/install/turtlesim/local/lib/python3.10/dist-packages/turtlesim/__init__.py
[16.892s] Listing '/home/dl/ros2_ws/install/turtlesim/local/lib/python3.10/dist-packages/turtlesim'...
[16.892s] Compiling '/home/dl/ros2_ws/install/turtlesim/local/lib/python3.10/dist-packages/turtlesim/__init__.py'...
[16.892s] Listing '/home/dl/ros2_ws/install/turtlesim/local/lib/python3.10/dist-packages/turtlesim/action'...
[16.892s] Compiling '/home/dl/ros2_ws/install/turtlesim/local/lib/python3.10/dist-packages/turtlesim/action/__init__.py'...
[16.892s] Compiling '/home/dl/ros2_ws/install/turtlesim/local/lib/python3.10/dist-packages/turtlesim/action/_rotate_absolute.py'...
[16.892s] Listing '/home/dl/ros2_ws/install/turtlesim/local/lib/python3.10/dist-packages/turtlesim/msg'...
[16.892s] Compiling '/home/dl/ros2_ws/install/turtlesim/local/lib/python3.10/dist-packages/turtlesim/msg/__init__.py'...
[16.892s] Compiling '/home/dl/ros2_ws/install/turtlesim/local/lib/python3.10/dist-packages/turtlesim/msg/_color.py'...
[16.892s] Compiling '/home/dl/ros2_ws/install/turtlesim/local/lib/python3.10/dist-packages/turtlesim/msg/_pose.py'...
[16.892s] Listing '/home/dl/ros2_ws/install/turtlesim/local/lib/python3.10/dist-packages/turtlesim/srv'...
[16.892s] Compiling '/home/dl/ros2_ws/install/turtlesim/local/lib/python3.10/dist-packages/turtlesim/srv/__init__.py'...
[16.892s] Compiling '/home/dl/ros2_ws/install/turtlesim/local/lib/python3.10/dist-packages/turtlesim/srv/_kill.py'...
[16.892s] Compiling '/home/dl/ros2_ws/install/turtlesim/local/lib/python3.10/dist-packages/turtlesim/srv/_set_pen.py'...
[16.892s] Compiling '/home/dl/ros2_ws/install/turtlesim/local/lib/python3.10/dist-packages/turtlesim/srv/_spawn.py'...
[16.892s] Compiling '/home/dl/ros2_ws/install/turtlesim/local/lib/python3.10/dist-packages/turtlesim/srv/_teleport_absolute.py'...
[16.892s] Compiling '/home/dl/ros2_ws/install/turtlesim/local/lib/python3.10/dist-packages/turtlesim/srv/_teleport_relative.py'...
[16.895s] -- Installing: /home/dl/ros2_ws/install/turtlesim/local/lib/python3.10/dist-packages/turtlesim/turtlesim_s__rosidl_typesupport_fastrtps_c.cpython-310-x86_64-linux-gnu.so
[16.896s] -- Set runtime path of "/home/dl/ros2_ws/install/turtlesim/local/lib/python3.10/dist-packages/turtlesim/turtlesim_s__rosidl_typesupport_fastrtps_c.cpython-310-x86_64-linux-gnu.so" to ""
[16.896s] -- Installing: /home/dl/ros2_ws/install/turtlesim/local/lib/python3.10/dist-packages/turtlesim/turtlesim_s__rosidl_typesupport_introspection_c.cpython-310-x86_64-linux-gnu.so
[16.896s] -- Set runtime path of "/home/dl/ros2_ws/install/turtlesim/local/lib/python3.10/dist-packages/turtlesim/turtlesim_s__rosidl_typesupport_introspection_c.cpython-310-x86_64-linux-gnu.so" to ""
[16.896s] -- Installing: /home/dl/ros2_ws/install/turtlesim/local/lib/python3.10/dist-packages/turtlesim/turtlesim_s__rosidl_typesupport_c.cpython-310-x86_64-linux-gnu.so
[16.896s] -- Set runtime path of "/home/dl/ros2_ws/install/turtlesim/local/lib/python3.10/dist-packages/turtlesim/turtlesim_s__rosidl_typesupport_c.cpython-310-x86_64-linux-gnu.so" to ""
[16.896s] -- Installing: /home/dl/ros2_ws/install/turtlesim/lib/libturtlesim__rosidl_generator_py.so
[16.896s] -- Set runtime path of "/home/dl/ros2_ws/install/turtlesim/lib/libturtlesim__rosidl_generator_py.so" to ""
[16.897s] -- Installing: /home/dl/ros2_ws/install/turtlesim/share/turtlesim/action/RotateAbsolute.idl
[16.897s] -- Installing: /home/dl/ros2_ws/install/turtlesim/share/turtlesim/msg/Color.idl
[16.897s] -- Installing: /home/dl/ros2_ws/install/turtlesim/share/turtlesim/msg/Pose.idl
[16.897s] -- Installing: /home/dl/ros2_ws/install/turtlesim/share/turtlesim/srv/Kill.idl
[16.897s] -- Installing: /home/dl/ros2_ws/install/turtlesim/share/turtlesim/srv/SetPen.idl
[16.897s] -- Installing: /home/dl/ros2_ws/install/turtlesim/share/turtlesim/srv/Spawn.idl
[16.897s] -- Installing: /home/dl/ros2_ws/install/turtlesim/share/turtlesim/srv/TeleportAbsolute.idl
[16.897s] -- Installing: /home/dl/ros2_ws/install/turtlesim/share/turtlesim/srv/TeleportRelative.idl
[16.897s] -- Installing: /home/dl/ros2_ws/install/turtlesim/share/turtlesim/action/RotateAbsolute.action
[16.897s] -- Installing: /home/dl/ros2_ws/install/turtlesim/share/turtlesim/msg/Color.msg
[16.897s] -- Installing: /home/dl/ros2_ws/install/turtlesim/share/turtlesim/msg/Pose.msg
[16.897s] -- Installing: /home/dl/ros2_ws/install/turtlesim/share/turtlesim/srv/Kill.srv
[16.897s] -- Installing: /home/dl/ros2_ws/install/turtlesim/share/turtlesim/srv/Kill_Request.msg
[16.898s] -- Installing: /home/dl/ros2_ws/install/turtlesim/share/turtlesim/srv/Kill_Response.msg
[16.898s] -- Installing: /home/dl/ros2_ws/install/turtlesim/share/turtlesim/srv/SetPen.srv
[16.898s] -- Installing: /home/dl/ros2_ws/install/turtlesim/share/turtlesim/srv/SetPen_Request.msg
[16.898s] -- Installing: /home/dl/ros2_ws/install/turtlesim/share/turtlesim/srv/SetPen_Response.msg
[16.898s] -- Installing: /home/dl/ros2_ws/install/turtlesim/share/turtlesim/srv/Spawn.srv
[16.898s] -- Installing: /home/dl/ros2_ws/install/turtlesim/share/turtlesim/srv/Spawn_Request.msg
[16.898s] -- Installing: /home/dl/ros2_ws/install/turtlesim/share/turtlesim/srv/Spawn_Response.msg
[16.898s] -- Installing: /home/dl/ros2_ws/install/turtlesim/share/turtlesim/srv/TeleportAbsolute.srv
[16.898s] -- Installing: /home/dl/ros2_ws/install/turtlesim/share/turtlesim/srv/TeleportAbsolute_Request.msg
[16.898s] -- Installing: /home/dl/ros2_ws/install/turtlesim/share/turtlesim/srv/TeleportAbsolute_Response.msg
[16.898s] -- Installing: /home/dl/ros2_ws/install/turtlesim/share/turtlesim/srv/TeleportRelative.srv
[16.898s] -- Installing: /home/dl/ros2_ws/install/turtlesim/share/turtlesim/srv/TeleportRelative_Request.msg
[16.898s] -- Installing: /home/dl/ros2_ws/install/turtlesim/share/turtlesim/srv/TeleportRelative_Response.msg
[16.899s] -- Installing: /home/dl/ros2_ws/install/turtlesim/lib/turtlesim/turtlesim_node
[16.903s] -- Set runtime path of "/home/dl/ros2_ws/install/turtlesim/lib/turtlesim/turtlesim_node" to ""
[16.904s] -- Installing: /home/dl/ros2_ws/install/turtlesim/lib/turtlesim/turtle_teleop_key
[16.905s] -- Set runtime path of "/home/dl/ros2_ws/install/turtlesim/lib/turtlesim/turtle_teleop_key" to ""
[16.905s] -- Installing: /home/dl/ros2_ws/install/turtlesim/lib/turtlesim/draw_square
[16.907s] -- Set runtime path of "/home/dl/ros2_ws/install/turtlesim/lib/turtlesim/draw_square" to ""
[16.907s] -- Installing: /home/dl/ros2_ws/install/turtlesim/lib/turtlesim/mimic
[16.910s] -- Set runtime path of "/home/dl/ros2_ws/install/turtlesim/lib/turtlesim/mimic" to ""
[16.910s] -- Installing: /home/dl/ros2_ws/install/turtlesim/share/turtlesim/images
[16.910s] -- Installing: /home/dl/ros2_ws/install/turtlesim/share/turtlesim/images/dashing.png
[16.910s] -- Installing: /home/dl/ros2_ws/install/turtlesim/share/turtlesim/images/ardent.png
[16.910s] -- Installing: /home/dl/ros2_ws/install/turtlesim/share/turtlesim/images/eloquent.png
[16.910s] -- Installing: /home/dl/ros2_ws/install/turtlesim/share/turtlesim/images/crystal.png
[16.910s] -- Installing: /home/dl/ros2_ws/install/turtlesim/share/turtlesim/images/foxy.png
[16.910s] -- Installing: /home/dl/ros2_ws/install/turtlesim/share/turtlesim/images/galactic.png
[16.910s] -- Installing: /home/dl/ros2_ws/install/turtlesim/share/turtlesim/images/bouncy.png
[16.910s] -- Installing: /home/dl/ros2_ws/install/turtlesim/share/turtlesim/images/humble.png
[16.910s] -- Installing: /home/dl/ros2_ws/install/turtlesim/share/turtlesim/images/rolling.png
[16.910s] -- Installing: /home/dl/ros2_ws/install/turtlesim/share/turtlesim/launch
[16.910s] -- Installing: /home/dl/ros2_ws/install/turtlesim/share/turtlesim/launch/multisim.launch.py
[16.911s] -- Installing: /home/dl/ros2_ws/install/turtlesim/share/ament_index/resource_index/package_run_dependencies/turtlesim
[16.911s] -- Installing: /home/dl/ros2_ws/install/turtlesim/share/ament_index/resource_index/parent_prefix_path/turtlesim
[16.911s] -- Installing: /home/dl/ros2_ws/install/turtlesim/share/turtlesim/environment/ament_prefix_path.sh
[16.911s] -- Installing: /home/dl/ros2_ws/install/turtlesim/share/turtlesim/environment/ament_prefix_path.dsv
[16.911s] -- Installing: /home/dl/ros2_ws/install/turtlesim/share/turtlesim/environment/path.sh
[16.911s] -- Installing: /home/dl/ros2_ws/install/turtlesim/share/turtlesim/environment/path.dsv
[16.911s] -- Installing: /home/dl/ros2_ws/install/turtlesim/share/turtlesim/local_setup.bash
[16.911s] -- Installing: /home/dl/ros2_ws/install/turtlesim/share/turtlesim/local_setup.sh
[16.911s] -- Installing: /home/dl/ros2_ws/install/turtlesim/share/turtlesim/local_setup.zsh
[16.911s] -- Installing: /home/dl/ros2_ws/install/turtlesim/share/turtlesim/local_setup.dsv
[16.911s] -- Installing: /home/dl/ros2_ws/install/turtlesim/share/turtlesim/package.dsv
[16.911s] -- Installing: /home/dl/ros2_ws/install/turtlesim/share/ament_index/resource_index/packages/turtlesim
[16.911s] -- Installing: /home/dl/ros2_ws/install/turtlesim/share/turtlesim/cmake/export_turtlesim__rosidl_generator_cExport.cmake
[16.911s] -- Installing: /home/dl/ros2_ws/install/turtlesim/share/turtlesim/cmake/export_turtlesim__rosidl_generator_cExport-noconfig.cmake
[16.911s] -- Installing: /home/dl/ros2_ws/install/turtlesim/share/turtlesim/cmake/export_turtlesim__rosidl_typesupport_fastrtps_cExport.cmake
[16.911s] -- Installing: /home/dl/ros2_ws/install/turtlesim/share/turtlesim/cmake/export_turtlesim__rosidl_typesupport_fastrtps_cExport-noconfig.cmake
[16.912s] -- Installing: /home/dl/ros2_ws/install/turtlesim/share/turtlesim/cmake/export_turtlesim__rosidl_generator_cppExport.cmake
[16.912s] -- Installing: /home/dl/ros2_ws/install/turtlesim/share/turtlesim/cmake/export_turtlesim__rosidl_typesupport_fastrtps_cppExport.cmake
[16.912s] -- Installing: /home/dl/ros2_ws/install/turtlesim/share/turtlesim/cmake/export_turtlesim__rosidl_typesupport_fastrtps_cppExport-noconfig.cmake
[16.912s] -- Installing: /home/dl/ros2_ws/install/turtlesim/share/turtlesim/cmake/turtlesim__rosidl_typesupport_introspection_cExport.cmake
[16.912s] -- Installing: /home/dl/ros2_ws/install/turtlesim/share/turtlesim/cmake/turtlesim__rosidl_typesupport_introspection_cExport-noconfig.cmake
[16.912s] -- Installing: /home/dl/ros2_ws/install/turtlesim/share/turtlesim/cmake/turtlesim__rosidl_typesupport_cExport.cmake
[16.912s] -- Installing: /home/dl/ros2_ws/install/turtlesim/share/turtlesim/cmake/turtlesim__rosidl_typesupport_cExport-noconfig.cmake
[16.912s] -- Installing: /home/dl/ros2_ws/install/turtlesim/share/turtlesim/cmake/turtlesim__rosidl_typesupport_introspection_cppExport.cmake
[16.912s] -- Installing: /home/dl/ros2_ws/install/turtlesim/share/turtlesim/cmake/turtlesim__rosidl_typesupport_introspection_cppExport-noconfig.cmake
[16.912s] -- Installing: /home/dl/ros2_ws/install/turtlesim/share/turtlesim/cmake/turtlesim__rosidl_typesupport_cppExport.cmake
[16.912s] -- Installing: /home/dl/ros2_ws/install/turtlesim/share/turtlesim/cmake/turtlesim__rosidl_typesupport_cppExport-noconfig.cmake
[16.912s] -- Installing: /home/dl/ros2_ws/install/turtlesim/share/turtlesim/cmake/export_turtlesim__rosidl_generator_pyExport.cmake
[16.912s] -- Installing: /home/dl/ros2_ws/install/turtlesim/share/turtlesim/cmake/export_turtlesim__rosidl_generator_pyExport-noconfig.cmake
[16.913s] -- Installing: /home/dl/ros2_ws/install/turtlesim/share/turtlesim/cmake/rosidl_cmake-extras.cmake
[16.913s] -- Installing: /home/dl/ros2_ws/install/turtlesim/share/turtlesim/cmake/ament_cmake_export_dependencies-extras.cmake
[16.913s] -- Installing: /home/dl/ros2_ws/install/turtlesim/share/turtlesim/cmake/ament_cmake_export_include_directories-extras.cmake
[16.913s] -- Installing: /home/dl/ros2_ws/install/turtlesim/share/turtlesim/cmake/ament_cmake_export_libraries-extras.cmake
[16.913s] -- Installing: /home/dl/ros2_ws/install/turtlesim/share/turtlesim/cmake/ament_cmake_export_targets-extras.cmake
[16.913s] -- Installing: /home/dl/ros2_ws/install/turtlesim/share/turtlesim/cmake/rosidl_cmake_export_typesupport_targets-extras.cmake
[16.913s] -- Installing: /home/dl/ros2_ws/install/turtlesim/share/turtlesim/cmake/rosidl_cmake_export_typesupport_libraries-extras.cmake
[16.913s] -- Installing: /home/dl/ros2_ws/install/turtlesim/share/turtlesim/cmake/turtlesimConfig.cmake
[16.913s] -- Installing: /home/dl/ros2_ws/install/turtlesim/share/turtlesim/cmake/turtlesimConfig-version.cmake
[16.913s] -- Installing: /home/dl/ros2_ws/install/turtlesim/share/turtlesim/package.xml
[16.915s] Invoked command in '/home/dl/ros2_ws/build/turtlesim' returned '0': CMAKE_PREFIX_PATH=/opt/ros/humble /usr/bin/cmake --install /home/dl/ros2_ws/build/turtlesim
