[0.010s] Invoking command in '/home/dl/ros2_ws/build/more_interfaces': CMAKE_PREFIX_PATH=/opt/ros/humble /usr/bin/cmake --build /home/dl/ros2_ws/build/more_interfaces -- -j16 -l16
[0.030s] -- Found ament_cmake: 1.3.4 (/opt/ros/humble/share/ament_cmake/cmake)
[0.137s] -- Found rosidl_default_generators: 1.2.0 (/opt/ros/humble/share/rosidl_default_generators/cmake)
[0.138s] -- Using all available rosidl_typesupport_c: rosidl_typesupport_fastrtps_c;rosidl_typesupport_introspection_c
[0.140s] -- Found rosidl_adapter: 3.1.4 (/opt/ros/humble/share/rosidl_adapter/cmake)
[0.161s] -- Using all available rosidl_typesupport_cpp: rosidl_typesupport_fastrtps_cpp;rosidl_typesupport_introspection_cpp
[0.181s] -- Found rclcpp: 16.0.4 (/opt/ros/humble/share/rclcpp/cmake)
[0.228s] -- Found rmw_implementation_cmake: 6.1.1 (/opt/ros/humble/share/rmw_implementation_cmake/cmake)
[0.228s] -- Found rmw_fastrtps_cpp: 6.2.2 (/opt/ros/humble/share/rmw_fastrtps_cpp/cmake)
[0.311s] -- Using RMW implementation 'rmw_fastrtps_cpp' as default
[0.627s] -- Found ament_cmake_ros: 0.10.0 (/opt/ros/humble/share/ament_cmake_ros/cmake)
[0.749s] -- Using all available rosidl_typesupport_c: rosidl_typesupport_fastrtps_c;rosidl_typesupport_introspection_c
[0.920s] -- Using all available rosidl_typesupport_cpp: rosidl_typesupport_fastrtps_cpp;rosidl_typesupport_introspection_cpp
[0.936s] -- Found python_cmake_module: 0.10.0 (/opt/ros/humble/share/python_cmake_module/cmake)
[0.951s] -- Using PYTHON_EXECUTABLE: /usr/bin/python3
[0.951s] -- Using PYTHON_INCLUDE_DIRS: /usr/include/python3.10
[0.951s] -- Using PYTHON_LIBRARIES: /usr/lib/x86_64-linux-gnu/libpython3.10.so
[0.959s] -- Found ament_lint_auto: 0.12.6 (/opt/ros/humble/share/ament_lint_auto/cmake)
[0.965s] -- Added test 'cppcheck' to perform static code analysis on C / C++ code
[0.965s] -- Configured cppcheck include dirs: 
[0.965s] -- Configured cppcheck exclude dirs and/or files: 
[0.965s] -- Added test 'lint_cmake' to check CMake code style
[0.966s] -- Added test 'uncrustify' to check C / C++ code style
[0.966s] -- Configured uncrustify additional arguments: 
[0.966s] -- Added test 'xmllint' to check XML markup files
[0.967s] -- Configuring done
[0.991s] -- Generating done
[0.992s] -- Build files have been written to: /home/dl/ros2_ws/build/more_interfaces
[1.016s] [35m[1mConsolidate compiler generated dependencies of target more_interfaces__rosidl_generator_c[0m
[1.023s] [  5%] Built target more_interfaces__cpp
[1.023s] [ 11%] Built target more_interfaces__rosidl_generator_c
[1.032s] [ 11%] Built target ament_cmake_python_copy_more_interfaces
[1.032s] [35m[1mConsolidate compiler generated dependencies of target more_interfaces__rosidl_typesupport_c[0m
[1.033s] [35m[1mConsolidate compiler generated dependencies of target more_interfaces__rosidl_typesupport_introspection_c[0m
[1.033s] [35m[1mConsolidate compiler generated dependencies of target more_interfaces__rosidl_typesupport_cpp[0m
[1.033s] [35m[1mConsolidate compiler generated dependencies of target more_interfaces__rosidl_typesupport_fastrtps_cpp[0m
[1.033s] [35m[1mConsolidate compiler generated dependencies of target more_interfaces__rosidl_typesupport_fastrtps_c[0m
[1.033s] [35m[1mConsolidate compiler generated dependencies of target more_interfaces__rosidl_typesupport_introspection_cpp[0m
[1.041s] [ 62%] Built target more_interfaces__rosidl_typesupport_fastrtps_c
[1.042s] [ 62%] Built target more_interfaces__rosidl_typesupport_introspection_c
[1.042s] [ 62%] Built target more_interfaces__rosidl_typesupport_cpp
[1.042s] [ 62%] Built target more_interfaces__rosidl_typesupport_introspection_cpp
[1.042s] [ 62%] Built target more_interfaces__rosidl_typesupport_fastrtps_cpp
[1.042s] [ 62%] Built target more_interfaces__rosidl_typesupport_c
[1.050s] [35m[1mConsolidate compiler generated dependencies of target publish_address_book[0m
[1.058s] [ 65%] [32mBuilding CXX object CMakeFiles/subscribe_address_book.dir/src/subscriber_address_book.cpp.o[0m
[1.064s] [ 71%] Built target publish_address_book
[1.080s] [ 71%] Built target more_interfaces
[1.096s] [ 74%] Built target more_interfaces__py
[1.104s] [35m[1mConsolidate compiler generated dependencies of target more_interfaces__rosidl_generator_py[0m
[1.114s] [ 80%] Built target more_interfaces__rosidl_generator_py
[1.122s] [35m[1mConsolidate compiler generated dependencies of target more_interfaces__rosidl_typesupport_introspection_c__pyext[0m
[1.122s] [35m[1mConsolidate compiler generated dependencies of target more_interfaces__rosidl_typesupport_fastrtps_c__pyext[0m
[1.122s] [35m[1mConsolidate compiler generated dependencies of target more_interfaces__rosidl_typesupport_c__pyext[0m
[1.134s] [ 97%] Built target more_interfaces__rosidl_typesupport_introspection_c__pyext
[1.134s] [ 97%] Built target more_interfaces__rosidl_typesupport_c__pyext
[1.134s] [ 97%] Built target more_interfaces__rosidl_typesupport_fastrtps_c__pyext
[1.242s] running egg_info
[1.243s] writing more_interfaces.egg-info/PKG-INFO
[1.243s] writing dependency_links to more_interfaces.egg-info/dependency_links.txt
[1.243s] writing top-level names to more_interfaces.egg-info/top_level.txt
[1.245s] reading manifest file 'more_interfaces.egg-info/SOURCES.txt'
[1.246s] writing manifest file 'more_interfaces.egg-info/SOURCES.txt'
[1.288s] [ 97%] Built target ament_cmake_python_build_more_interfaces_egg
[4.453s] [100%] [32m[1mLinking CXX executable subscribe_address_book[0m
[4.500s] /usr/bin/ld: /usr/lib/gcc/x86_64-linux-gnu/11/../../../x86_64-linux-gnu/Scrt1.o: in function `_start':
[4.501s] (.text+0x1b): undefined reference to `main'
[4.503s] collect2: error: ld returned 1 exit status
[4.504s] gmake[2]: *** [CMakeFiles/subscribe_address_book.dir/build.make:152：subscribe_address_book] 错误 1
[4.505s] gmake[1]: *** [CMakeFiles/Makefile2:622：CMakeFiles/subscribe_address_book.dir/all] 错误 2
[4.505s] gmake: *** [Makefile:146：all] 错误 2
[4.506s] Invoked command in '/home/dl/ros2_ws/build/more_interfaces' returned '2': CMAKE_PREFIX_PATH=/opt/ros/humble /usr/bin/cmake --build /home/dl/ros2_ws/build/more_interfaces -- -j16 -l16
