[0.009s] Invoking command in '/home/dl/ros2_ws/build/more_interfaces': CMAKE_PREFIX_PATH=/opt/ros/humble /usr/bin/cmake --build /home/dl/ros2_ws/build/more_interfaces -- -j16 -l16
[0.025s] -- Found ament_cmake: 1.3.4 (/opt/ros/humble/share/ament_cmake/cmake)
[0.117s] -- Found rosidl_default_generators: 1.2.0 (/opt/ros/humble/share/rosidl_default_generators/cmake)
[0.118s] -- Using all available rosidl_typesupport_c: rosidl_typesupport_fastrtps_c;rosidl_typesupport_introspection_c
[0.120s] -- Found rosidl_adapter: 3.1.4 (/opt/ros/humble/share/rosidl_adapter/cmake)
[0.140s] -- Using all available rosidl_typesupport_cpp: rosidl_typesupport_fastrtps_cpp;rosidl_typesupport_introspection_cpp
[0.159s] -- Found rclcpp: 16.0.4 (/opt/ros/humble/share/rclcpp/cmake)
[0.208s] -- Found rmw_implementation_cmake: 6.1.1 (/opt/ros/humble/share/rmw_implementation_cmake/cmake)
[0.209s] -- Found rmw_fastrtps_cpp: 6.2.2 (/opt/ros/humble/share/rmw_fastrtps_cpp/cmake)
[0.292s] -- Using RMW implementation 'rmw_fastrtps_cpp' as default
[0.584s] -- Found ament_cmake_ros: 0.10.0 (/opt/ros/humble/share/ament_cmake_ros/cmake)
[0.704s] -- Using all available rosidl_typesupport_c: rosidl_typesupport_fastrtps_c;rosidl_typesupport_introspection_c
[0.865s] -- Using all available rosidl_typesupport_cpp: rosidl_typesupport_fastrtps_cpp;rosidl_typesupport_introspection_cpp
[0.880s] -- Found python_cmake_module: 0.10.0 (/opt/ros/humble/share/python_cmake_module/cmake)
[0.895s] -- Using PYTHON_EXECUTABLE: /usr/bin/python3
[0.895s] -- Using PYTHON_INCLUDE_DIRS: /usr/include/python3.10
[0.895s] -- Using PYTHON_LIBRARIES: /usr/lib/x86_64-linux-gnu/libpython3.10.so
[0.902s] -- Found ament_lint_auto: 0.12.6 (/opt/ros/humble/share/ament_lint_auto/cmake)
[0.908s] -- Added test 'cppcheck' to perform static code analysis on C / C++ code
[0.908s] -- Configured cppcheck include dirs: 
[0.908s] -- Configured cppcheck exclude dirs and/or files: 
[0.908s] -- Added test 'lint_cmake' to check CMake code style
[0.909s] -- Added test 'uncrustify' to check C / C++ code style
[0.909s] -- Configured uncrustify additional arguments: 
[0.909s] -- Added test 'xmllint' to check XML markup files
[0.910s] -- Configuring done
[0.933s] -- Generating done
[0.935s] -- Build files have been written to: /home/dl/ros2_ws/build/more_interfaces
[0.955s] [35m[1mConsolidate compiler generated dependencies of target more_interfaces__rosidl_generator_c[0m
[0.960s] [  2%] Built target more_interfaces__cpp
[0.961s] [ 11%] Built target more_interfaces__rosidl_generator_c
[0.967s] [ 11%] Built target ament_cmake_python_copy_more_interfaces
[0.967s] [35m[1mConsolidate compiler generated dependencies of target more_interfaces__rosidl_typesupport_introspection_c[0m
[0.967s] [35m[1mConsolidate compiler generated dependencies of target more_interfaces__rosidl_typesupport_introspection_cpp[0m
[0.967s] [35m[1mConsolidate compiler generated dependencies of target more_interfaces__rosidl_typesupport_fastrtps_c[0m
[0.967s] [35m[1mConsolidate compiler generated dependencies of target more_interfaces__rosidl_typesupport_cpp[0m
[0.967s] [35m[1mConsolidate compiler generated dependencies of target more_interfaces__rosidl_typesupport_fastrtps_cpp[0m
[0.967s] [35m[1mConsolidate compiler generated dependencies of target more_interfaces__rosidl_typesupport_c[0m
[0.973s] [ 28%] Built target more_interfaces__rosidl_typesupport_introspection_c
[0.974s] [ 28%] Built target more_interfaces__rosidl_typesupport_c
[0.974s] [ 40%] Built target more_interfaces__rosidl_typesupport_cpp
[0.974s] [ 51%] Built target more_interfaces__rosidl_typesupport_introspection_cpp
[0.974s] [ 54%] Built target more_interfaces__rosidl_typesupport_fastrtps_c
[0.975s] [ 62%] Built target more_interfaces__rosidl_typesupport_fastrtps_cpp
[0.981s] [35m[1mConsolidate compiler generated dependencies of target publish_address_book[0m
[0.981s] [35m[1mConsolidate compiler generated dependencies of target subscribe_address_book[0m
[0.987s] [ 62%] Built target more_interfaces
[0.994s] [ 71%] [32mBuilding CXX object CMakeFiles/subscribe_address_book.dir/src/subscriber_address_book.cpp.o[0m
[0.994s] [ 71%] Built target publish_address_book
[1.001s] [ 74%] Built target more_interfaces__py
[1.008s] [35m[1mConsolidate compiler generated dependencies of target more_interfaces__rosidl_generator_py[0m
[1.017s] [ 80%] Built target more_interfaces__rosidl_generator_py
[1.025s] [35m[1mConsolidate compiler generated dependencies of target more_interfaces__rosidl_typesupport_c__pyext[0m
[1.025s] [35m[1mConsolidate compiler generated dependencies of target more_interfaces__rosidl_typesupport_introspection_c__pyext[0m
[1.025s] [35m[1mConsolidate compiler generated dependencies of target more_interfaces__rosidl_typesupport_fastrtps_c__pyext[0m
[1.034s] [ 97%] Built target more_interfaces__rosidl_typesupport_c__pyext
[1.034s] [ 97%] Built target more_interfaces__rosidl_typesupport_fastrtps_c__pyext
[1.034s] [ 97%] Built target more_interfaces__rosidl_typesupport_introspection_c__pyext
[1.169s] running egg_info
[1.169s] writing more_interfaces.egg-info/PKG-INFO
[1.170s] writing dependency_links to more_interfaces.egg-info/dependency_links.txt
[1.170s] writing top-level names to more_interfaces.egg-info/top_level.txt
[1.172s] reading manifest file 'more_interfaces.egg-info/SOURCES.txt'
[1.172s] writing manifest file 'more_interfaces.egg-info/SOURCES.txt'
[1.195s] [ 97%] Built target ament_cmake_python_build_more_interfaces_egg
[7.054s] [100%] [32m[1mLinking CXX executable subscribe_address_book[0m
[7.276s] [100%] Built target subscribe_address_book
[7.283s] Invoked command in '/home/dl/ros2_ws/build/more_interfaces' returned '0': CMAKE_PREFIX_PATH=/opt/ros/humble /usr/bin/cmake --build /home/dl/ros2_ws/build/more_interfaces -- -j16 -l16
[7.326s] Invoking command in '/home/dl/ros2_ws/build/more_interfaces': CMAKE_PREFIX_PATH=/opt/ros/humble /usr/bin/cmake --install /home/dl/ros2_ws/build/more_interfaces
[7.332s] -- Install configuration: ""
[7.332s] -- Up-to-date: /home/dl/ros2_ws/install/more_interfaces/share/ament_index/resource_index/rosidl_interfaces/more_interfaces
[7.332s] -- Up-to-date: /home/dl/ros2_ws/install/more_interfaces/include/more_interfaces/more_interfaces
[7.332s] -- Up-to-date: /home/dl/ros2_ws/install/more_interfaces/include/more_interfaces/more_interfaces/msg
[7.332s] -- Up-to-date: /home/dl/ros2_ws/install/more_interfaces/include/more_interfaces/more_interfaces/msg/detail
[7.332s] -- Up-to-date: /home/dl/ros2_ws/install/more_interfaces/include/more_interfaces/more_interfaces/msg/detail/address_book__functions.c
[7.332s] -- Up-to-date: /home/dl/ros2_ws/install/more_interfaces/include/more_interfaces/more_interfaces/msg/detail/address_book__type_support.h
[7.332s] -- Up-to-date: /home/dl/ros2_ws/install/more_interfaces/include/more_interfaces/more_interfaces/msg/detail/address_book__functions.h
[7.332s] -- Up-to-date: /home/dl/ros2_ws/install/more_interfaces/include/more_interfaces/more_interfaces/msg/detail/address_book__struct.h
[7.332s] -- Up-to-date: /home/dl/ros2_ws/install/more_interfaces/include/more_interfaces/more_interfaces/msg/rosidl_generator_c__visibility_control.h
[7.332s] -- Up-to-date: /home/dl/ros2_ws/install/more_interfaces/include/more_interfaces/more_interfaces/msg/address_book.h
[7.332s] -- Up-to-date: /home/dl/ros2_ws/install/more_interfaces/share/more_interfaces/environment/library_path.sh
[7.332s] -- Installing: /home/dl/ros2_ws/install/more_interfaces/share/more_interfaces/environment/library_path.dsv
[7.333s] -- Up-to-date: /home/dl/ros2_ws/install/more_interfaces/lib/libmore_interfaces__rosidl_generator_c.so
[7.333s] -- Up-to-date: /home/dl/ros2_ws/install/more_interfaces/include/more_interfaces/more_interfaces
[7.333s] -- Up-to-date: /home/dl/ros2_ws/install/more_interfaces/include/more_interfaces/more_interfaces/msg
[7.333s] -- Up-to-date: /home/dl/ros2_ws/install/more_interfaces/include/more_interfaces/more_interfaces/msg/detail
[7.333s] -- Up-to-date: /home/dl/ros2_ws/install/more_interfaces/include/more_interfaces/more_interfaces/msg/detail/address_book__rosidl_typesupport_fastrtps_c.h
[7.333s] -- Up-to-date: /home/dl/ros2_ws/install/more_interfaces/include/more_interfaces/more_interfaces/msg/rosidl_typesupport_fastrtps_c__visibility_control.h
[7.333s] -- Up-to-date: /home/dl/ros2_ws/install/more_interfaces/lib/libmore_interfaces__rosidl_typesupport_fastrtps_c.so
[7.333s] -- Up-to-date: /home/dl/ros2_ws/install/more_interfaces/include/more_interfaces/more_interfaces
[7.333s] -- Up-to-date: /home/dl/ros2_ws/install/more_interfaces/include/more_interfaces/more_interfaces/msg
[7.333s] -- Up-to-date: /home/dl/ros2_ws/install/more_interfaces/include/more_interfaces/more_interfaces/msg/rosidl_typesupport_introspection_c__visibility_control.h
[7.333s] -- Up-to-date: /home/dl/ros2_ws/install/more_interfaces/include/more_interfaces/more_interfaces/msg/detail
[7.333s] -- Up-to-date: /home/dl/ros2_ws/install/more_interfaces/include/more_interfaces/more_interfaces/msg/detail/address_book__type_support.c
[7.333s] -- Up-to-date: /home/dl/ros2_ws/install/more_interfaces/include/more_interfaces/more_interfaces/msg/detail/address_book__rosidl_typesupport_introspection_c.h
[7.333s] -- Up-to-date: /home/dl/ros2_ws/install/more_interfaces/lib/libmore_interfaces__rosidl_typesupport_introspection_c.so
[7.333s] -- Up-to-date: /home/dl/ros2_ws/install/more_interfaces/lib/libmore_interfaces__rosidl_typesupport_c.so
[7.334s] -- Up-to-date: /home/dl/ros2_ws/install/more_interfaces/include/more_interfaces/more_interfaces
[7.334s] -- Up-to-date: /home/dl/ros2_ws/install/more_interfaces/include/more_interfaces/more_interfaces/msg
[7.334s] -- Up-to-date: /home/dl/ros2_ws/install/more_interfaces/include/more_interfaces/more_interfaces/msg/detail
[7.334s] -- Up-to-date: /home/dl/ros2_ws/install/more_interfaces/include/more_interfaces/more_interfaces/msg/detail/address_book__struct.hpp
[7.334s] -- Up-to-date: /home/dl/ros2_ws/install/more_interfaces/include/more_interfaces/more_interfaces/msg/detail/address_book__builder.hpp
[7.334s] -- Up-to-date: /home/dl/ros2_ws/install/more_interfaces/include/more_interfaces/more_interfaces/msg/detail/address_book__traits.hpp
[7.334s] -- Up-to-date: /home/dl/ros2_ws/install/more_interfaces/include/more_interfaces/more_interfaces/msg/address_book.hpp
[7.334s] -- Up-to-date: /home/dl/ros2_ws/install/more_interfaces/include/more_interfaces/more_interfaces
[7.334s] -- Up-to-date: /home/dl/ros2_ws/install/more_interfaces/include/more_interfaces/more_interfaces/msg
[7.334s] -- Up-to-date: /home/dl/ros2_ws/install/more_interfaces/include/more_interfaces/more_interfaces/msg/rosidl_typesupport_fastrtps_cpp__visibility_control.h
[7.334s] -- Up-to-date: /home/dl/ros2_ws/install/more_interfaces/include/more_interfaces/more_interfaces/msg/detail
[7.334s] -- Up-to-date: /home/dl/ros2_ws/install/more_interfaces/include/more_interfaces/more_interfaces/msg/detail/dds_fastrtps
[7.334s] -- Up-to-date: /home/dl/ros2_ws/install/more_interfaces/include/more_interfaces/more_interfaces/msg/detail/address_book__rosidl_typesupport_fastrtps_cpp.hpp
[7.334s] -- Up-to-date: /home/dl/ros2_ws/install/more_interfaces/lib/libmore_interfaces__rosidl_typesupport_fastrtps_cpp.so
[7.334s] -- Up-to-date: /home/dl/ros2_ws/install/more_interfaces/include/more_interfaces/more_interfaces
[7.334s] -- Up-to-date: /home/dl/ros2_ws/install/more_interfaces/include/more_interfaces/more_interfaces/msg
[7.334s] -- Up-to-date: /home/dl/ros2_ws/install/more_interfaces/include/more_interfaces/more_interfaces/msg/detail
[7.334s] -- Up-to-date: /home/dl/ros2_ws/install/more_interfaces/include/more_interfaces/more_interfaces/msg/detail/address_book__rosidl_typesupport_introspection_cpp.hpp
[7.334s] -- Up-to-date: /home/dl/ros2_ws/install/more_interfaces/include/more_interfaces/more_interfaces/msg/detail/address_book__type_support.cpp
[7.334s] -- Up-to-date: /home/dl/ros2_ws/install/more_interfaces/lib/libmore_interfaces__rosidl_typesupport_introspection_cpp.so
[7.334s] -- Up-to-date: /home/dl/ros2_ws/install/more_interfaces/lib/libmore_interfaces__rosidl_typesupport_cpp.so
[7.335s] -- Up-to-date: /home/dl/ros2_ws/install/more_interfaces/share/more_interfaces/environment/pythonpath.sh
[7.335s] -- Installing: /home/dl/ros2_ws/install/more_interfaces/share/more_interfaces/environment/pythonpath.dsv
[7.335s] -- Up-to-date: /home/dl/ros2_ws/install/more_interfaces/local/lib/python3.10/dist-packages/more_interfaces-0.0.0-py3.10.egg-info
[7.335s] -- Installing: /home/dl/ros2_ws/install/more_interfaces/local/lib/python3.10/dist-packages/more_interfaces-0.0.0-py3.10.egg-info/PKG-INFO
[7.335s] -- Installing: /home/dl/ros2_ws/install/more_interfaces/local/lib/python3.10/dist-packages/more_interfaces-0.0.0-py3.10.egg-info/dependency_links.txt
[7.335s] -- Installing: /home/dl/ros2_ws/install/more_interfaces/local/lib/python3.10/dist-packages/more_interfaces-0.0.0-py3.10.egg-info/SOURCES.txt
[7.335s] -- Installing: /home/dl/ros2_ws/install/more_interfaces/local/lib/python3.10/dist-packages/more_interfaces-0.0.0-py3.10.egg-info/top_level.txt
[7.335s] -- Up-to-date: /home/dl/ros2_ws/install/more_interfaces/local/lib/python3.10/dist-packages/more_interfaces
[7.335s] -- Up-to-date: /home/dl/ros2_ws/install/more_interfaces/local/lib/python3.10/dist-packages/more_interfaces/msg
[7.335s] -- Up-to-date: /home/dl/ros2_ws/install/more_interfaces/local/lib/python3.10/dist-packages/more_interfaces/msg/_address_book_s.c
[7.335s] -- Up-to-date: /home/dl/ros2_ws/install/more_interfaces/local/lib/python3.10/dist-packages/more_interfaces/msg/_address_book.py
[7.335s] -- Up-to-date: /home/dl/ros2_ws/install/more_interfaces/local/lib/python3.10/dist-packages/more_interfaces/msg/__init__.py
[7.335s] -- Up-to-date: /home/dl/ros2_ws/install/more_interfaces/local/lib/python3.10/dist-packages/more_interfaces/libmore_interfaces__rosidl_generator_py.so
[7.335s] -- Up-to-date: /home/dl/ros2_ws/install/more_interfaces/local/lib/python3.10/dist-packages/more_interfaces/more_interfaces_s__rosidl_typesupport_c.cpython-310-x86_64-linux-gnu.so
[7.335s] -- Up-to-date: /home/dl/ros2_ws/install/more_interfaces/local/lib/python3.10/dist-packages/more_interfaces/more_interfaces_s__rosidl_typesupport_introspection_c.cpython-310-x86_64-linux-gnu.so
[7.335s] -- Up-to-date: /home/dl/ros2_ws/install/more_interfaces/local/lib/python3.10/dist-packages/more_interfaces/_more_interfaces_s.ep.rosidl_typesupport_introspection_c.c
[7.335s] -- Up-to-date: /home/dl/ros2_ws/install/more_interfaces/local/lib/python3.10/dist-packages/more_interfaces/more_interfaces_s__rosidl_typesupport_fastrtps_c.cpython-310-x86_64-linux-gnu.so
[7.335s] -- Up-to-date: /home/dl/ros2_ws/install/more_interfaces/local/lib/python3.10/dist-packages/more_interfaces/_more_interfaces_s.ep.rosidl_typesupport_fastrtps_c.c
[7.335s] -- Up-to-date: /home/dl/ros2_ws/install/more_interfaces/local/lib/python3.10/dist-packages/more_interfaces/_more_interfaces_s.ep.rosidl_typesupport_c.c
[7.335s] -- Installing: /home/dl/ros2_ws/install/more_interfaces/local/lib/python3.10/dist-packages/more_interfaces/__init__.py
[7.355s] Listing '/home/dl/ros2_ws/install/more_interfaces/local/lib/python3.10/dist-packages/more_interfaces'...
[7.356s] Compiling '/home/dl/ros2_ws/install/more_interfaces/local/lib/python3.10/dist-packages/more_interfaces/__init__.py'...
[7.356s] Listing '/home/dl/ros2_ws/install/more_interfaces/local/lib/python3.10/dist-packages/more_interfaces/msg'...
[7.360s] -- Up-to-date: /home/dl/ros2_ws/install/more_interfaces/local/lib/python3.10/dist-packages/more_interfaces/more_interfaces_s__rosidl_typesupport_fastrtps_c.cpython-310-x86_64-linux-gnu.so
[7.360s] -- Up-to-date: /home/dl/ros2_ws/install/more_interfaces/local/lib/python3.10/dist-packages/more_interfaces/more_interfaces_s__rosidl_typesupport_introspection_c.cpython-310-x86_64-linux-gnu.so
[7.360s] -- Up-to-date: /home/dl/ros2_ws/install/more_interfaces/local/lib/python3.10/dist-packages/more_interfaces/more_interfaces_s__rosidl_typesupport_c.cpython-310-x86_64-linux-gnu.so
[7.360s] -- Up-to-date: /home/dl/ros2_ws/install/more_interfaces/lib/libmore_interfaces__rosidl_generator_py.so
[7.360s] -- Up-to-date: /home/dl/ros2_ws/install/more_interfaces/share/more_interfaces/msg/AddressBook.idl
[7.360s] -- Up-to-date: /home/dl/ros2_ws/install/more_interfaces/share/more_interfaces/msg/AddressBook.msg
[7.360s] -- Up-to-date: /home/dl/ros2_ws/install/more_interfaces/lib/more_interfaces/publish_address_book
[7.360s] -- Installing: /home/dl/ros2_ws/install/more_interfaces/lib/more_interfaces/subscribe_address_book
[7.363s] -- Set runtime path of "/home/dl/ros2_ws/install/more_interfaces/lib/more_interfaces/subscribe_address_book" to ""
[7.363s] -- Up-to-date: /home/dl/ros2_ws/install/more_interfaces/share/ament_index/resource_index/package_run_dependencies/more_interfaces
[7.363s] -- Up-to-date: /home/dl/ros2_ws/install/more_interfaces/share/ament_index/resource_index/parent_prefix_path/more_interfaces
[7.363s] -- Up-to-date: /home/dl/ros2_ws/install/more_interfaces/share/more_interfaces/environment/ament_prefix_path.sh
[7.363s] -- Installing: /home/dl/ros2_ws/install/more_interfaces/share/more_interfaces/environment/ament_prefix_path.dsv
[7.363s] -- Up-to-date: /home/dl/ros2_ws/install/more_interfaces/share/more_interfaces/environment/path.sh
[7.363s] -- Installing: /home/dl/ros2_ws/install/more_interfaces/share/more_interfaces/environment/path.dsv
[7.363s] -- Up-to-date: /home/dl/ros2_ws/install/more_interfaces/share/more_interfaces/local_setup.bash
[7.363s] -- Up-to-date: /home/dl/ros2_ws/install/more_interfaces/share/more_interfaces/local_setup.sh
[7.363s] -- Up-to-date: /home/dl/ros2_ws/install/more_interfaces/share/more_interfaces/local_setup.zsh
[7.363s] -- Installing: /home/dl/ros2_ws/install/more_interfaces/share/more_interfaces/local_setup.dsv
[7.363s] -- Installing: /home/dl/ros2_ws/install/more_interfaces/share/more_interfaces/package.dsv
[7.363s] -- Up-to-date: /home/dl/ros2_ws/install/more_interfaces/share/ament_index/resource_index/packages/more_interfaces
[7.363s] -- Up-to-date: /home/dl/ros2_ws/install/more_interfaces/share/more_interfaces/cmake/export_more_interfaces__rosidl_generator_cExport.cmake
[7.364s] -- Up-to-date: /home/dl/ros2_ws/install/more_interfaces/share/more_interfaces/cmake/export_more_interfaces__rosidl_generator_cExport-noconfig.cmake
[7.364s] -- Up-to-date: /home/dl/ros2_ws/install/more_interfaces/share/more_interfaces/cmake/export_more_interfaces__rosidl_typesupport_fastrtps_cExport.cmake
[7.364s] -- Up-to-date: /home/dl/ros2_ws/install/more_interfaces/share/more_interfaces/cmake/export_more_interfaces__rosidl_typesupport_fastrtps_cExport-noconfig.cmake
[7.364s] -- Up-to-date: /home/dl/ros2_ws/install/more_interfaces/share/more_interfaces/cmake/more_interfaces__rosidl_typesupport_introspection_cExport.cmake
[7.364s] -- Up-to-date: /home/dl/ros2_ws/install/more_interfaces/share/more_interfaces/cmake/more_interfaces__rosidl_typesupport_introspection_cExport-noconfig.cmake
[7.364s] -- Up-to-date: /home/dl/ros2_ws/install/more_interfaces/share/more_interfaces/cmake/more_interfaces__rosidl_typesupport_cExport.cmake
[7.364s] -- Up-to-date: /home/dl/ros2_ws/install/more_interfaces/share/more_interfaces/cmake/more_interfaces__rosidl_typesupport_cExport-noconfig.cmake
[7.364s] -- Up-to-date: /home/dl/ros2_ws/install/more_interfaces/share/more_interfaces/cmake/export_more_interfaces__rosidl_generator_cppExport.cmake
[7.364s] -- Up-to-date: /home/dl/ros2_ws/install/more_interfaces/share/more_interfaces/cmake/export_more_interfaces__rosidl_typesupport_fastrtps_cppExport.cmake
[7.364s] -- Up-to-date: /home/dl/ros2_ws/install/more_interfaces/share/more_interfaces/cmake/export_more_interfaces__rosidl_typesupport_fastrtps_cppExport-noconfig.cmake
[7.364s] -- Up-to-date: /home/dl/ros2_ws/install/more_interfaces/share/more_interfaces/cmake/more_interfaces__rosidl_typesupport_introspection_cppExport.cmake
[7.364s] -- Up-to-date: /home/dl/ros2_ws/install/more_interfaces/share/more_interfaces/cmake/more_interfaces__rosidl_typesupport_introspection_cppExport-noconfig.cmake
[7.364s] -- Up-to-date: /home/dl/ros2_ws/install/more_interfaces/share/more_interfaces/cmake/more_interfaces__rosidl_typesupport_cppExport.cmake
[7.364s] -- Up-to-date: /home/dl/ros2_ws/install/more_interfaces/share/more_interfaces/cmake/more_interfaces__rosidl_typesupport_cppExport-noconfig.cmake
[7.364s] -- Up-to-date: /home/dl/ros2_ws/install/more_interfaces/share/more_interfaces/cmake/export_more_interfaces__rosidl_generator_pyExport.cmake
[7.364s] -- Up-to-date: /home/dl/ros2_ws/install/more_interfaces/share/more_interfaces/cmake/export_more_interfaces__rosidl_generator_pyExport-noconfig.cmake
[7.364s] -- Up-to-date: /home/dl/ros2_ws/install/more_interfaces/share/more_interfaces/cmake/rosidl_cmake-extras.cmake
[7.364s] -- Up-to-date: /home/dl/ros2_ws/install/more_interfaces/share/more_interfaces/cmake/ament_cmake_export_include_directories-extras.cmake
[7.364s] -- Up-to-date: /home/dl/ros2_ws/install/more_interfaces/share/more_interfaces/cmake/ament_cmake_export_libraries-extras.cmake
[7.364s] -- Up-to-date: /home/dl/ros2_ws/install/more_interfaces/share/more_interfaces/cmake/ament_cmake_export_targets-extras.cmake
[7.364s] -- Up-to-date: /home/dl/ros2_ws/install/more_interfaces/share/more_interfaces/cmake/rosidl_cmake_export_typesupport_targets-extras.cmake
[7.364s] -- Up-to-date: /home/dl/ros2_ws/install/more_interfaces/share/more_interfaces/cmake/ament_cmake_export_dependencies-extras.cmake
[7.365s] -- Up-to-date: /home/dl/ros2_ws/install/more_interfaces/share/more_interfaces/cmake/rosidl_cmake_export_typesupport_libraries-extras.cmake
[7.365s] -- Up-to-date: /home/dl/ros2_ws/install/more_interfaces/share/more_interfaces/cmake/more_interfacesConfig.cmake
[7.365s] -- Up-to-date: /home/dl/ros2_ws/install/more_interfaces/share/more_interfaces/cmake/more_interfacesConfig-version.cmake
[7.365s] -- Installing: /home/dl/ros2_ws/install/more_interfaces/share/more_interfaces/package.xml
[7.366s] Invoked command in '/home/dl/ros2_ws/build/more_interfaces' returned '0': CMAKE_PREFIX_PATH=/opt/ros/humble /usr/bin/cmake --install /home/dl/ros2_ws/build/more_interfaces
