[0.009s] Invoking command in '/home/dl/ros2_ws/build/cpp_parameters': CMAKE_PREFIX_PATH=/opt/ros/humble /usr/bin/cmake --build /home/dl/ros2_ws/build/cpp_parameters -- -j16 -l16
[0.025s] -- Found ament_cmake: 1.3.4 (/opt/ros/humble/share/ament_cmake/cmake)
[0.119s] -- Found rclcpp: 16.0.4 (/opt/ros/humble/share/rclcpp/cmake)
[0.139s] -- Found rosidl_generator_c: 3.1.4 (/opt/ros/humble/share/rosidl_generator_c/cmake)
[0.141s] -- Found rosidl_adapter: 3.1.4 (/opt/ros/humble/share/rosidl_adapter/cmake)
[0.145s] -- Found rosidl_generator_cpp: 3.1.4 (/opt/ros/humble/share/rosidl_generator_cpp/cmake)
[0.152s] -- Using all available rosidl_typesupport_c: rosidl_typesupport_fastrtps_c;rosidl_typesupport_introspection_c
[0.165s] -- Using all available rosidl_typesupport_cpp: rosidl_typesupport_fastrtps_cpp;rosidl_typesupport_introspection_cpp
[0.205s] -- Found rmw_implementation_cmake: 6.1.1 (/opt/ros/humble/share/rmw_implementation_cmake/cmake)
[0.206s] -- Found rmw_fastrtps_cpp: 6.2.2 (/opt/ros/humble/share/rmw_fastrtps_cpp/cmake)
[0.290s] -- Using RMW implementation 'rmw_fastrtps_cpp' as default
[0.402s] -- Found ament_lint_auto: 0.12.6 (/opt/ros/humble/share/ament_lint_auto/cmake)
[0.450s] -- Added test 'cppcheck' to perform static code analysis on C / C++ code
[0.450s] -- Configured cppcheck include dirs: 
[0.451s] -- Configured cppcheck exclude dirs and/or files: 
[0.451s] -- Added test 'flake8' to check Python code syntax and style conventions
[0.451s] -- Added test 'lint_cmake' to check CMake code style
[0.451s] -- Added test 'pep257' to check Python code against some of the docstring style conventions in PEP 257
[0.452s] -- Added test 'uncrustify' to check C / C++ code style
[0.452s] -- Configured uncrustify additional arguments: 
[0.452s] -- Added test 'xmllint' to check XML markup files
[0.452s] -- Configuring done
[0.458s] -- Generating done
[0.459s] -- Build files have been written to: /home/dl/ros2_ws/build/cpp_parameters
[0.477s] [35m[1mConsolidate compiler generated dependencies of target minimal_param_node[0m
[0.488s] [100%] Built target minimal_param_node
[0.495s] Invoked command in '/home/dl/ros2_ws/build/cpp_parameters' returned '0': CMAKE_PREFIX_PATH=/opt/ros/humble /usr/bin/cmake --build /home/dl/ros2_ws/build/cpp_parameters -- -j16 -l16
[0.514s] Invoking command in '/home/dl/ros2_ws/build/cpp_parameters': CMAKE_PREFIX_PATH=/opt/ros/humble /usr/bin/cmake --install /home/dl/ros2_ws/build/cpp_parameters
[0.518s] -- Install configuration: ""
[0.518s] -- Up-to-date: /home/dl/ros2_ws/install/cpp_parameters/lib/cpp_parameters/minimal_param_node
[0.518s] -- Installing: /home/dl/ros2_ws/install/cpp_parameters/share/cpp_parameters/launch
[0.518s] -- Installing: /home/dl/ros2_ws/install/cpp_parameters/share/cpp_parameters/launch/cpp_parameters_launch.py
[0.519s] -- Up-to-date: /home/dl/ros2_ws/install/cpp_parameters/share/ament_index/resource_index/package_run_dependencies/cpp_parameters
[0.519s] -- Up-to-date: /home/dl/ros2_ws/install/cpp_parameters/share/ament_index/resource_index/parent_prefix_path/cpp_parameters
[0.519s] -- Up-to-date: /home/dl/ros2_ws/install/cpp_parameters/share/cpp_parameters/environment/ament_prefix_path.sh
[0.519s] -- Installing: /home/dl/ros2_ws/install/cpp_parameters/share/cpp_parameters/environment/ament_prefix_path.dsv
[0.519s] -- Up-to-date: /home/dl/ros2_ws/install/cpp_parameters/share/cpp_parameters/environment/path.sh
[0.519s] -- Installing: /home/dl/ros2_ws/install/cpp_parameters/share/cpp_parameters/environment/path.dsv
[0.519s] -- Up-to-date: /home/dl/ros2_ws/install/cpp_parameters/share/cpp_parameters/local_setup.bash
[0.519s] -- Up-to-date: /home/dl/ros2_ws/install/cpp_parameters/share/cpp_parameters/local_setup.sh
[0.519s] -- Up-to-date: /home/dl/ros2_ws/install/cpp_parameters/share/cpp_parameters/local_setup.zsh
[0.519s] -- Installing: /home/dl/ros2_ws/install/cpp_parameters/share/cpp_parameters/local_setup.dsv
[0.519s] -- Installing: /home/dl/ros2_ws/install/cpp_parameters/share/cpp_parameters/package.dsv
[0.519s] -- Up-to-date: /home/dl/ros2_ws/install/cpp_parameters/share/ament_index/resource_index/packages/cpp_parameters
[0.519s] -- Up-to-date: /home/dl/ros2_ws/install/cpp_parameters/share/cpp_parameters/cmake/cpp_parametersConfig.cmake
[0.519s] -- Up-to-date: /home/dl/ros2_ws/install/cpp_parameters/share/cpp_parameters/cmake/cpp_parametersConfig-version.cmake
[0.519s] -- Up-to-date: /home/dl/ros2_ws/install/cpp_parameters/share/cpp_parameters/package.xml
[0.521s] Invoked command in '/home/dl/ros2_ws/build/cpp_parameters' returned '0': CMAKE_PREFIX_PATH=/opt/ros/humble /usr/bin/cmake --install /home/dl/ros2_ws/build/cpp_parameters
