[0.009s] Invoking command in '/home/dl/ros2_ws/build/cpp_pubsub': /usr/bin/cmake /home/dl/ros2_ws/src/cpp_pubsub -DCMAKE_INSTALL_PREFIX=/home/dl/ros2_ws/install/cpp_pubsub
[0.041s] -- The C compiler identification is GNU 11.3.0
[0.073s] -- The CXX compiler identification is GNU 11.3.0
[0.078s] -- Detecting C compiler ABI info
[0.118s] -- Detecting C compiler ABI info - done
[0.123s] -- Check for working C compiler: /usr/bin/cc - skipped
[0.123s] -- Detecting C compile features
[0.123s] -- Detecting C compile features - done
[0.126s] -- Detecting CXX compiler ABI info
[0.170s] -- Detecting CXX compiler ABI info - done
[0.177s] -- Check for working CXX compiler: /usr/bin/c++ - skipped
[0.177s] -- Detecting CXX compile features
[0.177s] -- Detecting CXX compile features - done
[0.184s] [31mCMake Error at CMakeLists.txt:13 (find_package):
[0.184s]   By not providing "Findament_cmake.cmake" in CMAKE_MODULE_PATH this project
[0.184s]   has asked CMake to find a package configuration file provided by
[0.184s]   "ament_cmake", but CMake did not find one.
[0.184s] 
[0.184s]   Could not find a package configuration file provided by "ament_cmake" with
[0.184s]   any of the following names:
[0.184s] 
[0.185s]     ament_cmakeConfig.cmake
[0.185s]     ament_cmake-config.cmake
[0.185s] 
[0.185s]   Add the installation prefix of "ament_cmake" to CMAKE_PREFIX_PATH or set
[0.185s]   "ament_cmake_DIR" to a directory containing one of the above files.  If
[0.185s]   "ament_cmake" provides a separate development package or SDK, be sure it
[0.185s]   has been installed.
[0.185s] 
[0.185s] [0m
[0.185s] -- Configuring incomplete, errors occurred!
[0.185s] See also "/home/dl/ros2_ws/build/cpp_pubsub/CMakeFiles/CMakeOutput.log".
[0.187s] Invoked command in '/home/dl/ros2_ws/build/cpp_pubsub' returned '1': /usr/bin/cmake /home/dl/ros2_ws/src/cpp_pubsub -DCMAKE_INSTALL_PREFIX=/home/dl/ros2_ws/install/cpp_pubsub
