[0.012s] Invoking command in '/home/dl/ros2_ws/build/cpp_pubsub': CMAKE_PREFIX_PATH=/opt/ros/humble /usr/bin/cmake --build /home/dl/ros2_ws/build/cpp_pubsub -- -j16 -l16
[0.070s] [35m[1mConsolidate compiler generated dependencies of target listener[0m
[0.080s] [ 50%] Built target talker
[0.083s] [100%] Built target listener
[0.091s] Invoked command in '/home/dl/ros2_ws/build/cpp_pubsub' returned '0': CMAKE_PREFIX_PATH=/opt/ros/humble /usr/bin/cmake --build /home/dl/ros2_ws/build/cpp_pubsub -- -j16 -l16
[0.117s] Invoking command in '/home/dl/ros2_ws/build/cpp_pubsub': CMAKE_PREFIX_PATH=/opt/ros/humble /usr/bin/cmake --install /home/dl/ros2_ws/build/cpp_pubsub
[0.124s] -- Install configuration: ""
[0.125s] -- Up-to-date: /home/dl/ros2_ws/install/cpp_pubsub/lib/cpp_pubsub/talker
[0.125s] -- Up-to-date: /home/dl/ros2_ws/install/cpp_pubsub/lib/cpp_pubsub/talker
[0.126s] -- Up-to-date: /home/dl/ros2_ws/install/cpp_pubsub/lib/cpp_pubsub/listener
[0.126s] -- Up-to-date: /home/dl/ros2_ws/install/cpp_pubsub/share/ament_index/resource_index/package_run_dependencies/cpp_pubsub
[0.126s] -- Up-to-date: /home/dl/ros2_ws/install/cpp_pubsub/share/ament_index/resource_index/parent_prefix_path/cpp_pubsub
[0.126s] -- Up-to-date: /home/dl/ros2_ws/install/cpp_pubsub/share/cpp_pubsub/environment/ament_prefix_path.sh
[0.126s] -- Up-to-date: /home/dl/ros2_ws/install/cpp_pubsub/share/cpp_pubsub/environment/ament_prefix_path.dsv
[0.126s] -- Up-to-date: /home/dl/ros2_ws/install/cpp_pubsub/share/cpp_pubsub/environment/path.sh
[0.127s] -- Up-to-date: /home/dl/ros2_ws/install/cpp_pubsub/share/cpp_pubsub/environment/path.dsv
[0.127s] -- Up-to-date: /home/dl/ros2_ws/install/cpp_pubsub/share/cpp_pubsub/local_setup.bash
[0.127s] -- Up-to-date: /home/dl/ros2_ws/install/cpp_pubsub/share/cpp_pubsub/local_setup.sh
[0.127s] -- Up-to-date: /home/dl/ros2_ws/install/cpp_pubsub/share/cpp_pubsub/local_setup.zsh
[0.127s] -- Up-to-date: /home/dl/ros2_ws/install/cpp_pubsub/share/cpp_pubsub/local_setup.dsv
[0.127s] -- Installing: /home/dl/ros2_ws/install/cpp_pubsub/share/cpp_pubsub/package.dsv
[0.127s] -- Up-to-date: /home/dl/ros2_ws/install/cpp_pubsub/share/ament_index/resource_index/packages/cpp_pubsub
[0.127s] -- Up-to-date: /home/dl/ros2_ws/install/cpp_pubsub/share/cpp_pubsub/cmake/cpp_pubsubConfig.cmake
[0.127s] -- Up-to-date: /home/dl/ros2_ws/install/cpp_pubsub/share/cpp_pubsub/cmake/cpp_pubsubConfig-version.cmake
[0.127s] -- Up-to-date: /home/dl/ros2_ws/install/cpp_pubsub/share/cpp_pubsub/package.xml
[0.130s] Invoked command in '/home/dl/ros2_ws/build/cpp_pubsub' returned '0': CMAKE_PREFIX_PATH=/opt/ros/humble /usr/bin/cmake --install /home/dl/ros2_ws/build/cpp_pubsub
