[0.009s] Invoking command in '/home/dl/ros2_ws/build/more_interfaces': CMAKE_PREFIX_PATH=/opt/ros/humble /usr/bin/cmake --build /home/dl/ros2_ws/build/more_interfaces -- -j16 -l16
[0.046s] [  8%] Built target more_interfaces__cpp
[0.046s] [ 11%] Built target more_interfaces__rosidl_generator_c
[0.056s] [ 11%] Built target ament_cmake_python_copy_more_interfaces
[0.064s] [ 62%] Built target more_interfaces__rosidl_typesupport_fastrtps_c
[0.064s] [ 62%] Built target more_interfaces__rosidl_typesupport_cpp
[0.064s] [ 62%] Built target more_interfaces__rosidl_typesupport_fastrtps_cpp
[0.065s] [ 62%] Built target more_interfaces__rosidl_typesupport_introspection_c
[0.065s] [ 62%] Built target more_interfaces__rosidl_typesupport_c
[0.065s] [ 62%] Built target more_interfaces__rosidl_typesupport_introspection_cpp
[0.074s] [35m[1mConsolidate compiler generated dependencies of target subscribe_address_book[0m
[0.086s] [ 68%] Built target publish_address_book
[0.090s] [ 71%] [32mBuilding CXX object CMakeFiles/subscribe_address_book.dir/src/subscriber_address_book.cpp.o[0m
[0.111s] [ 71%] Built target more_interfaces
[0.133s] [ 74%] Built target more_interfaces__py
[0.155s] [ 80%] Built target more_interfaces__rosidl_generator_py
[0.175s] [ 97%] Built target more_interfaces__rosidl_typesupport_c__pyext
[0.175s] [ 97%] Built target more_interfaces__rosidl_typesupport_introspection_c__pyext
[0.175s] [ 97%] Built target more_interfaces__rosidl_typesupport_fastrtps_c__pyext
[0.270s] running egg_info
[0.270s] writing more_interfaces.egg-info/PKG-INFO
[0.271s] writing dependency_links to more_interfaces.egg-info/dependency_links.txt
[0.271s] writing top-level names to more_interfaces.egg-info/top_level.txt
[0.273s] reading manifest file 'more_interfaces.egg-info/SOURCES.txt'
[0.273s] writing manifest file 'more_interfaces.egg-info/SOURCES.txt'
[0.316s] [ 97%] Built target ament_cmake_python_build_more_interfaces_egg
[6.239s] [100%] [32m[1mLinking CXX executable subscribe_address_book[0m
[6.463s] [100%] Built target subscribe_address_book
[6.470s] Invoked command in '/home/dl/ros2_ws/build/more_interfaces' returned '0': CMAKE_PREFIX_PATH=/opt/ros/humble /usr/bin/cmake --build /home/dl/ros2_ws/build/more_interfaces -- -j16 -l16
[6.515s] Invoking command in '/home/dl/ros2_ws/build/more_interfaces': CMAKE_PREFIX_PATH=/opt/ros/humble /usr/bin/cmake --install /home/dl/ros2_ws/build/more_interfaces
[6.519s] -- Install configuration: ""
[6.520s] -- Up-to-date: /home/dl/ros2_ws/install/more_interfaces/share/ament_index/resource_index/rosidl_interfaces/more_interfaces
[6.520s] -- Up-to-date: /home/dl/ros2_ws/install/more_interfaces/include/more_interfaces/more_interfaces
[6.520s] -- Up-to-date: /home/dl/ros2_ws/install/more_interfaces/include/more_interfaces/more_interfaces/msg
[6.520s] -- Up-to-date: /home/dl/ros2_ws/install/more_interfaces/include/more_interfaces/more_interfaces/msg/detail
[6.520s] -- Up-to-date: /home/dl/ros2_ws/install/more_interfaces/include/more_interfaces/more_interfaces/msg/detail/address_book__functions.c
[6.520s] -- Up-to-date: /home/dl/ros2_ws/install/more_interfaces/include/more_interfaces/more_interfaces/msg/detail/address_book__type_support.h
[6.520s] -- Up-to-date: /home/dl/ros2_ws/install/more_interfaces/include/more_interfaces/more_interfaces/msg/detail/address_book__functions.h
[6.520s] -- Up-to-date: /home/dl/ros2_ws/install/more_interfaces/include/more_interfaces/more_interfaces/msg/detail/address_book__struct.h
[6.520s] -- Up-to-date: /home/dl/ros2_ws/install/more_interfaces/include/more_interfaces/more_interfaces/msg/rosidl_generator_c__visibility_control.h
[6.521s] -- Up-to-date: /home/dl/ros2_ws/install/more_interfaces/include/more_interfaces/more_interfaces/msg/address_book.h
[6.521s] -- Up-to-date: /home/dl/ros2_ws/install/more_interfaces/share/more_interfaces/environment/library_path.sh
[6.521s] -- Up-to-date: /home/dl/ros2_ws/install/more_interfaces/share/more_interfaces/environment/library_path.dsv
[6.521s] -- Up-to-date: /home/dl/ros2_ws/install/more_interfaces/lib/libmore_interfaces__rosidl_generator_c.so
[6.521s] -- Up-to-date: /home/dl/ros2_ws/install/more_interfaces/include/more_interfaces/more_interfaces
[6.521s] -- Up-to-date: /home/dl/ros2_ws/install/more_interfaces/include/more_interfaces/more_interfaces/msg
[6.521s] -- Up-to-date: /home/dl/ros2_ws/install/more_interfaces/include/more_interfaces/more_interfaces/msg/detail
[6.521s] -- Up-to-date: /home/dl/ros2_ws/install/more_interfaces/include/more_interfaces/more_interfaces/msg/detail/address_book__rosidl_typesupport_fastrtps_c.h
[6.521s] -- Up-to-date: /home/dl/ros2_ws/install/more_interfaces/include/more_interfaces/more_interfaces/msg/rosidl_typesupport_fastrtps_c__visibility_control.h
[6.521s] -- Up-to-date: /home/dl/ros2_ws/install/more_interfaces/lib/libmore_interfaces__rosidl_typesupport_fastrtps_c.so
[6.522s] -- Up-to-date: /home/dl/ros2_ws/install/more_interfaces/include/more_interfaces/more_interfaces
[6.522s] -- Up-to-date: /home/dl/ros2_ws/install/more_interfaces/include/more_interfaces/more_interfaces/msg
[6.522s] -- Up-to-date: /home/dl/ros2_ws/install/more_interfaces/include/more_interfaces/more_interfaces/msg/rosidl_typesupport_introspection_c__visibility_control.h
[6.522s] -- Up-to-date: /home/dl/ros2_ws/install/more_interfaces/include/more_interfaces/more_interfaces/msg/detail
[6.522s] -- Up-to-date: /home/dl/ros2_ws/install/more_interfaces/include/more_interfaces/more_interfaces/msg/detail/address_book__type_support.c
[6.522s] -- Up-to-date: /home/dl/ros2_ws/install/more_interfaces/include/more_interfaces/more_interfaces/msg/detail/address_book__rosidl_typesupport_introspection_c.h
[6.522s] -- Up-to-date: /home/dl/ros2_ws/install/more_interfaces/lib/libmore_interfaces__rosidl_typesupport_introspection_c.so
[6.522s] -- Up-to-date: /home/dl/ros2_ws/install/more_interfaces/lib/libmore_interfaces__rosidl_typesupport_c.so
[6.522s] -- Up-to-date: /home/dl/ros2_ws/install/more_interfaces/include/more_interfaces/more_interfaces
[6.522s] -- Up-to-date: /home/dl/ros2_ws/install/more_interfaces/include/more_interfaces/more_interfaces/msg
[6.522s] -- Up-to-date: /home/dl/ros2_ws/install/more_interfaces/include/more_interfaces/more_interfaces/msg/detail
[6.522s] -- Up-to-date: /home/dl/ros2_ws/install/more_interfaces/include/more_interfaces/more_interfaces/msg/detail/address_book__struct.hpp
[6.522s] -- Up-to-date: /home/dl/ros2_ws/install/more_interfaces/include/more_interfaces/more_interfaces/msg/detail/address_book__builder.hpp
[6.523s] -- Up-to-date: /home/dl/ros2_ws/install/more_interfaces/include/more_interfaces/more_interfaces/msg/detail/address_book__traits.hpp
[6.523s] -- Up-to-date: /home/dl/ros2_ws/install/more_interfaces/include/more_interfaces/more_interfaces/msg/address_book.hpp
[6.523s] -- Up-to-date: /home/dl/ros2_ws/install/more_interfaces/include/more_interfaces/more_interfaces
[6.523s] -- Up-to-date: /home/dl/ros2_ws/install/more_interfaces/include/more_interfaces/more_interfaces/msg
[6.523s] -- Up-to-date: /home/dl/ros2_ws/install/more_interfaces/include/more_interfaces/more_interfaces/msg/rosidl_typesupport_fastrtps_cpp__visibility_control.h
[6.523s] -- Up-to-date: /home/dl/ros2_ws/install/more_interfaces/include/more_interfaces/more_interfaces/msg/detail
[6.523s] -- Up-to-date: /home/dl/ros2_ws/install/more_interfaces/include/more_interfaces/more_interfaces/msg/detail/dds_fastrtps
[6.523s] -- Up-to-date: /home/dl/ros2_ws/install/more_interfaces/include/more_interfaces/more_interfaces/msg/detail/address_book__rosidl_typesupport_fastrtps_cpp.hpp
[6.523s] -- Up-to-date: /home/dl/ros2_ws/install/more_interfaces/lib/libmore_interfaces__rosidl_typesupport_fastrtps_cpp.so
[6.523s] -- Up-to-date: /home/dl/ros2_ws/install/more_interfaces/include/more_interfaces/more_interfaces
[6.523s] -- Up-to-date: /home/dl/ros2_ws/install/more_interfaces/include/more_interfaces/more_interfaces/msg
[6.523s] -- Up-to-date: /home/dl/ros2_ws/install/more_interfaces/include/more_interfaces/more_interfaces/msg/detail
[6.523s] -- Up-to-date: /home/dl/ros2_ws/install/more_interfaces/include/more_interfaces/more_interfaces/msg/detail/address_book__rosidl_typesupport_introspection_cpp.hpp
[6.523s] -- Up-to-date: /home/dl/ros2_ws/install/more_interfaces/include/more_interfaces/more_interfaces/msg/detail/address_book__type_support.cpp
[6.523s] -- Up-to-date: /home/dl/ros2_ws/install/more_interfaces/lib/libmore_interfaces__rosidl_typesupport_introspection_cpp.so
[6.523s] -- Up-to-date: /home/dl/ros2_ws/install/more_interfaces/lib/libmore_interfaces__rosidl_typesupport_cpp.so
[6.524s] -- Up-to-date: /home/dl/ros2_ws/install/more_interfaces/share/more_interfaces/environment/pythonpath.sh
[6.524s] -- Up-to-date: /home/dl/ros2_ws/install/more_interfaces/share/more_interfaces/environment/pythonpath.dsv
[6.524s] -- Up-to-date: /home/dl/ros2_ws/install/more_interfaces/local/lib/python3.10/dist-packages/more_interfaces-0.0.0-py3.10.egg-info
[6.524s] -- Installing: /home/dl/ros2_ws/install/more_interfaces/local/lib/python3.10/dist-packages/more_interfaces-0.0.0-py3.10.egg-info/PKG-INFO
[6.524s] -- Installing: /home/dl/ros2_ws/install/more_interfaces/local/lib/python3.10/dist-packages/more_interfaces-0.0.0-py3.10.egg-info/dependency_links.txt
[6.524s] -- Installing: /home/dl/ros2_ws/install/more_interfaces/local/lib/python3.10/dist-packages/more_interfaces-0.0.0-py3.10.egg-info/SOURCES.txt
[6.524s] -- Installing: /home/dl/ros2_ws/install/more_interfaces/local/lib/python3.10/dist-packages/more_interfaces-0.0.0-py3.10.egg-info/top_level.txt
[6.524s] -- Up-to-date: /home/dl/ros2_ws/install/more_interfaces/local/lib/python3.10/dist-packages/more_interfaces
[6.524s] -- Up-to-date: /home/dl/ros2_ws/install/more_interfaces/local/lib/python3.10/dist-packages/more_interfaces/msg
[6.524s] -- Up-to-date: /home/dl/ros2_ws/install/more_interfaces/local/lib/python3.10/dist-packages/more_interfaces/msg/_address_book_s.c
[6.524s] -- Up-to-date: /home/dl/ros2_ws/install/more_interfaces/local/lib/python3.10/dist-packages/more_interfaces/msg/_address_book.py
[6.524s] -- Up-to-date: /home/dl/ros2_ws/install/more_interfaces/local/lib/python3.10/dist-packages/more_interfaces/msg/__init__.py
[6.524s] -- Up-to-date: /home/dl/ros2_ws/install/more_interfaces/local/lib/python3.10/dist-packages/more_interfaces/libmore_interfaces__rosidl_generator_py.so
[6.524s] -- Up-to-date: /home/dl/ros2_ws/install/more_interfaces/local/lib/python3.10/dist-packages/more_interfaces/more_interfaces_s__rosidl_typesupport_c.cpython-310-x86_64-linux-gnu.so
[6.524s] -- Up-to-date: /home/dl/ros2_ws/install/more_interfaces/local/lib/python3.10/dist-packages/more_interfaces/more_interfaces_s__rosidl_typesupport_introspection_c.cpython-310-x86_64-linux-gnu.so
[6.524s] -- Up-to-date: /home/dl/ros2_ws/install/more_interfaces/local/lib/python3.10/dist-packages/more_interfaces/_more_interfaces_s.ep.rosidl_typesupport_introspection_c.c
[6.524s] -- Up-to-date: /home/dl/ros2_ws/install/more_interfaces/local/lib/python3.10/dist-packages/more_interfaces/more_interfaces_s__rosidl_typesupport_fastrtps_c.cpython-310-x86_64-linux-gnu.so
[6.525s] -- Up-to-date: /home/dl/ros2_ws/install/more_interfaces/local/lib/python3.10/dist-packages/more_interfaces/_more_interfaces_s.ep.rosidl_typesupport_fastrtps_c.c
[6.525s] -- Up-to-date: /home/dl/ros2_ws/install/more_interfaces/local/lib/python3.10/dist-packages/more_interfaces/_more_interfaces_s.ep.rosidl_typesupport_c.c
[6.525s] -- Up-to-date: /home/dl/ros2_ws/install/more_interfaces/local/lib/python3.10/dist-packages/more_interfaces/__init__.py
[6.542s] Listing '/home/dl/ros2_ws/install/more_interfaces/local/lib/python3.10/dist-packages/more_interfaces'...
[6.542s] Listing '/home/dl/ros2_ws/install/more_interfaces/local/lib/python3.10/dist-packages/more_interfaces/msg'...
[6.545s] -- Up-to-date: /home/dl/ros2_ws/install/more_interfaces/local/lib/python3.10/dist-packages/more_interfaces/more_interfaces_s__rosidl_typesupport_fastrtps_c.cpython-310-x86_64-linux-gnu.so
[6.546s] -- Up-to-date: /home/dl/ros2_ws/install/more_interfaces/local/lib/python3.10/dist-packages/more_interfaces/more_interfaces_s__rosidl_typesupport_introspection_c.cpython-310-x86_64-linux-gnu.so
[6.546s] -- Up-to-date: /home/dl/ros2_ws/install/more_interfaces/local/lib/python3.10/dist-packages/more_interfaces/more_interfaces_s__rosidl_typesupport_c.cpython-310-x86_64-linux-gnu.so
[6.546s] -- Up-to-date: /home/dl/ros2_ws/install/more_interfaces/lib/libmore_interfaces__rosidl_generator_py.so
[6.546s] -- Up-to-date: /home/dl/ros2_ws/install/more_interfaces/share/more_interfaces/msg/AddressBook.idl
[6.546s] -- Up-to-date: /home/dl/ros2_ws/install/more_interfaces/share/more_interfaces/msg/AddressBook.msg
[6.546s] -- Up-to-date: /home/dl/ros2_ws/install/more_interfaces/lib/more_interfaces/publish_address_book
[6.546s] -- Installing: /home/dl/ros2_ws/install/more_interfaces/lib/more_interfaces/subscribe_address_book
[6.550s] -- Set runtime path of "/home/dl/ros2_ws/install/more_interfaces/lib/more_interfaces/subscribe_address_book" to ""
[6.550s] -- Up-to-date: /home/dl/ros2_ws/install/more_interfaces/share/ament_index/resource_index/package_run_dependencies/more_interfaces
[6.550s] -- Up-to-date: /home/dl/ros2_ws/install/more_interfaces/share/ament_index/resource_index/parent_prefix_path/more_interfaces
[6.550s] -- Up-to-date: /home/dl/ros2_ws/install/more_interfaces/share/more_interfaces/environment/ament_prefix_path.sh
[6.550s] -- Up-to-date: /home/dl/ros2_ws/install/more_interfaces/share/more_interfaces/environment/ament_prefix_path.dsv
[6.550s] -- Up-to-date: /home/dl/ros2_ws/install/more_interfaces/share/more_interfaces/environment/path.sh
[6.550s] -- Up-to-date: /home/dl/ros2_ws/install/more_interfaces/share/more_interfaces/environment/path.dsv
[6.550s] -- Up-to-date: /home/dl/ros2_ws/install/more_interfaces/share/more_interfaces/local_setup.bash
[6.550s] -- Up-to-date: /home/dl/ros2_ws/install/more_interfaces/share/more_interfaces/local_setup.sh
[6.550s] -- Up-to-date: /home/dl/ros2_ws/install/more_interfaces/share/more_interfaces/local_setup.zsh
[6.550s] -- Up-to-date: /home/dl/ros2_ws/install/more_interfaces/share/more_interfaces/local_setup.dsv
[6.550s] -- Installing: /home/dl/ros2_ws/install/more_interfaces/share/more_interfaces/package.dsv
[6.550s] -- Up-to-date: /home/dl/ros2_ws/install/more_interfaces/share/ament_index/resource_index/packages/more_interfaces
[6.551s] -- Up-to-date: /home/dl/ros2_ws/install/more_interfaces/share/more_interfaces/cmake/export_more_interfaces__rosidl_generator_cExport.cmake
[6.551s] -- Up-to-date: /home/dl/ros2_ws/install/more_interfaces/share/more_interfaces/cmake/export_more_interfaces__rosidl_generator_cExport-noconfig.cmake
[6.551s] -- Up-to-date: /home/dl/ros2_ws/install/more_interfaces/share/more_interfaces/cmake/export_more_interfaces__rosidl_typesupport_fastrtps_cExport.cmake
[6.551s] -- Up-to-date: /home/dl/ros2_ws/install/more_interfaces/share/more_interfaces/cmake/export_more_interfaces__rosidl_typesupport_fastrtps_cExport-noconfig.cmake
[6.551s] -- Up-to-date: /home/dl/ros2_ws/install/more_interfaces/share/more_interfaces/cmake/more_interfaces__rosidl_typesupport_introspection_cExport.cmake
[6.551s] -- Up-to-date: /home/dl/ros2_ws/install/more_interfaces/share/more_interfaces/cmake/more_interfaces__rosidl_typesupport_introspection_cExport-noconfig.cmake
[6.551s] -- Up-to-date: /home/dl/ros2_ws/install/more_interfaces/share/more_interfaces/cmake/more_interfaces__rosidl_typesupport_cExport.cmake
[6.551s] -- Up-to-date: /home/dl/ros2_ws/install/more_interfaces/share/more_interfaces/cmake/more_interfaces__rosidl_typesupport_cExport-noconfig.cmake
[6.551s] -- Up-to-date: /home/dl/ros2_ws/install/more_interfaces/share/more_interfaces/cmake/export_more_interfaces__rosidl_generator_cppExport.cmake
[6.551s] -- Up-to-date: /home/dl/ros2_ws/install/more_interfaces/share/more_interfaces/cmake/export_more_interfaces__rosidl_typesupport_fastrtps_cppExport.cmake
[6.551s] -- Up-to-date: /home/dl/ros2_ws/install/more_interfaces/share/more_interfaces/cmake/export_more_interfaces__rosidl_typesupport_fastrtps_cppExport-noconfig.cmake
[6.551s] -- Up-to-date: /home/dl/ros2_ws/install/more_interfaces/share/more_interfaces/cmake/more_interfaces__rosidl_typesupport_introspection_cppExport.cmake
[6.551s] -- Up-to-date: /home/dl/ros2_ws/install/more_interfaces/share/more_interfaces/cmake/more_interfaces__rosidl_typesupport_introspection_cppExport-noconfig.cmake
[6.552s] -- Up-to-date: /home/dl/ros2_ws/install/more_interfaces/share/more_interfaces/cmake/more_interfaces__rosidl_typesupport_cppExport.cmake
[6.552s] -- Up-to-date: /home/dl/ros2_ws/install/more_interfaces/share/more_interfaces/cmake/more_interfaces__rosidl_typesupport_cppExport-noconfig.cmake
[6.552s] -- Up-to-date: /home/dl/ros2_ws/install/more_interfaces/share/more_interfaces/cmake/export_more_interfaces__rosidl_generator_pyExport.cmake
[6.552s] -- Up-to-date: /home/dl/ros2_ws/install/more_interfaces/share/more_interfaces/cmake/export_more_interfaces__rosidl_generator_pyExport-noconfig.cmake
[6.552s] -- Up-to-date: /home/dl/ros2_ws/install/more_interfaces/share/more_interfaces/cmake/rosidl_cmake-extras.cmake
[6.552s] -- Up-to-date: /home/dl/ros2_ws/install/more_interfaces/share/more_interfaces/cmake/ament_cmake_export_include_directories-extras.cmake
[6.552s] -- Up-to-date: /home/dl/ros2_ws/install/more_interfaces/share/more_interfaces/cmake/ament_cmake_export_libraries-extras.cmake
[6.552s] -- Up-to-date: /home/dl/ros2_ws/install/more_interfaces/share/more_interfaces/cmake/ament_cmake_export_targets-extras.cmake
[6.552s] -- Up-to-date: /home/dl/ros2_ws/install/more_interfaces/share/more_interfaces/cmake/rosidl_cmake_export_typesupport_targets-extras.cmake
[6.552s] -- Up-to-date: /home/dl/ros2_ws/install/more_interfaces/share/more_interfaces/cmake/ament_cmake_export_dependencies-extras.cmake
[6.553s] -- Up-to-date: /home/dl/ros2_ws/install/more_interfaces/share/more_interfaces/cmake/rosidl_cmake_export_typesupport_libraries-extras.cmake
[6.553s] -- Up-to-date: /home/dl/ros2_ws/install/more_interfaces/share/more_interfaces/cmake/more_interfacesConfig.cmake
[6.553s] -- Up-to-date: /home/dl/ros2_ws/install/more_interfaces/share/more_interfaces/cmake/more_interfacesConfig-version.cmake
[6.554s] -- Up-to-date: /home/dl/ros2_ws/install/more_interfaces/share/more_interfaces/package.xml
[6.554s] Invoked command in '/home/dl/ros2_ws/build/more_interfaces' returned '0': CMAKE_PREFIX_PATH=/opt/ros/humble /usr/bin/cmake --install /home/dl/ros2_ws/build/more_interfaces
