[0.010s] Invoking command in '/home/dl/ros2_ws/build/cpp_parameters': CMAKE_PREFIX_PATH=/opt/ros/humble /usr/bin/cmake /home/dl/ros2_ws/src/cpp_parameters -DCMAKE_INSTALL_PREFIX=/home/dl/ros2_ws/install/cpp_parameters
[0.088s] -- The C compiler identification is GNU 11.3.0
[0.152s] -- The CXX compiler identification is GNU 11.3.0
[0.161s] -- Detecting C compiler ABI info
[0.204s] -- Detecting C compiler ABI info - done
[0.210s] -- Check for working C compiler: /usr/bin/cc - skipped
[0.210s] -- Detecting C compile features
[0.211s] -- Detecting C compile features - done
[0.213s] -- Detecting CXX compiler ABI info
[0.263s] -- Detecting CXX compiler ABI info - done
[0.268s] -- Check for working CXX compiler: /usr/bin/c++ - skipped
[0.269s] -- Detecting CXX compile features
[0.269s] -- Detecting CXX compile features - done
[0.272s] -- Found ament_cmake: 1.3.4 (/opt/ros/humble/share/ament_cmake/cmake)
[0.383s] -- Found Python3: /usr/bin/python3.10 (found version "3.10.6") found components: Interpreter 
[0.457s] -- Found rclcpp: 16.0.4 (/opt/ros/humble/share/rclcpp/cmake)
[0.500s] -- Found rosidl_generator_c: 3.1.4 (/opt/ros/humble/share/rosidl_generator_c/cmake)
[0.504s] -- Found rosidl_adapter: 3.1.4 (/opt/ros/humble/share/rosidl_adapter/cmake)
[0.512s] -- Found rosidl_generator_cpp: 3.1.4 (/opt/ros/humble/share/rosidl_generator_cpp/cmake)
[0.525s] -- Using all available rosidl_typesupport_c: rosidl_typesupport_fastrtps_c;rosidl_typesupport_introspection_c
[0.541s] -- Using all available rosidl_typesupport_cpp: rosidl_typesupport_fastrtps_cpp;rosidl_typesupport_introspection_cpp
[0.599s] -- Found rmw_implementation_cmake: 6.1.1 (/opt/ros/humble/share/rmw_implementation_cmake/cmake)
[0.602s] -- Found rmw_fastrtps_cpp: 6.2.2 (/opt/ros/humble/share/rmw_fastrtps_cpp/cmake)
[0.674s] -- Found OpenSSL: /usr/lib/x86_64-linux-gnu/libcrypto.so (found version "3.0.2")  
[0.694s] -- Found FastRTPS: /opt/ros/humble/include  
[0.728s] -- Using RMW implementation 'rmw_fastrtps_cpp' as default
[0.740s] -- Looking for pthread.h
[0.787s] -- Looking for pthread.h - found
[0.787s] -- Performing Test CMAKE_HAVE_LIBC_PTHREAD
[0.832s] -- Performing Test CMAKE_HAVE_LIBC_PTHREAD - Success
[0.834s] -- Found Threads: TRUE  
[0.958s] -- Found ament_lint_auto: 0.12.6 (/opt/ros/humble/share/ament_lint_auto/cmake)
[1.016s] -- Added test 'cppcheck' to perform static code analysis on C / C++ code
[1.016s] -- Configured cppcheck include dirs: 
[1.016s] -- Configured cppcheck exclude dirs and/or files: 
[1.016s] -- Added test 'lint_cmake' to check CMake code style
[1.017s] -- Added test 'uncrustify' to check C / C++ code style
[1.017s] -- Configured uncrustify additional arguments: 
[1.018s] -- Added test 'xmllint' to check XML markup files
[1.020s] -- Configuring done
[1.027s] -- Generating done
[1.029s] -- Build files have been written to: /home/dl/ros2_ws/build/cpp_parameters
[1.037s] Invoked command in '/home/dl/ros2_ws/build/cpp_parameters' returned '0': CMAKE_PREFIX_PATH=/opt/ros/humble /usr/bin/cmake /home/dl/ros2_ws/src/cpp_parameters -DCMAKE_INSTALL_PREFIX=/home/dl/ros2_ws/install/cpp_parameters
[1.039s] Invoking command in '/home/dl/ros2_ws/build/cpp_parameters': CMAKE_PREFIX_PATH=/opt/ros/humble /usr/bin/cmake --build /home/dl/ros2_ws/build/cpp_parameters -- -j16 -l16
[1.069s] [ 50%] [32mBuilding CXX object CMakeFiles/minimal_param_node.dir/src/cpp_parameters_node.cpp.o[0m
[3.228s] [100%] [32m[1mLinking CXX executable minimal_param_node[0m
[3.318s] [100%] Built target minimal_param_node
[3.324s] Invoked command in '/home/dl/ros2_ws/build/cpp_parameters' returned '0': CMAKE_PREFIX_PATH=/opt/ros/humble /usr/bin/cmake --build /home/dl/ros2_ws/build/cpp_parameters -- -j16 -l16
[3.344s] Invoking command in '/home/dl/ros2_ws/build/cpp_parameters': CMAKE_PREFIX_PATH=/opt/ros/humble /usr/bin/cmake --install /home/dl/ros2_ws/build/cpp_parameters
[3.348s] -- Install configuration: ""
[3.349s] -- Installing: /home/dl/ros2_ws/install/cpp_parameters/lib/cpp_parameters/minimal_param_node
[3.349s] -- Set runtime path of "/home/dl/ros2_ws/install/cpp_parameters/lib/cpp_parameters/minimal_param_node" to ""
[3.349s] -- Installing: /home/dl/ros2_ws/install/cpp_parameters/share/ament_index/resource_index/package_run_dependencies/cpp_parameters
[3.349s] -- Installing: /home/dl/ros2_ws/install/cpp_parameters/share/ament_index/resource_index/parent_prefix_path/cpp_parameters
[3.349s] -- Installing: /home/dl/ros2_ws/install/cpp_parameters/share/cpp_parameters/environment/ament_prefix_path.sh
[3.349s] -- Installing: /home/dl/ros2_ws/install/cpp_parameters/share/cpp_parameters/environment/ament_prefix_path.dsv
[3.349s] -- Installing: /home/dl/ros2_ws/install/cpp_parameters/share/cpp_parameters/environment/path.sh
[3.350s] -- Installing: /home/dl/ros2_ws/install/cpp_parameters/share/cpp_parameters/environment/path.dsv
[3.350s] -- Installing: /home/dl/ros2_ws/install/cpp_parameters/share/cpp_parameters/local_setup.bash
[3.350s] -- Installing: /home/dl/ros2_ws/install/cpp_parameters/share/cpp_parameters/local_setup.sh
[3.350s] -- Installing: /home/dl/ros2_ws/install/cpp_parameters/share/cpp_parameters/local_setup.zsh
[3.350s] -- Installing: /home/dl/ros2_ws/install/cpp_parameters/share/cpp_parameters/local_setup.dsv
[3.350s] -- Installing: /home/dl/ros2_ws/install/cpp_parameters/share/cpp_parameters/package.dsv
[3.350s] -- Installing: /home/dl/ros2_ws/install/cpp_parameters/share/ament_index/resource_index/packages/cpp_parameters
[3.350s] -- Installing: /home/dl/ros2_ws/install/cpp_parameters/share/cpp_parameters/cmake/cpp_parametersConfig.cmake
[3.350s] -- Installing: /home/dl/ros2_ws/install/cpp_parameters/share/cpp_parameters/cmake/cpp_parametersConfig-version.cmake
[3.350s] -- Installing: /home/dl/ros2_ws/install/cpp_parameters/share/cpp_parameters/package.xml
[3.352s] Invoked command in '/home/dl/ros2_ws/build/cpp_parameters' returned '0': CMAKE_PREFIX_PATH=/opt/ros/humble /usr/bin/cmake --install /home/dl/ros2_ws/build/cpp_parameters
