[0.010s] Invoking command in '/home/dl/ros2_ws/build/cpp_pubsub': CMAKE_PREFIX_PATH=/opt/ros/humble /usr/bin/cmake --build /home/dl/ros2_ws/build/cpp_pubsub -- -j16 -l16
[0.028s] -- Found ament_cmake: 1.3.4 (/opt/ros/humble/share/ament_cmake/cmake)
[0.144s] -- Found rclcpp: 16.0.4 (/opt/ros/humble/share/rclcpp/cmake)
[0.181s] -- Found rosidl_generator_c: 3.1.4 (/opt/ros/humble/share/rosidl_generator_c/cmake)
[0.184s] -- Found rosidl_adapter: 3.1.4 (/opt/ros/humble/share/rosidl_adapter/cmake)
[0.192s] -- Found rosidl_generator_cpp: 3.1.4 (/opt/ros/humble/share/rosidl_generator_cpp/cmake)
[0.203s] -- Using all available rosidl_typesupport_c: rosidl_typesupport_fastrtps_c;rosidl_typesupport_introspection_c
[0.216s] -- Using all available rosidl_typesupport_cpp: rosidl_typesupport_fastrtps_cpp;rosidl_typesupport_introspection_cpp
[0.264s] -- Found rmw_implementation_cmake: 6.1.1 (/opt/ros/humble/share/rmw_implementation_cmake/cmake)
[0.266s] -- Found rmw_fastrtps_cpp: 6.2.2 (/opt/ros/humble/share/rmw_fastrtps_cpp/cmake)
[0.356s] -- Using RMW implementation 'rmw_fastrtps_cpp' as default
[0.547s] -- Configuring done
[0.561s] -- Generating done
[0.562s] -- Build files have been written to: /home/dl/ros2_ws/build/cpp_pubsub
[0.592s] [35m[1mConsolidate compiler generated dependencies of target talker[0m
[0.592s] [35m[1mConsolidate compiler generated dependencies of target listener[0m
[0.604s] [ 25%] [32mBuilding CXX object CMakeFiles/talker.dir/src/publisher_member_function.cpp.o[0m
[0.605s] [ 50%] [32mBuilding CXX object CMakeFiles/listener.dir/src/subscriber_member_function.cpp.o[0m
[3.704s] [ 75%] [32m[1mLinking CXX executable talker[0m
[3.853s] [ 75%] Built target talker
[6.337s] [100%] [32m[1mLinking CXX executable listener[0m
[6.562s] [100%] Built target listener
[6.569s] Invoked command in '/home/dl/ros2_ws/build/cpp_pubsub' returned '0': CMAKE_PREFIX_PATH=/opt/ros/humble /usr/bin/cmake --build /home/dl/ros2_ws/build/cpp_pubsub -- -j16 -l16
[6.590s] Invoking command in '/home/dl/ros2_ws/build/cpp_pubsub': CMAKE_PREFIX_PATH=/opt/ros/humble /usr/bin/cmake --install /home/dl/ros2_ws/build/cpp_pubsub
[6.593s] -- Install configuration: ""
[6.594s] -- Installing: /home/dl/ros2_ws/install/cpp_pubsub/lib/cpp_pubsub/talker
[6.595s] -- Set runtime path of "/home/dl/ros2_ws/install/cpp_pubsub/lib/cpp_pubsub/talker" to ""
[6.596s] -- Up-to-date: /home/dl/ros2_ws/install/cpp_pubsub/lib/cpp_pubsub/talker
[6.596s] -- Installing: /home/dl/ros2_ws/install/cpp_pubsub/lib/cpp_pubsub/listener
[6.599s] -- Set runtime path of "/home/dl/ros2_ws/install/cpp_pubsub/lib/cpp_pubsub/listener" to ""
[6.599s] -- Up-to-date: /home/dl/ros2_ws/install/cpp_pubsub/share/ament_index/resource_index/package_run_dependencies/cpp_pubsub
[6.599s] -- Up-to-date: /home/dl/ros2_ws/install/cpp_pubsub/share/ament_index/resource_index/parent_prefix_path/cpp_pubsub
[6.599s] -- Up-to-date: /home/dl/ros2_ws/install/cpp_pubsub/share/cpp_pubsub/environment/ament_prefix_path.sh
[6.599s] -- Installing: /home/dl/ros2_ws/install/cpp_pubsub/share/cpp_pubsub/environment/ament_prefix_path.dsv
[6.600s] -- Up-to-date: /home/dl/ros2_ws/install/cpp_pubsub/share/cpp_pubsub/environment/path.sh
[6.600s] -- Installing: /home/dl/ros2_ws/install/cpp_pubsub/share/cpp_pubsub/environment/path.dsv
[6.600s] -- Up-to-date: /home/dl/ros2_ws/install/cpp_pubsub/share/cpp_pubsub/local_setup.bash
[6.600s] -- Up-to-date: /home/dl/ros2_ws/install/cpp_pubsub/share/cpp_pubsub/local_setup.sh
[6.600s] -- Up-to-date: /home/dl/ros2_ws/install/cpp_pubsub/share/cpp_pubsub/local_setup.zsh
[6.600s] -- Installing: /home/dl/ros2_ws/install/cpp_pubsub/share/cpp_pubsub/local_setup.dsv
[6.600s] -- Installing: /home/dl/ros2_ws/install/cpp_pubsub/share/cpp_pubsub/package.dsv
[6.600s] -- Up-to-date: /home/dl/ros2_ws/install/cpp_pubsub/share/ament_index/resource_index/packages/cpp_pubsub
[6.600s] -- Up-to-date: /home/dl/ros2_ws/install/cpp_pubsub/share/cpp_pubsub/cmake/cpp_pubsubConfig.cmake
[6.600s] -- Up-to-date: /home/dl/ros2_ws/install/cpp_pubsub/share/cpp_pubsub/cmake/cpp_pubsubConfig-version.cmake
[6.600s] -- Up-to-date: /home/dl/ros2_ws/install/cpp_pubsub/share/cpp_pubsub/package.xml
[6.601s] Invoked command in '/home/dl/ros2_ws/build/cpp_pubsub' returned '0': CMAKE_PREFIX_PATH=/opt/ros/humble /usr/bin/cmake --install /home/dl/ros2_ws/build/cpp_pubsub
