[0.010s] Invoking command in '/home/dl/ros2_ws/build/cpp_pubsub': CMAKE_PREFIX_PATH=/opt/ros/humble /usr/bin/cmake --build /home/dl/ros2_ws/build/cpp_pubsub -- -j16 -l16
[0.051s] [100%] Built target talker
[0.051s] [100%] Built target listener
[0.058s] Invoked command in '/home/dl/ros2_ws/build/cpp_pubsub' returned '0': CMAKE_PREFIX_PATH=/opt/ros/humble /usr/bin/cmake --build /home/dl/ros2_ws/build/cpp_pubsub -- -j16 -l16
[0.084s] Invoking command in '/home/dl/ros2_ws/build/cpp_pubsub': CMAKE_PREFIX_PATH=/opt/ros/humble /usr/bin/cmake --install /home/dl/ros2_ws/build/cpp_pubsub
[0.091s] -- Install configuration: ""
[0.092s] -- Up-to-date: /home/dl/ros2_ws/install/cpp_pubsub/lib/cpp_pubsub/talker
[0.092s] -- Up-to-date: /home/dl/ros2_ws/install/cpp_pubsub/lib/cpp_pubsub/talker
[0.092s] -- Up-to-date: /home/dl/ros2_ws/install/cpp_pubsub/lib/cpp_pubsub/listener
[0.092s] -- Up-to-date: /home/dl/ros2_ws/install/cpp_pubsub/share/ament_index/resource_index/package_run_dependencies/cpp_pubsub
[0.092s] -- Up-to-date: /home/dl/ros2_ws/install/cpp_pubsub/share/ament_index/resource_index/parent_prefix_path/cpp_pubsub
[0.092s] -- Up-to-date: /home/dl/ros2_ws/install/cpp_pubsub/share/cpp_pubsub/environment/ament_prefix_path.sh
[0.092s] -- Up-to-date: /home/dl/ros2_ws/install/cpp_pubsub/share/cpp_pubsub/environment/ament_prefix_path.dsv
[0.092s] -- Up-to-date: /home/dl/ros2_ws/install/cpp_pubsub/share/cpp_pubsub/environment/path.sh
[0.092s] -- Up-to-date: /home/dl/ros2_ws/install/cpp_pubsub/share/cpp_pubsub/environment/path.dsv
[0.092s] -- Up-to-date: /home/dl/ros2_ws/install/cpp_pubsub/share/cpp_pubsub/local_setup.bash
[0.092s] -- Up-to-date: /home/dl/ros2_ws/install/cpp_pubsub/share/cpp_pubsub/local_setup.sh
[0.092s] -- Up-to-date: /home/dl/ros2_ws/install/cpp_pubsub/share/cpp_pubsub/local_setup.zsh
[0.092s] -- Up-to-date: /home/dl/ros2_ws/install/cpp_pubsub/share/cpp_pubsub/local_setup.dsv
[0.092s] -- Installing: /home/dl/ros2_ws/install/cpp_pubsub/share/cpp_pubsub/package.dsv
[0.092s] -- Up-to-date: /home/dl/ros2_ws/install/cpp_pubsub/share/ament_index/resource_index/packages/cpp_pubsub
[0.093s] -- Up-to-date: /home/dl/ros2_ws/install/cpp_pubsub/share/cpp_pubsub/cmake/cpp_pubsubConfig.cmake
[0.093s] -- Up-to-date: /home/dl/ros2_ws/install/cpp_pubsub/share/cpp_pubsub/cmake/cpp_pubsubConfig-version.cmake
[0.093s] -- Up-to-date: /home/dl/ros2_ws/install/cpp_pubsub/share/cpp_pubsub/package.xml
[0.095s] Invoked command in '/home/dl/ros2_ws/build/cpp_pubsub' returned '0': CMAKE_PREFIX_PATH=/opt/ros/humble /usr/bin/cmake --install /home/dl/ros2_ws/build/cpp_pubsub
