[0.012s] Invoking command in '/home/dl/ros2_ws/build/more_interfaces': CMAKE_PREFIX_PATH=/opt/ros/humble /usr/bin/cmake /home/dl/ros2_ws/src/more_interfaces -DCMAKE_INSTALL_PREFIX=/home/dl/ros2_ws/install/more_interfaces
[0.114s] -- The C compiler identification is GNU 11.3.0
[0.190s] -- The CXX compiler identification is GNU 11.3.0
[0.200s] -- Detecting C compiler ABI info
[0.263s] -- Detecting C compiler ABI info - done
[0.268s] -- Check for working C compiler: /usr/bin/cc - skipped
[0.268s] -- Detecting C compile features
[0.269s] -- Detecting C compile features - done
[0.271s] -- Detecting CXX compiler ABI info
[0.333s] -- Detecting CXX compiler ABI info - done
[0.338s] -- Check for working CXX compiler: /usr/bin/c++ - skipped
[0.339s] -- Detecting CXX compile features
[0.339s] -- Detecting CXX compile features - done
[0.342s] -- Found ament_cmake: 1.3.4 (/opt/ros/humble/share/ament_cmake/cmake)
[0.479s] -- Found Python3: /usr/bin/python3.10 (found version "3.10.6") found components: Interpreter 
[0.580s] -- Found rosidl_default_generators: 1.2.0 (/opt/ros/humble/share/rosidl_default_generators/cmake)
[0.584s] -- Using all available rosidl_typesupport_c: rosidl_typesupport_fastrtps_c;rosidl_typesupport_introspection_c
[0.591s] -- Found rosidl_adapter: 3.1.4 (/opt/ros/humble/share/rosidl_adapter/cmake)
[0.630s] -- Using all available rosidl_typesupport_cpp: rosidl_typesupport_fastrtps_cpp;rosidl_typesupport_introspection_cpp
[0.662s] -- Found rclcpp: 16.0.4 (/opt/ros/humble/share/rclcpp/cmake)
[0.734s] -- Found rmw_implementation_cmake: 6.1.1 (/opt/ros/humble/share/rmw_implementation_cmake/cmake)
[0.738s] -- Found rmw_fastrtps_cpp: 6.2.2 (/opt/ros/humble/share/rmw_fastrtps_cpp/cmake)
[0.811s] -- Found OpenSSL: /usr/lib/x86_64-linux-gnu/libcrypto.so (found version "3.0.2")  
[0.830s] -- Found FastRTPS: /opt/ros/humble/include  
[0.864s] -- Using RMW implementation 'rmw_fastrtps_cpp' as default
[0.876s] -- Looking for pthread.h
[0.926s] -- Looking for pthread.h - found
[0.927s] -- Performing Test CMAKE_HAVE_LIBC_PTHREAD
[0.976s] -- Performing Test CMAKE_HAVE_LIBC_PTHREAD - Success
[0.977s] -- Found Threads: TRUE  
[1.279s] -- Found ament_cmake_ros: 0.10.0 (/opt/ros/humble/share/ament_cmake_ros/cmake)
[1.407s] -- Using all available rosidl_typesupport_c: rosidl_typesupport_fastrtps_c;rosidl_typesupport_introspection_c
[1.570s] -- Using all available rosidl_typesupport_cpp: rosidl_typesupport_fastrtps_cpp;rosidl_typesupport_introspection_cpp
[1.586s] -- Found PythonInterp: /usr/bin/python3 (found suitable version "3.10.6", minimum required is "3.6") 
[1.588s] -- Found python_cmake_module: 0.10.0 (/opt/ros/humble/share/python_cmake_module/cmake)
[1.607s] -- Found PythonLibs: /usr/lib/x86_64-linux-gnu/libpython3.10.so (found suitable version "3.10.6", minimum required is "3.5") 
[1.608s] -- Using PYTHON_EXECUTABLE: /usr/bin/python3
[1.608s] -- Using PYTHON_INCLUDE_DIRS: /usr/include/python3.10
[1.608s] -- Using PYTHON_LIBRARIES: /usr/lib/x86_64-linux-gnu/libpython3.10.so
[1.622s] -- Found PythonExtra: .so  
[1.646s] -- Found ament_lint_auto: 0.12.6 (/opt/ros/humble/share/ament_lint_auto/cmake)
[1.666s] -- Added test 'cppcheck' to perform static code analysis on C / C++ code
[1.666s] -- Configured cppcheck include dirs: 
[1.666s] -- Configured cppcheck exclude dirs and/or files: 
[1.667s] -- Added test 'lint_cmake' to check CMake code style
[1.668s] -- Added test 'uncrustify' to check C / C++ code style
[1.668s] -- Configured uncrustify additional arguments: 
[1.669s] -- Added test 'xmllint' to check XML markup files
[1.671s] -- Configuring done
[1.692s] -- Generating done
[1.694s] -- Build files have been written to: /home/dl/ros2_ws/build/more_interfaces
[1.703s] Invoked command in '/home/dl/ros2_ws/build/more_interfaces' returned '0': CMAKE_PREFIX_PATH=/opt/ros/humble /usr/bin/cmake /home/dl/ros2_ws/src/more_interfaces -DCMAKE_INSTALL_PREFIX=/home/dl/ros2_ws/install/more_interfaces
[1.706s] Invoking command in '/home/dl/ros2_ws/build/more_interfaces': CMAKE_PREFIX_PATH=/opt/ros/humble /usr/bin/cmake --build /home/dl/ros2_ws/build/more_interfaces -- -j16 -l16
[1.730s] [  3%] [34m[1mGenerating C code for ROS interfaces[0m
[1.736s] [  6%] [34m[1mGenerating C++ code for ROS interfaces[0m
[1.743s] [  6%] Built target ament_cmake_python_copy_more_interfaces
[1.922s] [  6%] Built target more_interfaces__cpp
[1.929s] running egg_info
[1.929s] [ 15%] [34m[1mGenerating C++ type support dispatch for ROS interfaces[0m
[1.930s] [ 15%] [34m[1mGenerating C++ introspection for ROS interfaces[0m
[1.930s] [ 15%] [34m[1mGenerating C++ type support for eProsima Fast-RTPS[0m
[1.930s] creating more_interfaces.egg-info
[1.930s] writing more_interfaces.egg-info/PKG-INFO
[1.930s] writing dependency_links to more_interfaces.egg-info/dependency_links.txt
[1.931s] writing top-level names to more_interfaces.egg-info/top_level.txt
[1.931s] writing manifest file 'more_interfaces.egg-info/SOURCES.txt'
[1.935s] reading manifest file 'more_interfaces.egg-info/SOURCES.txt'
[1.936s] writing manifest file 'more_interfaces.egg-info/SOURCES.txt'
[1.967s] [ 18%] [32mBuilding C object CMakeFiles/more_interfaces__rosidl_generator_c.dir/rosidl_generator_c/more_interfaces/msg/detail/address_book__functions.c.o[0m
[1.972s] [ 18%] Built target ament_cmake_python_build_more_interfaces_egg
[2.001s] [ 21%] [32m[1mLinking C shared library libmore_interfaces__rosidl_generator_c.so[0m
[2.026s] [ 21%] Built target more_interfaces__rosidl_generator_c
[2.033s] [ 30%] [34m[1mGenerating C type support dispatch for ROS interfaces[0m
[2.033s] [ 30%] [34m[1mGenerating C type support for eProsima Fast-RTPS[0m
[2.033s] [ 30%] [34m[1mGenerating C introspection for ROS interfaces[0m
[2.108s] [ 33%] [32mBuilding CXX object CMakeFiles/more_interfaces__rosidl_typesupport_cpp.dir/rosidl_typesupport_cpp/more_interfaces/msg/address_book__type_support.cpp.o[0m
[2.119s] [ 39%] [32mBuilding CXX object CMakeFiles/more_interfaces__rosidl_typesupport_introspection_cpp.dir/rosidl_typesupport_introspection_cpp/more_interfaces/msg/detail/address_book__type_support.cpp.o[0m
[2.119s] [ 39%] [32mBuilding CXX object CMakeFiles/more_interfaces__rosidl_typesupport_fastrtps_cpp.dir/rosidl_typesupport_fastrtps_cpp/more_interfaces/msg/detail/dds_fastrtps/address_book__type_support.cpp.o[0m
[2.233s] [ 45%] [32mBuilding C object CMakeFiles/more_interfaces__rosidl_typesupport_introspection_c.dir/rosidl_typesupport_introspection_c/more_interfaces/msg/detail/address_book__type_support.c.o[0m
[2.234s] [ 45%] [32mBuilding CXX object CMakeFiles/more_interfaces__rosidl_typesupport_c.dir/rosidl_typesupport_c/more_interfaces/msg/address_book__type_support.cpp.o[0m
[2.239s] [ 48%] [32mBuilding CXX object CMakeFiles/more_interfaces__rosidl_typesupport_fastrtps_c.dir/rosidl_typesupport_fastrtps_c/more_interfaces/msg/detail/address_book__type_support_c.cpp.o[0m
[2.256s] [ 54%] [32m[1mLinking CXX shared library libmore_interfaces__rosidl_typesupport_c.so[0m
[2.256s] [ 54%] [32m[1mLinking C shared library libmore_interfaces__rosidl_typesupport_introspection_c.so[0m
[2.278s] [ 54%] Built target more_interfaces__rosidl_typesupport_introspection_c
[2.284s] [ 54%] Built target more_interfaces__rosidl_typesupport_c
[2.319s] [ 57%] [32m[1mLinking CXX shared library libmore_interfaces__rosidl_typesupport_cpp.so[0m
[2.346s] [ 57%] Built target more_interfaces__rosidl_typesupport_cpp
[2.360s] [ 60%] [32mBuilding CXX object CMakeFiles/publish_address_book.dir/src/publish_address_book.cpp.o[0m
[2.412s] [ 63%] [32m[1mLinking CXX shared library libmore_interfaces__rosidl_typesupport_introspection_cpp.so[0m
[2.420s] [ 66%] [32m[1mLinking CXX shared library libmore_interfaces__rosidl_typesupport_fastrtps_cpp.so[0m
[2.460s] [ 66%] Built target more_interfaces__rosidl_typesupport_introspection_cpp
[2.476s] [ 66%] Built target more_interfaces__rosidl_typesupport_fastrtps_cpp
[2.493s] [ 69%] [32m[1mLinking CXX shared library libmore_interfaces__rosidl_typesupport_fastrtps_c.so[0m
[2.544s] [ 69%] Built target more_interfaces__rosidl_typesupport_fastrtps_c
[2.557s] [ 69%] Built target more_interfaces
[2.569s] [ 72%] [34m[1mGenerating Python code for ROS interfaces[0m
[2.792s] [ 72%] Built target more_interfaces__py
[2.804s] [ 75%] [32mBuilding C object CMakeFiles/more_interfaces__rosidl_generator_py.dir/rosidl_generator_py/more_interfaces/msg/_address_book_s.c.o[0m
[2.906s] [ 78%] [32m[1mLinking C shared library rosidl_generator_py/more_interfaces/libmore_interfaces__rosidl_generator_py.so[0m
[2.931s] [ 78%] Built target more_interfaces__rosidl_generator_py
[2.946s] [ 87%] [32mBuilding C object CMakeFiles/more_interfaces__rosidl_typesupport_c__pyext.dir/rosidl_generator_py/more_interfaces/_more_interfaces_s.ep.rosidl_typesupport_c.c.o[0m
[2.946s] [ 87%] [32mBuilding C object CMakeFiles/more_interfaces__rosidl_typesupport_introspection_c__pyext.dir/rosidl_generator_py/more_interfaces/_more_interfaces_s.ep.rosidl_typesupport_introspection_c.c.o[0m
[2.946s] [ 87%] [32mBuilding C object CMakeFiles/more_interfaces__rosidl_typesupport_fastrtps_c__pyext.dir/rosidl_generator_py/more_interfaces/_more_interfaces_s.ep.rosidl_typesupport_fastrtps_c.c.o[0m
[3.004s] [ 96%] [32m[1mLinking C shared library rosidl_generator_py/more_interfaces/more_interfaces_s__rosidl_typesupport_fastrtps_c.cpython-310-x86_64-linux-gnu.so[0m
[3.005s] [ 96%] [32m[1mLinking C shared library rosidl_generator_py/more_interfaces/more_interfaces_s__rosidl_typesupport_c.cpython-310-x86_64-linux-gnu.so[0m
[3.005s] [ 96%] [32m[1mLinking C shared library rosidl_generator_py/more_interfaces/more_interfaces_s__rosidl_typesupport_introspection_c.cpython-310-x86_64-linux-gnu.so[0m
[3.026s] [ 96%] Built target more_interfaces__rosidl_typesupport_fastrtps_c__pyext
[3.026s] [ 96%] Built target more_interfaces__rosidl_typesupport_introspection_c__pyext
[3.026s] [ 96%] Built target more_interfaces__rosidl_typesupport_c__pyext
[5.485s] [100%] [32m[1mLinking CXX executable publish_address_book[0m
[5.641s] [100%] Built target publish_address_book
[5.648s] Invoked command in '/home/dl/ros2_ws/build/more_interfaces' returned '0': CMAKE_PREFIX_PATH=/opt/ros/humble /usr/bin/cmake --build /home/dl/ros2_ws/build/more_interfaces -- -j16 -l16
[5.692s] Invoking command in '/home/dl/ros2_ws/build/more_interfaces': CMAKE_PREFIX_PATH=/opt/ros/humble /usr/bin/cmake --install /home/dl/ros2_ws/build/more_interfaces
[5.697s] -- Install configuration: ""
[5.697s] -- Installing: /home/dl/ros2_ws/install/more_interfaces/share/ament_index/resource_index/rosidl_interfaces/more_interfaces
[5.697s] -- Installing: /home/dl/ros2_ws/install/more_interfaces/include/more_interfaces/more_interfaces
[5.697s] -- Installing: /home/dl/ros2_ws/install/more_interfaces/include/more_interfaces/more_interfaces/msg
[5.697s] -- Installing: /home/dl/ros2_ws/install/more_interfaces/include/more_interfaces/more_interfaces/msg/detail
[5.697s] -- Installing: /home/dl/ros2_ws/install/more_interfaces/include/more_interfaces/more_interfaces/msg/detail/address_book__functions.c
[5.697s] -- Installing: /home/dl/ros2_ws/install/more_interfaces/include/more_interfaces/more_interfaces/msg/detail/address_book__type_support.h
[5.697s] -- Installing: /home/dl/ros2_ws/install/more_interfaces/include/more_interfaces/more_interfaces/msg/detail/address_book__functions.h
[5.697s] -- Installing: /home/dl/ros2_ws/install/more_interfaces/include/more_interfaces/more_interfaces/msg/detail/address_book__struct.h
[5.697s] -- Installing: /home/dl/ros2_ws/install/more_interfaces/include/more_interfaces/more_interfaces/msg/rosidl_generator_c__visibility_control.h
[5.697s] -- Installing: /home/dl/ros2_ws/install/more_interfaces/include/more_interfaces/more_interfaces/msg/address_book.h
[5.697s] -- Installing: /home/dl/ros2_ws/install/more_interfaces/share/more_interfaces/environment/library_path.sh
[5.698s] -- Installing: /home/dl/ros2_ws/install/more_interfaces/share/more_interfaces/environment/library_path.dsv
[5.698s] -- Installing: /home/dl/ros2_ws/install/more_interfaces/lib/libmore_interfaces__rosidl_generator_c.so
[5.698s] -- Set runtime path of "/home/dl/ros2_ws/install/more_interfaces/lib/libmore_interfaces__rosidl_generator_c.so" to ""
[5.698s] -- Up-to-date: /home/dl/ros2_ws/install/more_interfaces/include/more_interfaces/more_interfaces
[5.698s] -- Up-to-date: /home/dl/ros2_ws/install/more_interfaces/include/more_interfaces/more_interfaces/msg
[5.698s] -- Up-to-date: /home/dl/ros2_ws/install/more_interfaces/include/more_interfaces/more_interfaces/msg/detail
[5.698s] -- Installing: /home/dl/ros2_ws/install/more_interfaces/include/more_interfaces/more_interfaces/msg/detail/address_book__rosidl_typesupport_fastrtps_c.h
[5.698s] -- Installing: /home/dl/ros2_ws/install/more_interfaces/include/more_interfaces/more_interfaces/msg/rosidl_typesupport_fastrtps_c__visibility_control.h
[5.698s] -- Installing: /home/dl/ros2_ws/install/more_interfaces/lib/libmore_interfaces__rosidl_typesupport_fastrtps_c.so
[5.698s] -- Set runtime path of "/home/dl/ros2_ws/install/more_interfaces/lib/libmore_interfaces__rosidl_typesupport_fastrtps_c.so" to ""
[5.698s] -- Up-to-date: /home/dl/ros2_ws/install/more_interfaces/include/more_interfaces/more_interfaces
[5.698s] -- Up-to-date: /home/dl/ros2_ws/install/more_interfaces/include/more_interfaces/more_interfaces/msg
[5.699s] -- Installing: /home/dl/ros2_ws/install/more_interfaces/include/more_interfaces/more_interfaces/msg/rosidl_typesupport_introspection_c__visibility_control.h
[5.699s] -- Up-to-date: /home/dl/ros2_ws/install/more_interfaces/include/more_interfaces/more_interfaces/msg/detail
[5.699s] -- Installing: /home/dl/ros2_ws/install/more_interfaces/include/more_interfaces/more_interfaces/msg/detail/address_book__type_support.c
[5.699s] -- Installing: /home/dl/ros2_ws/install/more_interfaces/include/more_interfaces/more_interfaces/msg/detail/address_book__rosidl_typesupport_introspection_c.h
[5.699s] -- Installing: /home/dl/ros2_ws/install/more_interfaces/lib/libmore_interfaces__rosidl_typesupport_introspection_c.so
[5.699s] -- Set runtime path of "/home/dl/ros2_ws/install/more_interfaces/lib/libmore_interfaces__rosidl_typesupport_introspection_c.so" to ""
[5.699s] -- Installing: /home/dl/ros2_ws/install/more_interfaces/lib/libmore_interfaces__rosidl_typesupport_c.so
[5.699s] -- Set runtime path of "/home/dl/ros2_ws/install/more_interfaces/lib/libmore_interfaces__rosidl_typesupport_c.so" to ""
[5.699s] -- Up-to-date: /home/dl/ros2_ws/install/more_interfaces/include/more_interfaces/more_interfaces
[5.699s] -- Up-to-date: /home/dl/ros2_ws/install/more_interfaces/include/more_interfaces/more_interfaces/msg
[5.699s] -- Up-to-date: /home/dl/ros2_ws/install/more_interfaces/include/more_interfaces/more_interfaces/msg/detail
[5.699s] -- Installing: /home/dl/ros2_ws/install/more_interfaces/include/more_interfaces/more_interfaces/msg/detail/address_book__struct.hpp
[5.699s] -- Installing: /home/dl/ros2_ws/install/more_interfaces/include/more_interfaces/more_interfaces/msg/detail/address_book__builder.hpp
[5.699s] -- Installing: /home/dl/ros2_ws/install/more_interfaces/include/more_interfaces/more_interfaces/msg/detail/address_book__traits.hpp
[5.699s] -- Installing: /home/dl/ros2_ws/install/more_interfaces/include/more_interfaces/more_interfaces/msg/address_book.hpp
[5.699s] -- Up-to-date: /home/dl/ros2_ws/install/more_interfaces/include/more_interfaces/more_interfaces
[5.699s] -- Up-to-date: /home/dl/ros2_ws/install/more_interfaces/include/more_interfaces/more_interfaces/msg
[5.699s] -- Installing: /home/dl/ros2_ws/install/more_interfaces/include/more_interfaces/more_interfaces/msg/rosidl_typesupport_fastrtps_cpp__visibility_control.h
[5.699s] -- Up-to-date: /home/dl/ros2_ws/install/more_interfaces/include/more_interfaces/more_interfaces/msg/detail
[5.700s] -- Installing: /home/dl/ros2_ws/install/more_interfaces/include/more_interfaces/more_interfaces/msg/detail/dds_fastrtps
[5.700s] -- Installing: /home/dl/ros2_ws/install/more_interfaces/include/more_interfaces/more_interfaces/msg/detail/address_book__rosidl_typesupport_fastrtps_cpp.hpp
[5.700s] -- Installing: /home/dl/ros2_ws/install/more_interfaces/lib/libmore_interfaces__rosidl_typesupport_fastrtps_cpp.so
[5.700s] -- Set runtime path of "/home/dl/ros2_ws/install/more_interfaces/lib/libmore_interfaces__rosidl_typesupport_fastrtps_cpp.so" to ""
[5.700s] -- Up-to-date: /home/dl/ros2_ws/install/more_interfaces/include/more_interfaces/more_interfaces
[5.700s] -- Up-to-date: /home/dl/ros2_ws/install/more_interfaces/include/more_interfaces/more_interfaces/msg
[5.700s] -- Up-to-date: /home/dl/ros2_ws/install/more_interfaces/include/more_interfaces/more_interfaces/msg/detail
[5.700s] -- Installing: /home/dl/ros2_ws/install/more_interfaces/include/more_interfaces/more_interfaces/msg/detail/address_book__rosidl_typesupport_introspection_cpp.hpp
[5.700s] -- Installing: /home/dl/ros2_ws/install/more_interfaces/include/more_interfaces/more_interfaces/msg/detail/address_book__type_support.cpp
[5.700s] -- Installing: /home/dl/ros2_ws/install/more_interfaces/lib/libmore_interfaces__rosidl_typesupport_introspection_cpp.so
[5.700s] -- Set runtime path of "/home/dl/ros2_ws/install/more_interfaces/lib/libmore_interfaces__rosidl_typesupport_introspection_cpp.so" to ""
[5.700s] -- Installing: /home/dl/ros2_ws/install/more_interfaces/lib/libmore_interfaces__rosidl_typesupport_cpp.so
[5.700s] -- Set runtime path of "/home/dl/ros2_ws/install/more_interfaces/lib/libmore_interfaces__rosidl_typesupport_cpp.so" to ""
[5.700s] -- Installing: /home/dl/ros2_ws/install/more_interfaces/share/more_interfaces/environment/pythonpath.sh
[5.700s] -- Installing: /home/dl/ros2_ws/install/more_interfaces/share/more_interfaces/environment/pythonpath.dsv
[5.701s] -- Installing: /home/dl/ros2_ws/install/more_interfaces/local/lib/python3.10/dist-packages/more_interfaces-0.0.0-py3.10.egg-info
[5.701s] -- Installing: /home/dl/ros2_ws/install/more_interfaces/local/lib/python3.10/dist-packages/more_interfaces-0.0.0-py3.10.egg-info/PKG-INFO
[5.701s] -- Installing: /home/dl/ros2_ws/install/more_interfaces/local/lib/python3.10/dist-packages/more_interfaces-0.0.0-py3.10.egg-info/dependency_links.txt
[5.701s] -- Installing: /home/dl/ros2_ws/install/more_interfaces/local/lib/python3.10/dist-packages/more_interfaces-0.0.0-py3.10.egg-info/SOURCES.txt
[5.701s] -- Installing: /home/dl/ros2_ws/install/more_interfaces/local/lib/python3.10/dist-packages/more_interfaces-0.0.0-py3.10.egg-info/top_level.txt
[5.701s] -- Installing: /home/dl/ros2_ws/install/more_interfaces/local/lib/python3.10/dist-packages/more_interfaces
[5.701s] -- Installing: /home/dl/ros2_ws/install/more_interfaces/local/lib/python3.10/dist-packages/more_interfaces/msg
[5.701s] -- Installing: /home/dl/ros2_ws/install/more_interfaces/local/lib/python3.10/dist-packages/more_interfaces/msg/_address_book_s.c
[5.701s] -- Installing: /home/dl/ros2_ws/install/more_interfaces/local/lib/python3.10/dist-packages/more_interfaces/msg/_address_book.py
[5.701s] -- Installing: /home/dl/ros2_ws/install/more_interfaces/local/lib/python3.10/dist-packages/more_interfaces/msg/__init__.py
[5.701s] -- Installing: /home/dl/ros2_ws/install/more_interfaces/local/lib/python3.10/dist-packages/more_interfaces/libmore_interfaces__rosidl_generator_py.so
[5.701s] -- Installing: /home/dl/ros2_ws/install/more_interfaces/local/lib/python3.10/dist-packages/more_interfaces/more_interfaces_s__rosidl_typesupport_c.cpython-310-x86_64-linux-gnu.so
[5.702s] -- Installing: /home/dl/ros2_ws/install/more_interfaces/local/lib/python3.10/dist-packages/more_interfaces/more_interfaces_s__rosidl_typesupport_introspection_c.cpython-310-x86_64-linux-gnu.so
[5.702s] -- Installing: /home/dl/ros2_ws/install/more_interfaces/local/lib/python3.10/dist-packages/more_interfaces/_more_interfaces_s.ep.rosidl_typesupport_introspection_c.c
[5.702s] -- Installing: /home/dl/ros2_ws/install/more_interfaces/local/lib/python3.10/dist-packages/more_interfaces/more_interfaces_s__rosidl_typesupport_fastrtps_c.cpython-310-x86_64-linux-gnu.so
[5.702s] -- Installing: /home/dl/ros2_ws/install/more_interfaces/local/lib/python3.10/dist-packages/more_interfaces/_more_interfaces_s.ep.rosidl_typesupport_fastrtps_c.c
[5.702s] -- Installing: /home/dl/ros2_ws/install/more_interfaces/local/lib/python3.10/dist-packages/more_interfaces/_more_interfaces_s.ep.rosidl_typesupport_c.c
[5.702s] -- Installing: /home/dl/ros2_ws/install/more_interfaces/local/lib/python3.10/dist-packages/more_interfaces/__init__.py
[5.724s] Listing '/home/dl/ros2_ws/install/more_interfaces/local/lib/python3.10/dist-packages/more_interfaces'...
[5.724s] Compiling '/home/dl/ros2_ws/install/more_interfaces/local/lib/python3.10/dist-packages/more_interfaces/__init__.py'...
[5.724s] Listing '/home/dl/ros2_ws/install/more_interfaces/local/lib/python3.10/dist-packages/more_interfaces/msg'...
[5.724s] Compiling '/home/dl/ros2_ws/install/more_interfaces/local/lib/python3.10/dist-packages/more_interfaces/msg/__init__.py'...
[5.724s] Compiling '/home/dl/ros2_ws/install/more_interfaces/local/lib/python3.10/dist-packages/more_interfaces/msg/_address_book.py'...
[5.727s] -- Installing: /home/dl/ros2_ws/install/more_interfaces/local/lib/python3.10/dist-packages/more_interfaces/more_interfaces_s__rosidl_typesupport_fastrtps_c.cpython-310-x86_64-linux-gnu.so
[5.727s] -- Set runtime path of "/home/dl/ros2_ws/install/more_interfaces/local/lib/python3.10/dist-packages/more_interfaces/more_interfaces_s__rosidl_typesupport_fastrtps_c.cpython-310-x86_64-linux-gnu.so" to ""
[5.727s] -- Installing: /home/dl/ros2_ws/install/more_interfaces/local/lib/python3.10/dist-packages/more_interfaces/more_interfaces_s__rosidl_typesupport_introspection_c.cpython-310-x86_64-linux-gnu.so
[5.727s] -- Set runtime path of "/home/dl/ros2_ws/install/more_interfaces/local/lib/python3.10/dist-packages/more_interfaces/more_interfaces_s__rosidl_typesupport_introspection_c.cpython-310-x86_64-linux-gnu.so" to ""
[5.728s] -- Installing: /home/dl/ros2_ws/install/more_interfaces/local/lib/python3.10/dist-packages/more_interfaces/more_interfaces_s__rosidl_typesupport_c.cpython-310-x86_64-linux-gnu.so
[5.728s] -- Set runtime path of "/home/dl/ros2_ws/install/more_interfaces/local/lib/python3.10/dist-packages/more_interfaces/more_interfaces_s__rosidl_typesupport_c.cpython-310-x86_64-linux-gnu.so" to ""
[5.728s] -- Installing: /home/dl/ros2_ws/install/more_interfaces/lib/libmore_interfaces__rosidl_generator_py.so
[5.728s] -- Set runtime path of "/home/dl/ros2_ws/install/more_interfaces/lib/libmore_interfaces__rosidl_generator_py.so" to ""
[5.728s] -- Installing: /home/dl/ros2_ws/install/more_interfaces/share/more_interfaces/msg/AddressBook.idl
[5.728s] -- Installing: /home/dl/ros2_ws/install/more_interfaces/share/more_interfaces/msg/AddressBook.msg
[5.729s] -- Installing: /home/dl/ros2_ws/install/more_interfaces/lib/more_interfaces/publish_address_book
[5.729s] -- Set runtime path of "/home/dl/ros2_ws/install/more_interfaces/lib/more_interfaces/publish_address_book" to ""
[5.729s] -- Installing: /home/dl/ros2_ws/install/more_interfaces/share/ament_index/resource_index/package_run_dependencies/more_interfaces
[5.730s] -- Installing: /home/dl/ros2_ws/install/more_interfaces/share/ament_index/resource_index/parent_prefix_path/more_interfaces
[5.730s] -- Installing: /home/dl/ros2_ws/install/more_interfaces/share/more_interfaces/environment/ament_prefix_path.sh
[5.730s] -- Installing: /home/dl/ros2_ws/install/more_interfaces/share/more_interfaces/environment/ament_prefix_path.dsv
[5.730s] -- Installing: /home/dl/ros2_ws/install/more_interfaces/share/more_interfaces/environment/path.sh
[5.730s] -- Installing: /home/dl/ros2_ws/install/more_interfaces/share/more_interfaces/environment/path.dsv
[5.730s] -- Installing: /home/dl/ros2_ws/install/more_interfaces/share/more_interfaces/local_setup.bash
[5.730s] -- Installing: /home/dl/ros2_ws/install/more_interfaces/share/more_interfaces/local_setup.sh
[5.730s] -- Installing: /home/dl/ros2_ws/install/more_interfaces/share/more_interfaces/local_setup.zsh
[5.730s] -- Installing: /home/dl/ros2_ws/install/more_interfaces/share/more_interfaces/local_setup.dsv
[5.730s] -- Installing: /home/dl/ros2_ws/install/more_interfaces/share/more_interfaces/package.dsv
[5.731s] -- Installing: /home/dl/ros2_ws/install/more_interfaces/share/ament_index/resource_index/packages/more_interfaces
[5.731s] -- Installing: /home/dl/ros2_ws/install/more_interfaces/share/more_interfaces/cmake/export_more_interfaces__rosidl_generator_cExport.cmake
[5.731s] -- Installing: /home/dl/ros2_ws/install/more_interfaces/share/more_interfaces/cmake/export_more_interfaces__rosidl_generator_cExport-noconfig.cmake
[5.731s] -- Installing: /home/dl/ros2_ws/install/more_interfaces/share/more_interfaces/cmake/export_more_interfaces__rosidl_typesupport_fastrtps_cExport.cmake
[5.731s] -- Installing: /home/dl/ros2_ws/install/more_interfaces/share/more_interfaces/cmake/export_more_interfaces__rosidl_typesupport_fastrtps_cExport-noconfig.cmake
[5.731s] -- Installing: /home/dl/ros2_ws/install/more_interfaces/share/more_interfaces/cmake/more_interfaces__rosidl_typesupport_introspection_cExport.cmake
[5.731s] -- Installing: /home/dl/ros2_ws/install/more_interfaces/share/more_interfaces/cmake/more_interfaces__rosidl_typesupport_introspection_cExport-noconfig.cmake
[5.731s] -- Installing: /home/dl/ros2_ws/install/more_interfaces/share/more_interfaces/cmake/more_interfaces__rosidl_typesupport_cExport.cmake
[5.731s] -- Installing: /home/dl/ros2_ws/install/more_interfaces/share/more_interfaces/cmake/more_interfaces__rosidl_typesupport_cExport-noconfig.cmake
[5.732s] -- Installing: /home/dl/ros2_ws/install/more_interfaces/share/more_interfaces/cmake/export_more_interfaces__rosidl_generator_cppExport.cmake
[5.732s] -- Installing: /home/dl/ros2_ws/install/more_interfaces/share/more_interfaces/cmake/export_more_interfaces__rosidl_typesupport_fastrtps_cppExport.cmake
[5.732s] -- Installing: /home/dl/ros2_ws/install/more_interfaces/share/more_interfaces/cmake/export_more_interfaces__rosidl_typesupport_fastrtps_cppExport-noconfig.cmake
[5.732s] -- Installing: /home/dl/ros2_ws/install/more_interfaces/share/more_interfaces/cmake/more_interfaces__rosidl_typesupport_introspection_cppExport.cmake
[5.732s] -- Installing: /home/dl/ros2_ws/install/more_interfaces/share/more_interfaces/cmake/more_interfaces__rosidl_typesupport_introspection_cppExport-noconfig.cmake
[5.732s] -- Installing: /home/dl/ros2_ws/install/more_interfaces/share/more_interfaces/cmake/more_interfaces__rosidl_typesupport_cppExport.cmake
[5.732s] -- Installing: /home/dl/ros2_ws/install/more_interfaces/share/more_interfaces/cmake/more_interfaces__rosidl_typesupport_cppExport-noconfig.cmake
[5.732s] -- Installing: /home/dl/ros2_ws/install/more_interfaces/share/more_interfaces/cmake/export_more_interfaces__rosidl_generator_pyExport.cmake
[5.733s] -- Installing: /home/dl/ros2_ws/install/more_interfaces/share/more_interfaces/cmake/export_more_interfaces__rosidl_generator_pyExport-noconfig.cmake
[5.733s] -- Installing: /home/dl/ros2_ws/install/more_interfaces/share/more_interfaces/cmake/rosidl_cmake-extras.cmake
[5.733s] -- Installing: /home/dl/ros2_ws/install/more_interfaces/share/more_interfaces/cmake/ament_cmake_export_include_directories-extras.cmake
[5.733s] -- Installing: /home/dl/ros2_ws/install/more_interfaces/share/more_interfaces/cmake/ament_cmake_export_libraries-extras.cmake
[5.733s] -- Installing: /home/dl/ros2_ws/install/more_interfaces/share/more_interfaces/cmake/ament_cmake_export_targets-extras.cmake
[5.733s] -- Installing: /home/dl/ros2_ws/install/more_interfaces/share/more_interfaces/cmake/rosidl_cmake_export_typesupport_targets-extras.cmake
[5.733s] -- Installing: /home/dl/ros2_ws/install/more_interfaces/share/more_interfaces/cmake/ament_cmake_export_dependencies-extras.cmake
[5.733s] -- Installing: /home/dl/ros2_ws/install/more_interfaces/share/more_interfaces/cmake/rosidl_cmake_export_typesupport_libraries-extras.cmake
[5.733s] -- Installing: /home/dl/ros2_ws/install/more_interfaces/share/more_interfaces/cmake/more_interfacesConfig.cmake
[5.734s] -- Installing: /home/dl/ros2_ws/install/more_interfaces/share/more_interfaces/cmake/more_interfacesConfig-version.cmake
[5.734s] -- Installing: /home/dl/ros2_ws/install/more_interfaces/share/more_interfaces/package.xml
[5.736s] Invoked command in '/home/dl/ros2_ws/build/more_interfaces' returned '0': CMAKE_PREFIX_PATH=/opt/ros/humble /usr/bin/cmake --install /home/dl/ros2_ws/build/more_interfaces
